Log file open, 01/27/18 11:05:11
LogWindows: Failed to load 'aqProf.dll' (GetLastError=126)
LogWindows: File 'aqProf.dll' does not exist
LogWindows: Failed to load 'VtuneApi.dll' (GetLastError=126)
LogWindows: File 'VtuneApi.dll' does not exist
LogWindows: Failed to load 'VtuneApi32e.dll' (GetLastError=126)
LogWindows: File 'VtuneApi32e.dll' does not exist
LogInit: Display: Running engine for game: TRANSmission
LogPlatformFile: Not using cached read wrapper
LogInit: Display: RandInit(826221817) SRandInit(826221817).
LogInit: Read version file with build ID '3709383'
LogInit: Overriding engine version to CL 3832480, compatible CL 3709383
LogInit: Registered custom module enumerator with build ID '3709383'
LogTaskGraph: Started task graph with 5 named threads and 14 total threads with 3 sets of task threads.
LogStats: Stats thread started at 1.623952
LogD3D11RHI: Aftermath initialized
LogPluginManager: Mounting plugin Paper2D
LogPluginManager: Mounting plugin LightPropagationVolume
LogPluginManager: Mounting plugin CodeLiteSourceCodeAccess
LogPluginManager: Mounting plugin GitSourceControl
LogPluginManager: Mounting plugin KDevelopSourceCodeAccess
LogPluginManager: Mounting plugin NullSourceCodeAccess
LogPluginManager: Mounting plugin PerforceSourceControl
LogPluginManager: Mounting plugin SubversionSourceControl
LogPluginManager: Mounting plugin UObjectPlugin
LogPluginManager: Mounting plugin VisualStudioCodeSourceCodeAccess
LogPluginManager: Mounting plugin VisualStudioSourceCodeAccess
LogPluginManager: Mounting plugin XCodeSourceCodeAccess
LogPluginManager: Mounting plugin AssetManagerEditor
LogPluginManager: Mounting plugin AudioCapture
LogPluginManager: Mounting plugin FacialAnimation
LogPluginManager: Mounting plugin GameplayTagsEditor
LogPluginManager: Mounting plugin MobileLauncherProfileWizard
LogPluginManager: Mounting plugin PluginBrowser
LogPluginManager: Mounting plugin SpeedTreeImporter
LogPluginManager: Mounting plugin AlembicImporter
LogPluginManager: Mounting plugin CharacterAI
LogPluginManager: Mounting plugin HTML5Networking
LogPluginManager: Mounting plugin AndroidMedia
LogPluginManager: Mounting plugin AvfMedia
LogPluginManager: Mounting plugin ImgMedia
LogPluginManager: Mounting plugin MediaCompositing
LogPluginManager: Mounting plugin MediaPlayerEditor
LogPluginManager: Mounting plugin WmfMedia
LogPluginManager: Mounting plugin TcpMessaging
LogPluginManager: Mounting plugin UdpMessaging
LogPluginManager: Mounting plugin ActorSequence
LogPluginManager: Mounting plugin LevelSequenceEditor
LogPluginManager: Mounting plugin MatineeToLevelSequence
LogPluginManager: Mounting plugin OnlineSubsystemGooglePlay
LogPluginManager: Mounting plugin OnlineSubsystemIOS
LogPluginManager: Mounting plugin OnlineSubsystem
LogPluginManager: Mounting plugin OnlineSubsystemNull
LogPluginManager: Mounting plugin OnlineSubsystemUtils
LogPluginManager: Mounting plugin AndroidDeviceProfileSelector
LogPluginManager: Mounting plugin AndroidMoviePlayer
LogPluginManager: Mounting plugin AndroidPermission
LogPluginManager: Mounting plugin AppleARKit
LogPluginManager: Mounting plugin AppleMoviePlayer
LogPluginManager: Mounting plugin ArchVisCharacter
LogPluginManager: Mounting plugin CableComponent
LogPluginManager: Mounting plugin CustomMeshComponent
LogPluginManager: Mounting plugin ExampleDeviceProfileSelector
LogPluginManager: Mounting plugin GoogleCloudMessaging
LogPluginManager: Mounting plugin ImmediatePhysics
LogPluginManager: Mounting plugin IOSDeviceProfileSelector
LogPluginManager: Mounting plugin LinuxDeviceProfileSelector
LogPluginManager: Mounting plugin LocationServicesBPLibrary
LogPluginManager: Mounting plugin MobilePatchingUtils
LogPluginManager: Mounting plugin OculusVR
LogPluginManager: Plugin shader directory ../../../Engine/Plugins/Runtime/Oculus/OculusVR/Shaders found
LogPluginManager: Mapping shader source directory ../../../Engine/Plugins/Runtime/Oculus/OculusVR/Shaders to virtual directory /Plugin/OculusVR
LogPluginManager: Mounting plugin PhysXVehicles
LogPluginManager: Mounting plugin ProceduralMeshComponent
LogPluginManager: Mounting plugin RuntimePhysXCooking
LogPluginManager: Mounting plugin SteamVR
LogPluginManager: Mounting plugin WindowsMoviePlayer
LogModuleManager: Display: Found up-to-date module file ../../../../../../Users/Domenico/Desktop/GGJ2018/GGJ2018/TRANSmission/Binaries/Win64/UE4Editor-TRANSmission.dll (API version 3709383).
LogModuleManager: Display: Found up-to-date module file ../../../Engine/Plugins/2D/Paper2D/Binaries/Win64/UE4Editor-Paper2D.dll (API version 3709383).
LogModuleManager: Display: Found up-to-date module file ../../../Engine/Plugins/2D/Paper2D/Binaries/Win64/UE4Editor-Paper2DEditor.dll (API version 3709383).
LogModuleManager: Display: Found up-to-date module file ../../../Engine/Plugins/2D/Paper2D/Binaries/Win64/UE4Editor-PaperSpriteSheetImporter.dll (API version 3709383).
LogModuleManager: Display: Found up-to-date module file ../../../Engine/Plugins/2D/Paper2D/Binaries/Win64/UE4Editor-PaperTiledImporter.dll (API version 3709383).
LogModuleManager: Display: Found up-to-date module file ../../../Engine/Plugins/2D/Paper2D/Binaries/Win64/UE4Editor-SmartSnapping.dll (API version 3709383).
LogModuleManager: Display: Found up-to-date module file ../../../Engine/Plugins/Blendables/LightPropagationVolume/Binaries/Win64/UE4Editor-LightPropagationVolumeRuntime.dll (API version 3709383).
LogModuleManager: Display: Found up-to-date module file ../../../Engine/Plugins/Blendables/LightPropagationVolume/Binaries/Win64/UE4Editor-LightPropagationVolumeEditor.dll (API version 3709383).
LogModuleManager: Display: Found up-to-date module file ../../../Engine/Plugins/Developer/GitSourceControl/Binaries/Win64/UE4Editor-GitSourceControl.dll (API version 3709383).
LogModuleManager: Display: Found up-to-date module file ../../../Engine/Plugins/Developer/PerforceSourceControl/Binaries/Win64/UE4Editor-PerforceSourceControl.dll (API version 3709383).
LogModuleManager: Display: Found up-to-date module file ../../../Engine/Plugins/Developer/SubversionSourceControl/Binaries/Win64/UE4Editor-SubversionSourceControl.dll (API version 3709383).
LogModuleManager: Display: Found up-to-date module file ../../../Engine/Plugins/Developer/UObjectPlugin/Binaries/Win64/UE4Editor-UObjectPlugin.dll (API version 3709383).
LogModuleManager: Display: Found up-to-date module file ../../../Engine/Plugins/Developer/VisualStudioCodeSourceCodeAccess/Binaries/Win64/UE4Editor-VisualStudioCodeSourceCodeAccess.dll (API version 3709383).
LogModuleManager: Display: Found up-to-date module file ../../../Engine/Plugins/Developer/VisualStudioSourceCodeAccess/Binaries/Win64/UE4Editor-VisualStudioSourceCodeAccess.dll (API version 3709383).
LogModuleManager: Display: Found up-to-date module file ../../../Engine/Plugins/Editor/AssetManagerEditor/Binaries/Win64/UE4Editor-AssetManagerEditor.dll (API version 3709383).
LogModuleManager: Display: Found up-to-date module file ../../../Engine/Plugins/Editor/AudioCapture/Binaries/Win64/UE4Editor-AudioCapture.dll (API version 3709383).
LogModuleManager: Display: Found up-to-date module file ../../../Engine/Plugins/Editor/FacialAnimation/Binaries/Win64/UE4Editor-FacialAnimation.dll (API version 3709383).
LogModuleManager: Display: Found up-to-date module file ../../../Engine/Plugins/Editor/FacialAnimation/Binaries/Win64/UE4Editor-FacialAnimationEditor.dll (API version 3709383).
LogModuleManager: Display: Found up-to-date module file ../../../Engine/Plugins/Editor/GameplayTagsEditor/Binaries/Win64/UE4Editor-GameplayTagsEditor.dll (API version 3709383).
LogModuleManager: Display: Found up-to-date module file ../../../Engine/Plugins/Editor/MobileLauncherProfileWizard/Binaries/Win64/UE4Editor-MobileLauncherProfileWizard.dll (API version 3709383).
LogModuleManager: Display: Found up-to-date module file ../../../Engine/Plugins/Editor/PluginBrowser/Binaries/Win64/UE4Editor-PluginBrowser.dll (API version 3709383).
LogModuleManager: Display: Found up-to-date module file ../../../Engine/Plugins/Editor/SpeedTreeImporter/Binaries/Win64/UE4Editor-SpeedTreeImporter.dll (API version 3709383).
LogModuleManager: Display: Found up-to-date module file ../../../Engine/Plugins/Experimental/AlembicImporter/Binaries/Win64/UE4Editor-AlembicImporter.dll (API version 3709383).
LogModuleManager: Display: Found up-to-date module file ../../../Engine/Plugins/Experimental/AlembicImporter/Binaries/Win64/UE4Editor-AlembicLibrary.dll (API version 3709383).
LogModuleManager: Display: Found up-to-date module file ../../../Engine/Plugins/Experimental/CharacterAI/Binaries/Win64/UE4Editor-CharacterAI.dll (API version 3709383).
LogModuleManager: Display: Found up-to-date module file ../../../Engine/Plugins/Experimental/HTML5Networking/Binaries/Win64/UE4Editor-HTML5Networking.dll (API version 3709383).
LogModuleManager: Display: Found up-to-date module file ../../../Engine/Plugins/Media/AndroidMedia/Binaries/Win64/UE4Editor-AndroidMediaEditor.dll (API version 3709383).
LogModuleManager: Display: Found up-to-date module file ../../../Engine/Plugins/Media/AndroidMedia/Binaries/Win64/UE4Editor-AndroidMediaFactory.dll (API version 3709383).
LogModuleManager: Display: Found up-to-date module file ../../../Engine/Plugins/Media/AvfMedia/Binaries/Win64/UE4Editor-AvfMediaEditor.dll (API version 3709383).
LogModuleManager: Display: Found up-to-date module file ../../../Engine/Plugins/Media/AvfMedia/Binaries/Win64/UE4Editor-AvfMediaFactory.dll (API version 3709383).
LogModuleManager: Display: Found up-to-date module file ../../../Engine/Plugins/Media/AvfMedia/Binaries/Win64/UE4Editor-AvfMediaFactory.dll (API version 3709383).
LogModuleManager: Display: Found up-to-date module file ../../../Engine/Plugins/Media/ImgMedia/Binaries/Win64/UE4Editor-ImgMedia.dll (API version 3709383).
LogModuleManager: Display: Found up-to-date module file ../../../Engine/Plugins/Media/ImgMedia/Binaries/Win64/UE4Editor-ImgMediaEditor.dll (API version 3709383).
LogModuleManager: Display: Found up-to-date module file ../../../Engine/Plugins/Media/ImgMedia/Binaries/Win64/UE4Editor-ImgMediaFactory.dll (API version 3709383).
LogModuleManager: Display: Found up-to-date module file ../../../Engine/Plugins/Media/ImgMedia/Binaries/Win64/UE4Editor-ImgMediaFactory.dll (API version 3709383).
LogModuleManager: Display: Found up-to-date module file ../../../Engine/Plugins/Media/ImgMedia/Binaries/Win64/UE4Editor-OpenExrWrapper.dll (API version 3709383).
LogModuleManager: Display: Found up-to-date module file ../../../Engine/Plugins/Media/MediaCompositing/Binaries/Win64/UE4Editor-MediaCompositing.dll (API version 3709383).
LogModuleManager: Display: Found up-to-date module file ../../../Engine/Plugins/Media/MediaCompositing/Binaries/Win64/UE4Editor-MediaCompositingEditor.dll (API version 3709383).
LogModuleManager: Display: Found up-to-date module file ../../../Engine/Plugins/Media/MediaPlayerEditor/Binaries/Win64/UE4Editor-MediaPlayerEditor.dll (API version 3709383).
LogModuleManager: Display: Found up-to-date module file ../../../Engine/Plugins/Media/WmfMedia/Binaries/Win64/UE4Editor-WmfMedia.dll (API version 3709383).
LogModuleManager: Display: Found up-to-date module file ../../../Engine/Plugins/Media/WmfMedia/Binaries/Win64/UE4Editor-WmfMediaEditor.dll (API version 3709383).
LogModuleManager: Display: Found up-to-date module file ../../../Engine/Plugins/Media/WmfMedia/Binaries/Win64/UE4Editor-WmfMediaFactory.dll (API version 3709383).
LogModuleManager: Display: Found up-to-date module file ../../../Engine/Plugins/Media/WmfMedia/Binaries/Win64/UE4Editor-WmfMediaFactory.dll (API version 3709383).
LogModuleManager: Display: Found up-to-date module file ../../../Engine/Plugins/Messaging/TcpMessaging/Binaries/Win64/UE4Editor-TcpMessaging.dll (API version 3709383).
LogModuleManager: Display: Found up-to-date module file ../../../Engine/Plugins/Messaging/UdpMessaging/Binaries/Win64/UE4Editor-UdpMessaging.dll (API version 3709383).
LogModuleManager: Display: Found up-to-date module file ../../../Engine/Plugins/MovieScene/ActorSequence/Binaries/Win64/UE4Editor-ActorSequence.dll (API version 3709383).
LogModuleManager: Display: Found up-to-date module file ../../../Engine/Plugins/MovieScene/LevelSequenceEditor/Binaries/Win64/UE4Editor-LevelSequenceEditor.dll (API version 3709383).
LogModuleManager: Display: Found up-to-date module file ../../../Engine/Plugins/MovieScene/MatineeToLevelSequence/Binaries/Win64/UE4Editor-MatineeToLevelSequence.dll (API version 3709383).
LogModuleManager: Display: Found up-to-date module file ../../../Engine/Plugins/Online/OnlineSubsystem/Binaries/Win64/UE4Editor-OnlineSubsystem.dll (API version 3709383).
LogModuleManager: Display: Found up-to-date module file ../../../Engine/Plugins/Online/OnlineSubsystemNull/Binaries/Win64/UE4Editor-OnlineSubsystemNull.dll (API version 3709383).
LogModuleManager: Display: Found up-to-date module file ../../../Engine/Plugins/Online/OnlineSubsystemUtils/Binaries/Win64/UE4Editor-OnlineSubsystemUtils.dll (API version 3709383).
LogModuleManager: Display: Found up-to-date module file ../../../Engine/Plugins/Online/OnlineSubsystemUtils/Binaries/Win64/UE4Editor-OnlineBlueprintSupport.dll (API version 3709383).
LogModuleManager: Display: Found up-to-date module file ../../../Engine/Plugins/Runtime/AndroidDeviceProfileSelector/Binaries/Win64/UE4Editor-AndroidDeviceProfileSelector.dll (API version 3709383).
LogModuleManager: Display: Found up-to-date module file ../../../Engine/Plugins/Runtime/AndroidPermission/Binaries/Win64/UE4Editor-AndroidPermission.dll (API version 3709383).
LogModuleManager: Display: Found up-to-date module file ../../../Engine/Plugins/Runtime/AppleARKit/Binaries/Win64/UE4Editor-AppleARKit.dll (API version 3709383).
LogModuleManager: Display: Found up-to-date module file ../../../Engine/Plugins/Runtime/ArchVisCharacter/Binaries/Win64/UE4Editor-ArchVisCharacter.dll (API version 3709383).
LogModuleManager: Display: Found up-to-date module file ../../../Engine/Plugins/Runtime/CableComponent/Binaries/Win64/UE4Editor-CableComponent.dll (API version 3709383).
LogModuleManager: Display: Found up-to-date module file ../../../Engine/Plugins/Runtime/CustomMeshComponent/Binaries/Win64/UE4Editor-CustomMeshComponent.dll (API version 3709383).
LogModuleManager: Display: Found up-to-date module file ../../../Engine/Plugins/Runtime/ExampleDeviceProfileSelector/Binaries/Win64/UE4Editor-ExampleDeviceProfileSelector.dll (API version 3709383).
LogModuleManager: Display: Found up-to-date module file ../../../Engine/Plugins/Runtime/ImmediatePhysics/Binaries/Win64/UE4Editor-ImmediatePhysics.dll (API version 3709383).
LogModuleManager: Display: Found up-to-date module file ../../../Engine/Plugins/Runtime/ImmediatePhysics/Binaries/Win64/UE4Editor-ImmediatePhysicsEditor.dll (API version 3709383).
LogModuleManager: Display: Found up-to-date module file ../../../Engine/Plugins/Runtime/LocationServicesBPLibrary/Binaries/Win64/UE4Editor-LocationServicesBPLibrary.dll (API version 3709383).
LogModuleManager: Display: Found up-to-date module file ../../../Engine/Plugins/Runtime/MobilePatchingUtils/Binaries/Win64/UE4Editor-MobilePatchingUtils.dll (API version 3709383).
LogModuleManager: Display: Found up-to-date module file ../../../Engine/Plugins/Runtime/Oculus/OculusVR/Binaries/Win64/UE4Editor-OculusHMD.dll (API version 3709383).
LogModuleManager: Display: Found up-to-date module file ../../../Engine/Plugins/Runtime/Oculus/OculusVR/Binaries/Win64/UE4Editor-OculusInput.dll (API version 3709383).
LogModuleManager: Display: Found up-to-date module file ../../../Engine/Plugins/Runtime/Oculus/OculusVR/Binaries/Win64/UE4Editor-OculusEditor.dll (API version 3709383).
LogModuleManager: Display: Found up-to-date module file ../../../Engine/Plugins/Runtime/PhysXVehicles/Binaries/Win64/UE4Editor-PhysXVehicles.dll (API version 3709383).
LogModuleManager: Display: Found up-to-date module file ../../../Engine/Plugins/Runtime/PhysXVehicles/Binaries/Win64/UE4Editor-PhysXVehiclesEditor.dll (API version 3709383).
LogModuleManager: Display: Found up-to-date module file ../../../Engine/Plugins/Runtime/ProceduralMeshComponent/Binaries/Win64/UE4Editor-ProceduralMeshComponent.dll (API version 3709383).
LogModuleManager: Display: Found up-to-date module file ../../../Engine/Plugins/Runtime/ProceduralMeshComponent/Binaries/Win64/UE4Editor-ProceduralMeshComponentEditor.dll (API version 3709383).
LogModuleManager: Display: Found up-to-date module file ../../../Engine/Plugins/Runtime/RuntimePhysXCooking/Binaries/Win64/UE4Editor-RuntimePhysXCooking.dll (API version 3709383).
LogModuleManager: Display: Found up-to-date module file ../../../Engine/Plugins/Runtime/Steam/SteamVR/Binaries/Win64/UE4Editor-SteamVR.dll (API version 3709383).
LogModuleManager: Display: Found up-to-date module file ../../../Engine/Plugins/Runtime/Steam/SteamVR/Binaries/Win64/UE4Editor-SteamVRController.dll (API version 3709383).
LogModuleManager: Display: Found up-to-date module file ../../../Engine/Plugins/Runtime/WindowsMoviePlayer/Binaries/Win64/UE4Editor-WindowsMoviePlayer.dll (API version 3709383).
LogInit: Using libcurl 7.47.1
LogInit:  - built for x86_64-pc-win32
LogInit:  - supports SSL with OpenSSL/1.0.2g
LogInit:  - supports HTTP deflate (compression) using libz 1.2.8
LogInit:  - other features:
LogInit:      CURL_VERSION_SSL
LogInit:      CURL_VERSION_LIBZ
LogInit:      CURL_VERSION_IPV6
LogInit:      CURL_VERSION_ASYNCHDNS
LogInit:      CURL_VERSION_LARGEFILE
LogInit:      CURL_VERSION_IDN
LogInit:  CurlRequestOptions (configurable via config and command line):
LogInit:  - bVerifyPeer = false  - Libcurl will NOT verify peer certificate
LogInit:  - bUseHttpProxy = false  - Libcurl will NOT use HTTP proxy
LogInit:  - bDontReuseConnections = false  - Libcurl will reuse connections
LogInit:  - CertBundlePath = nullptr  - Libcurl will use whatever was configured at build time.
LogInit: Build: ++UE4+Release-4.18-CL-3832480
LogInit: Engine Version: 4.18.3-3832480+++UE4+Release-4.18
LogInit: Compatible Engine Version: 4.18.0-3709383+++UE4+Release-4.18
LogInit: Net CL: 3709383
LogDevObjectVersion: Number of dev versions registered: 16
LogDevObjectVersion:   Dev-Blueprints (B0D832E4-1F89-4F0D-ACCF-7EB736FD4AA2): 10
LogDevObjectVersion:   Dev-Build (E1C64328-A22C-4D53-A36C-8E866417BD8C): 0
LogDevObjectVersion:   Dev-Core (375EC13C-06E4-48FB-B500-84F0262A717E): 2
LogDevObjectVersion:   Dev-Editor (E4B068ED-F494-42E9-A231-DA0B2E46BB41): 20
LogDevObjectVersion:   Dev-Framework (CFFC743F-43B0-4480-9391-14DF171D2073): 30
LogDevObjectVersion:   Dev-Mobile (B02B49B5-BB20-44E9-A304-32B752E40360): 0
LogDevObjectVersion:   Dev-Networking (A4E4105C-59A1-49B5-A7C5-40C4547EDFEE): 0
LogDevObjectVersion:   Dev-Online (39C831C9-5AE6-47DC-9A44-9C173E1C8E7C): 0
LogDevObjectVersion:   Dev-Physics (78F01B33-EBEA-4F98-B9B4-84EACCB95AA2): 0
LogDevObjectVersion:   Dev-Platform (6631380F-2D4D-43E0-8009-CF276956A95A): 0
LogDevObjectVersion:   Dev-Rendering (12F88B9F-8875-4AFC-A67C-D90C383ABD29): 20
LogDevObjectVersion:   Dev-Sequencer (7B5AE74C-D270-4C10-A958-57980B212A5A): 4
LogDevObjectVersion:   Dev-VR (D7296918-1DD6-4BDD-9DE2-64A83CC13884): 0
LogDevObjectVersion:   Dev-LoadTimes (C2A15278-BFE7-4AFE-6C17-90FF531DF755): 1
LogDevObjectVersion:   Private-Geometry (6EACA3D4-40EC-4CC1-B786-8BED09428FC5): 1
LogDevObjectVersion:   Dev-AnimPhys (29E575DD-E0A3-4627-9D10-D276232CDCEA): 12
LogInit: Compiled (64-bit): Jan 12 2018 02:04:55
LogInit: Compiled with Visual C++: 19.00.24215.01
LogInit: Build Configuration: Development
LogInit: Branch Name: ++UE4+Release-4.18
LogInit: Command line:  -skipcompile
LogInit: Base directory: C:/Program Files/Epic Games/UE_4.18/Engine/Binaries/Win64/
LogInit: Installed Engine Build: 1
LogInit: Presizing for max 8388607 objects, including 0 objects not considered by GC, pre-allocating 0 bytes for permanent pool.
LogInit: Object subsystem initialized
[2018.01.27-10.05.16:040][  0]LogInit: Selected Device Profile: [Windows]
[2018.01.27-10.05.16:040][  0]LogInit: Applying CVar settings loaded from the selected device profile: [Windows]
[2018.01.27-10.05.16:133][  0]LogInit: Computer: CLARISSA
[2018.01.27-10.05.16:133][  0]LogInit: User: Domenico
[2018.01.27-10.05.16:133][  0]LogInit: CPU Page size=4096, Cores=4
[2018.01.27-10.05.16:133][  0]LogInit: High frequency timer resolution =2.338339 MHz
[2018.01.27-10.05.16:134][  0]LogMemory: Memory total: Physical=7.9GB (8GB approx)
[2018.01.27-10.05.16:134][  0]LogMemory: Platform Memory Stats for Windows
[2018.01.27-10.05.16:134][  0]LogMemory: Process Physical Memory: 276.28 MB used, 276.28 MB peak
[2018.01.27-10.05.16:134][  0]LogMemory: Process Virtual Memory: 269.75 MB used, 269.75 MB peak
[2018.01.27-10.05.16:134][  0]LogMemory: Physical Memory: 5868.90 MB used,  2255.13 MB free, 8124.02 MB total
[2018.01.27-10.05.16:134][  0]LogMemory: Virtual Memory: 678.30 MB used,  2255.13 MB free, 134217728.00 MB total
[2018.01.27-10.05.17:215][  0]LogInit: Using OS detected language (it-IT).
[2018.01.27-10.05.17:215][  0]LogInit: Using OS detected locale (it-IT).
[2018.01.27-10.05.17:497][  0]LogTextLocalizationManager: No localization for 'it-IT' exists, so 'en' will be used for the language.
[2018.01.27-10.05.17:498][  0]LogTextLocalizationManager: No localization for 'it-IT' exists, so 'en' will be used for the locale.
[2018.01.27-10.05.18:615][  0]LogInit: Setting process to per monitor DPI aware
[2018.01.27-10.05.20:542][  0]LogD3D11RHI: D3D11 adapters:
[2018.01.27-10.05.20:916][  0]LogD3D11RHI:    0. 'NVIDIA GeForce GT 740M' (Feature Level 11_0)
[2018.01.27-10.05.20:916][  0]LogD3D11RHI:       2020/0/4062 MB DedicatedVideo/DedicatedSystem/SharedSystem, Outputs:1, VendorId:0x10de
[2018.01.27-10.05.21:123][  0]LogD3D11RHI:    1. 'Intel(R) HD Graphics 4600' (Feature Level 11_0)
[2018.01.27-10.05.21:124][  0]LogD3D11RHI:       112/0/2048 MB DedicatedVideo/DedicatedSystem/SharedSystem, Outputs:0, VendorId:0x8086
[2018.01.27-10.05.21:176][  0]LogD3D11RHI:    2. 'Microsoft Basic Render Driver' (Feature Level 11_0)
[2018.01.27-10.05.21:176][  0]LogD3D11RHI:       0/0/4062 MB DedicatedVideo/DedicatedSystem/SharedSystem, Outputs:0, VendorId:0x1414
[2018.01.27-10.05.21:176][  0]LogD3D11RHI: Chosen D3D11 Adapter: 0
[2018.01.27-10.05.21:183][  0]LogD3D11RHI: Creating new Direct3DDevice
[2018.01.27-10.05.21:183][  0]LogD3D11RHI:     GPU DeviceId: 0x1292 (for the marketing name, search the web for "GPU Device Id")
[2018.01.27-10.05.21:183][  0]LogWindows: EnumDisplayDevices:
[2018.01.27-10.05.21:183][  0]LogWindows:    0. 'Intel(R) HD Graphics 4600' (P:1 D:1)
[2018.01.27-10.05.21:183][  0]LogWindows:    1. 'Intel(R) HD Graphics 4600' (P:0 D:0)
[2018.01.27-10.05.21:184][  0]LogWindows:    2. 'Intel(R) HD Graphics 4600' (P:0 D:0)
[2018.01.27-10.05.21:184][  0]LogWindows: DebugString: GetVideoDriverDetailsInvalid PrimaryIsNotTheChoosenAdapter GetVideoDriverDetailsInvalid PrimaryIsNotTheChoosenAdapter GetVideoDriverDetailsInvalid PrimaryIsNotTheChoosenAdapter FoundDriverCount:0 
[2018.01.27-10.05.21:184][  0]LogD3D11RHI:     Adapter Name: NVIDIA GeForce GT 740M
[2018.01.27-10.05.21:184][  0]LogD3D11RHI:   Driver Version: Unknown (internal:Unknown, unified:Unknown)
[2018.01.27-10.05.21:184][  0]LogD3D11RHI:      Driver Date: Unknown
[2018.01.27-10.05.21:184][  0]LogRHI: Texture pool is 1414 MB (70% of 2020 MB)
[2018.01.27-10.05.21:218][  0]LogD3D11RHI: Async texture creation enabled
[2018.01.27-10.05.21:234][  0]LogD3D11RHI: GPU Timing Frequency: 1000.000000 (Debug: 2 1)
[2018.01.27-10.05.21:235][  0]LogShaderCompilers: Guid format shader working directory is -19 characters bigger than the processId version (../../../../../../Users/Domenico/Desktop/GGJ2018/GGJ2018/TRANSmission/Intermediate/Shaders/WorkingDirectory/300/).
[2018.01.27-10.05.21:236][  0]LogShaderCompilers: Cleaned the shader compiler working directory 'C:/Users/Domenico/AppData/Local/Temp/UnrealShaderWorkingDir/755F57554C106211E732E38C2E01FC3F/'.
[2018.01.27-10.05.21:236][  0]LogShaderCompilers: Display: Using Local Shader Compiler.
[2018.01.27-10.05.24:090][  0]LogTemp: Display: Loaded TP AllDesktopTargetPlatform
[2018.01.27-10.05.24:174][  0]LogTemp: Display: Loaded TP MacClientTargetPlatform
[2018.01.27-10.05.24:259][  0]LogTemp: Display: Loaded TP MacNoEditorTargetPlatform
[2018.01.27-10.05.24:343][  0]LogTemp: Display: Loaded TP MacServerTargetPlatform
[2018.01.27-10.05.24:476][  0]LogTemp: Display: Loaded TP MacTargetPlatform
[2018.01.27-10.05.24:626][  0]LogTemp: Display: Loaded TP WindowsClientTargetPlatform
[2018.01.27-10.05.24:738][  0]LogTemp: Display: Loaded TP WindowsNoEditorTargetPlatform
[2018.01.27-10.05.24:819][  0]LogTemp: Display: Loaded TP WindowsServerTargetPlatform
[2018.01.27-10.05.24:906][  0]LogTemp: Display: Loaded TP WindowsTargetPlatform
[2018.01.27-10.05.24:997][  0]LogTemp: Display: Loaded TP Android_ASTCTargetPlatform
[2018.01.27-10.05.25:084][  0]LogTemp: Display: Loaded TP Android_ATCTargetPlatform
[2018.01.27-10.05.25:164][  0]LogTemp: Display: Loaded TP Android_DXTTargetPlatform
[2018.01.27-10.05.25:233][  0]LogTemp: Display: Loaded TP Android_ETC1TargetPlatform
[2018.01.27-10.05.25:308][  0]LogTemp: Display: Loaded TP Android_ETC2TargetPlatform
[2018.01.27-10.05.25:453][  0]LogTemp: Display: Loaded TP Android_MultiTargetPlatform
[2018.01.27-10.05.25:453][  0]LogTemp: Display: Loaded TP Android_PVRTCTargetPlatform
[2018.01.27-10.05.25:559][  0]LogTemp: Display: Loaded TP AndroidTargetPlatform
[2018.01.27-10.05.25:625][  0]LogTemp: Display: Loaded TP HTML5TargetPlatform
[2018.01.27-10.05.25:871][  0]LogTemp: Display: Loaded TP IOSTargetPlatform
[2018.01.27-10.05.25:909][  0]LogTemp: Display: Loaded TP TVOSTargetPlatform
[2018.01.27-10.05.25:992][  0]LogTemp: Display: Loaded TP LinuxClientTargetPlatform
[2018.01.27-10.05.26:064][  0]LogTemp: Display: Loaded TP LinuxNoEditorTargetPlatform
[2018.01.27-10.05.26:140][  0]LogTemp: Display: Loaded TP LinuxServerTargetPlatform
[2018.01.27-10.05.26:228][  0]LogTemp: Display: Loaded TP LinuxTargetPlatform
[2018.01.27-10.05.26:228][  0]LogTargetPlatformManager: Display: Building Assets For Windows
[2018.01.27-10.05.27:685][  0]LogDerivedDataCache: Display: Max Cache Size: 512 MB
[2018.01.27-10.05.28:675][  0]LogDerivedDataCache: Loaded boot cache 0.98s 79MB C:/Users/Domenico/AppData/Local/UnrealEngine/4.18/DerivedDataCache/Boot.ddc.
[2018.01.27-10.05.28:676][  0]LogDerivedDataCache: Display: Loaded Boot cache: C:/Users/Domenico/AppData/Local/UnrealEngine/4.18/DerivedDataCache/Boot.ddc
[2018.01.27-10.05.28:676][  0]LogDerivedDataCache: FDerivedDataBackendGraph:  Pak pak cache file ../../../../../../Users/Domenico/Desktop/GGJ2018/GGJ2018/TRANSmission/DerivedDataCache/DDC.ddp not found, will not use a pak cache.
[2018.01.27-10.05.28:676][  0]LogDerivedDataCache: Unable to find inner node Pak for hierarchical cache Hierarchy.
[2018.01.27-10.05.28:676][  0]LogDerivedDataCache: FDerivedDataBackendGraph:  CompressedPak pak cache file ../../../../../../Users/Domenico/Desktop/GGJ2018/GGJ2018/TRANSmission/DerivedDataCache/Compressed.ddp not found, will not use a pak cache.
[2018.01.27-10.05.28:676][  0]LogDerivedDataCache: Unable to find inner node CompressedPak for hierarchical cache Hierarchy.
[2018.01.27-10.05.28:696][  0]LogDerivedDataCache: Display: Pak cache opened for reading ../../../Engine/DerivedDataCache/Compressed.ddp.
[2018.01.27-10.05.28:710][  0]LogDerivedDataCache: Using Local data cache path C:/Users/Domenico/AppData/Local/UnrealEngine/Common/DerivedDataCache: Writable
[2018.01.27-10.05.28:723][  0]LogMaterial: Verifying Global Shaders for PCD3D_SM5
[2018.01.27-10.05.28:724][  0]LogSlate: Using Freetype 2.6.0
[2018.01.27-10.05.28:752][  0]LogSlate: SlateFontCache - WITH_FREETYPE: 1, WITH_HARFBUZZ: 1
[2018.01.27-10.05.28:753][  0]LogSlate: SlateFontCache - WITH_FREETYPE: 1, WITH_HARFBUZZ: 1
[2018.01.27-10.05.34:795][  0]LogInit: Selected Device Profile: [Windows]
[2018.01.27-10.05.35:493][  0]LogSimplygon: Simplygon DLL not present - disabling.
[2018.01.27-10.05.35:577][  0]LogMeshReduction: Using SimplygonSwarm for distributed automatic mesh merging
[2018.01.27-10.05.35:577][  0]LogMeshReduction: Using QuadricMeshReduction for automatic static mesh reduction
[2018.01.27-10.05.35:577][  0]LogMeshReduction: No automatic skeletal mesh reduction module available
[2018.01.27-10.05.35:577][  0]LogMeshReduction: No automatic mesh merging module available
[2018.01.27-10.05.35:577][  0]LogMeshMerging: No automatic mesh merging module available
[2018.01.27-10.05.35:608][  0]LogNetVersion: TRANSmission , NetCL: 3709383, EngineNetVer: 2, GameNetVer: 0 (Checksum: 2203146703)
[2018.01.27-10.05.35:809][  0]LogAssetRegistry: FAssetRegistry took 0.0293 seconds to start up
[2018.01.27-10.05.36:474][  0]LogPackageLocalizationCache: Processed 7 localized package path(s) for 1 prioritized culture(s) in 0.062317 seconds
[2018.01.27-10.05.36:481][  0]LogUObjectArray: 35870 objects as part of root set at end of initial load.
[2018.01.27-10.05.36:481][  0]LogUObjectAllocator: 7363704 out of 0 bytes used by permanent object pool.
[2018.01.27-10.05.36:481][  0]LogUObjectArray: CloseDisregardForGC: 0/0 objects in disregard for GC pool
[2018.01.27-10.05.36:585][  0]LogInit: WinSock: version 1.1 (2.2), MaxSocks=32767, MaxUdp=65467
[2018.01.27-10.06.12:771][  0]LogTcpMessaging: Initializing TcpMessaging bridge
[2018.01.27-10.06.12:838][  0]LogUdpMessaging: Initializing bridge on interface 0.0.0.0:0 to multicast group 230.0.0.1:6666.
[2018.01.27-10.06.15:625][  0]LogMaterial: Uniform references updated for custom material expression Custom.
[2018.01.27-10.06.16:962][  0]SourceControl: Source control is disabled
[2018.01.27-10.06.16:963][  0]SourceControl: Source control is disabled
[2018.01.27-10.06.17:092][  0]SourceControl: Source control is disabled
[2018.01.27-10.06.17:187][  0]SourceControl: Source control is disabled
[2018.01.27-10.06.19:401][  0]LogAndroidPermission: UAndroidPermissionCallbackProxy::GetInstance
[2018.01.27-10.06.20:042][  0]LogOcInput: OculusInput pre-init called
[2018.01.27-10.06.21:264][  0]LogEngine: Initializing Engine...
[2018.01.27-10.06.21:266][  0]LogHMD: Failed to initialize OpenVR with code 110
[2018.01.27-10.06.24:630][  0]LogStats: UGameplayTagsManager::ConstructGameplayTagTree: Construct from data asset -  0.000 s
[2018.01.27-10.06.24:630][  0]LogStats: UGameplayTagsManager::ConstructGameplayTagTree: GameplayTagTreeChangedEvent.Broadcast -  0.000 s
[2018.01.27-10.06.24:903][  0]LogAIModule: Creating AISystem for world Untitled
[2018.01.27-10.06.24:986][  0]LogInit: XAudio2 using 'Altoparlanti (Dispositivo High Definition Audio)' : 2 channels at 48 kHz using 16 bits per sample (channel mask 0x3)
[2018.01.27-10.06.25:005][  0]LogInit: FAudioDevice initialized.
[2018.01.27-10.06.25:761][  0]LogDerivedDataCache: Saved boot cache 0.76s 79MB C:/Users/Domenico/AppData/Local/UnrealEngine/4.18/DerivedDataCache/Boot.ddc.
[2018.01.27-10.06.25:778][  0]LogInit: Texture streaming: Enabled
[2018.01.27-10.06.26:491][  0]LogEngineSessionManager: EngineSessionManager initialized
[2018.01.27-10.06.26:540][  0]LogEngineSessionManager: EngineSessionManager sent abnormal shutdown report. Type=Debugger, SessionId={0CD5EF57-4846-9989-FFFA-BCA4EA495988}
[2018.01.27-10.06.26:749][  0]LogInit: Transaction tracking system initialized
[2018.01.27-10.06.27:736][  0]BlueprintLog: New page: Editor Load
[2018.01.27-10.06.30:901][  0]LocalizationService: Localization service is disabled
[2018.01.27-10.06.33:981][  0]LogConsoleResponse: Display: 
[2018.01.27-10.06.37:126][  0]LogCook: Display: Max memory allowance for cook 16384mb min free memory 0mb
[2018.01.27-10.06.37:126][  0]LogCook: Display: Mobile HDR setting 1
[2018.01.27-10.06.37:126][  0]LogGameplayTags: Display: UGameplayTagsManager::DoneAddingNativeTags. DelegateIsBound: 0
[2018.01.27-10.06.37:268][  0]LogFileCache: Scanning file cache for directory 'C:/Users/Domenico/Desktop/GGJ2018/GGJ2018/TRANSmission/Content/' took 0.02s
[2018.01.27-10.06.40:847][  0]SourceControl: Source control is disabled
[2018.01.27-10.06.40:847][  0]Cmd: MAP LOAD FILE="../../../../../../Users/Domenico/Desktop/GGJ2018/GGJ2018/TRANSmission/Content/ThirdPersonCPP/Maps/ThirdPersonExampleMap.umap" TEMPLATE=0 SHOWPROGRESS=1 FEATURELEVEL=3
[2018.01.27-10.06.40:885][  0]LightingResults: New page: Lighting Build
[2018.01.27-10.06.40:944][  0]MapCheck: New page: Map Check
[2018.01.27-10.06.40:944][  0]LightingResults: New page: Lighting Build
[2018.01.27-10.06.42:591][  0]LogAIModule: Creating AISystem for world ThirdPersonExampleMap
[2018.01.27-10.06.42:634][  0]LogEditorServer: Finished looking for orphan Actors (0.000 secs)
[2018.01.27-10.06.42:648][  0]Cmd: MAP CHECKDEP NOCLEARLOG
[2018.01.27-10.06.42:717][  0]MapCheck: Map check complete: 0 Error(s), 0 Warning(s), took 68.547ms to complete.
[2018.01.27-10.06.42:717][  0]LogFileHelpers: Loading map 'ThirdPersonExampleMap' took 1.870
[2018.01.27-10.06.42:777][  0]LogWindowsTextInputMethodSystem: Display: IME system now deactivated.
[2018.01.27-10.06.43:045][  0]LogCollectionManager: Loaded 0 collections in 0.002054 seconds
[2018.01.27-10.06.43:145][  0]LogFileCache: Scanning file cache for directory 'C:/Users/Domenico/Desktop/GGJ2018/GGJ2018/TRANSmission/Saved/Collections/' took 0.01s
[2018.01.27-10.06.43:145][  0]LogFileCache: Scanning file cache for directory 'C:/Users/Domenico/Desktop/GGJ2018/GGJ2018/TRANSmission/Content/Developers/Domenico/Collections/' took 0.01s
[2018.01.27-10.06.43:145][  0]LogFileCache: Scanning file cache for directory 'C:/Users/Domenico/Desktop/GGJ2018/GGJ2018/TRANSmission/Content/Collections/' took 0.01s
[2018.01.27-10.06.43:145][  0]LogCollectionManager: Rebuilt the GUID cache for 0 collections in 0.000000 seconds
[2018.01.27-10.06.43:160][  0]LogContentBrowser: Native class hierarchy populated in 0.0143 seconds. Added 2366 classes and 521 folders.
[2018.01.27-10.06.43:249][  0]LogContentBrowser: Native class hierarchy updated for 'WidgetCarousel' in 0.0007 seconds. Added 0 classes and 0 folders.
[2018.01.27-10.06.44:948][  0]LogContentBrowser: Native class hierarchy updated for 'AddContentDialog' in 0.0007 seconds. Added 0 classes and 0 folders.
[2018.01.27-10.06.45:055][  0]LogContentBrowser: Native class hierarchy updated for 'SceneOutliner' in 0.0008 seconds. Added 1 classes and 2 folders.
[2018.01.27-10.06.45:140][  0]LogSlate: Took 0.020587 seconds to synchronously load lazily loaded font '../../../Engine/Content/Slate/Fonts/Roboto-Regular.ttf' (155K)
[2018.01.27-10.06.45:165][  0]LogSlate: Took 0.022451 seconds to synchronously load lazily loaded font '../../../Engine/Content/Slate/Fonts/Roboto-Bold.ttf' (160K)
[2018.01.27-10.06.45:191][  0]LogSlate: Took 0.019315 seconds to synchronously load lazily loaded font '../../../Engine/Content/Editor/Slate/Fonts/FontAwesome.ttf' (139K)
[2018.01.27-10.06.45:466][  0]LogRenderer: Reallocating scene render targets to support 856x396 Format 10 NumSamples 1 (Frame:1).
[2018.01.27-10.06.45:719][  0]LogContentBrowser: Native class hierarchy updated for 'HierarchicalLODOutliner' in 0.0008 seconds. Added 1 classes and 2 folders.
[2018.01.27-10.06.45:719][  0]LogLoad: (Engine Initialization) Total time: 99.94 seconds
[2018.01.27-10.06.45:719][  0]LogLoad: (Engine Initialization) Total Blueprint compile time: 0.00 seconds
[2018.01.27-10.06.45:720][  0]LogExternalProfiler: Found external profiler: VSPerf
[2018.01.27-10.06.45:720][  0]LogExternalProfiler: Using external profiler: VSPerf
[2018.01.27-10.06.45:750][  0]LogContentStreaming: Texture pool size now 1000 MB
[2018.01.27-10.06.45:865][  0]LogSlate: Took 0.018584 seconds to synchronously load lazily loaded font '../../../Engine/Content/Slate/Fonts/Roboto-Light.ttf' (159K)
[2018.01.27-10.06.45:935][  1]LogAssetRegistry: Asset discovery search completed in 70.1498 seconds
[2018.01.27-10.06.45:938][  1]LogCollectionManager: Rebuilt the object cache for 0 collections in 0.000000 seconds (found 0 objects)
[2018.01.27-10.06.45:938][  1]LogCollectionManager: Fixed up redirectors for 0 collections in 0.000139 seconds (updated 0 objects)
[2018.01.27-10.07.20:398][120]LogSlate: Took 0.000316 seconds to synchronously load lazily loaded font '../../../Engine/Content/Slate/Fonts/Roboto-Light.ttf' (159K)
[2018.01.27-10.07.22:762][127]AssetReimport: New page: Outstanding source content changes 12:07:22 PM
[2018.01.27-10.07.22:835][128]LogFactory: FactoryCreateFile: StaticMesh with FbxFactory (0 0 C:/Users/Domenico/Desktop/GGJ2018/GGJ2018/TRANSmission/Content/Graphics/Robot/ProtoBot_V1.fbx)
[2018.01.27-10.07.23:128][128]LogFbx: ItemName: GlobalSettings, ItemCount : 1
[2018.01.27-10.07.23:129][128]LogFbx: ItemName: NodeAttribute, ItemCount : 19
[2018.01.27-10.07.23:129][128]LogFbx: ItemName: Geometry, ItemCount : 1
[2018.01.27-10.07.23:129][128]LogFbx: ItemName: Model, ItemCount : 20
[2018.01.27-10.07.23:129][128]LogFbx: ItemName: Pose, ItemCount : 1
[2018.01.27-10.07.23:129][128]LogFbx: ItemName: Deformer, ItemCount : 19
[2018.01.27-10.07.23:129][128]LogFbx: ItemName: Material, ItemCount : 1
[2018.01.27-10.07.23:129][128]LogFbx: ItemName: AnimationStack, ItemCount : 6
[2018.01.27-10.07.23:129][128]LogFbx: ItemName: AnimationLayer, ItemCount : 6
[2018.01.27-10.07.23:129][128]LogFbx: ItemName: AnimationCurveNode, ItemCount : 342
[2018.01.27-10.07.23:129][128]LogFbx: ItemName: AnimationCurve, ItemCount : 1026
[2018.01.27-10.07.23:282][128]LogFbx: Loading FBX Scene from C:/Users/Domenico/Desktop/GGJ2018/GGJ2018/TRANSmission/Content/Graphics/Robot/ProtoBot_V1.fbx
[2018.01.27-10.07.23:601][128]LogFbx: FBX Scene Loaded Succesfully
[2018.01.27-10.08.15:874][128]LogFbx: Loading FBX Scene from C:/Users/Domenico/Desktop/GGJ2018/GGJ2018/TRANSmission/Content/Graphics/Robot/ProtoBot_V1.fbx
[2018.01.27-10.08.15:922][128]LogFbx: FBX Scene Loaded Succesfully
[2018.01.27-10.08.15:958][128]LogFbx: =================================================
[2018.01.27-10.08.15:959][128]LogFbx: Dumping Node START [ProtoBot] 
[2018.01.27-10.08.15:959][128]LogFbx: 	Total Deformer Count 43926432.
[2018.01.27-10.08.15:959][128]LogFbx: 		[Node 1] TransRig (Type Skin).
[2018.01.27-10.08.15:959][128]LogFbx: =================================================
[2018.01.27-10.08.15:959][128]LogFbx: 	Attribute (ProtoBot) Type (4).
[2018.01.27-10.08.15:959][128]LogFbx: 		[Node Attribute Child 1] ProtoBot (Type Mesh).
[2018.01.27-10.08.15:959][128]LogFbx: Dumping Node END [ProtoBot]
[2018.01.27-10.08.15:959][128]LogFbx: =================================================
[2018.01.27-10.08.15:959][128]LogFbx: Dumping Node START [ProtoBot] 
[2018.01.27-10.08.15:959][128]LogFbx: 	Total Deformer Count 43930632.
[2018.01.27-10.08.15:959][128]LogFbx: 		[Node 1] TransRig (Type Skin).
[2018.01.27-10.08.15:960][128]LogFbx: =================================================
[2018.01.27-10.08.15:960][128]LogFbx: 	Attribute (ProtoBot) Type (4).
[2018.01.27-10.08.15:960][128]LogFbx: 		[Node Attribute Child 1] ProtoBot (Type Mesh).
[2018.01.27-10.08.15:960][128]LogFbx: Dumping Node END [ProtoBot]
[2018.01.27-10.08.15:963][128]LogFbx: Valid bind pose for Pose (ProtoBot) - ProtoBot
[2018.01.27-10.08.15:983][128]LogLinker: Can't find file '/Game/Graphics/Robot/M_ProtoBot'
[2018.01.27-10.08.15:983][128]LogLinker: Can't find file '/Game/Graphics/Robot/M_ProtoBot'
[2018.01.27-10.08.16:041][128]LogMaterial: Missing cached shader map for material M_ProtoBot, compiling. 
[2018.01.27-10.08.16:285][128]LogMaterial: Missing cached shader map for material M_ProtoBot, compiling. 
[2018.01.27-10.08.16:390][128]LogFbx: Triangulating skeletal mesh ProtoBot
[2018.01.27-10.08.17:012][128]LogSkeletalMesh: Section 0: 4050 vertices, 18 active bones
[2018.01.27-10.08.17:082][128]LogSkeletalMesh: Section 0: Material=0, 1948 triangles
[2018.01.27-10.08.17:449][128]LogLinker: Can't find file '/Game/Graphics/Robot/ProtoBot_V1_Skeleton'
[2018.01.27-10.08.17:450][128]LogLinker: Can't find file '/Game/Graphics/Robot/ProtoBot_V1_Skeleton'
[2018.01.27-10.08.17:472][128]LogLinker: Can't find file '/Game/Graphics/Robot/ProtoBot_V1_PhysicsAsset'
[2018.01.27-10.08.17:473][128]LogLinker: Can't find file '/Game/Graphics/Robot/ProtoBot_V1_PhysicsAsset'
[2018.01.27-10.08.17:993][128]LogFbx: =================================================
[2018.01.27-10.08.17:993][128]LogFbx: Dumping Node START [ProtoBot] 
[2018.01.27-10.08.17:993][128]LogFbx: 	Total Deformer Count 337654832.
[2018.01.27-10.08.17:993][128]LogFbx: 		[Node 1] TransRig (Type Skin).
[2018.01.27-10.08.17:993][128]LogFbx: =================================================
[2018.01.27-10.08.17:994][128]LogFbx: 	Attribute (ProtoBot) Type (4).
[2018.01.27-10.08.17:994][128]LogFbx: 		[Node Attribute Child 1] ProtoBot (Type Mesh).
[2018.01.27-10.08.17:994][128]LogFbx: Dumping Node END [ProtoBot]
[2018.01.27-10.08.17:995][128]LogFbx: =================================================
[2018.01.27-10.08.17:995][128]LogFbx: Dumping Node START [ProtoBot] 
[2018.01.27-10.08.17:995][128]LogFbx: 	Total Deformer Count 337654720.
[2018.01.27-10.08.17:995][128]LogFbx: 		[Node 1] TransRig (Type Skin).
[2018.01.27-10.08.17:995][128]LogFbx: =================================================
[2018.01.27-10.08.17:995][128]LogFbx: 	Attribute (ProtoBot) Type (4).
[2018.01.27-10.08.17:995][128]LogFbx: 		[Node Attribute Child 1] ProtoBot (Type Mesh).
[2018.01.27-10.08.17:995][128]LogFbx: Dumping Node END [ProtoBot]
[2018.01.27-10.08.18:000][128]LogFbx: SortedLinks :(0) TransRig
[2018.01.27-10.08.18:000][128]LogFbx: SortedLinks :(1) chest
[2018.01.27-10.08.18:000][128]LogFbx: SortedLinks :(2) head_r
[2018.01.27-10.08.18:000][128]LogFbx: SortedLinks :(3) hip
[2018.01.27-10.08.18:000][128]LogFbx: SortedLinks :(4) thigh_L
[2018.01.27-10.08.18:000][128]LogFbx: SortedLinks :(5) shin_L
[2018.01.27-10.08.18:000][128]LogFbx: SortedLinks :(6) foot_L
[2018.01.27-10.08.18:001][128]LogFbx: SortedLinks :(7) thigh_R
[2018.01.27-10.08.18:001][128]LogFbx: SortedLinks :(8) shin_R
[2018.01.27-10.08.18:001][128]LogFbx: SortedLinks :(9) foot_R
[2018.01.27-10.08.18:001][128]LogFbx: SortedLinks :(10) upper_arm_L
[2018.01.27-10.08.18:001][128]LogFbx: SortedLinks :(11) forearm_L
[2018.01.27-10.08.18:001][128]LogFbx: SortedLinks :(12) hand_L
[2018.01.27-10.08.18:001][128]LogFbx: SortedLinks :(13) fanculo_l
[2018.01.27-10.08.18:001][128]LogFbx: SortedLinks :(14) upper_arm_R
[2018.01.27-10.08.18:001][128]LogFbx: SortedLinks :(15) forearm_R
[2018.01.27-10.08.18:001][128]LogFbx: SortedLinks :(16) hand_R
[2018.01.27-10.08.18:001][128]LogFbx: SortedLinks :(17) fanculo_r
[2018.01.27-10.08.18:001][128]LogFbx: SortedLinks :(18) head_l
[2018.01.27-10.08.18:002][128]LogFbx: SortedLinks :(0) TransRig
[2018.01.27-10.08.18:002][128]LogFbx: SortedLinks :(1) chest
[2018.01.27-10.08.18:002][128]LogFbx: SortedLinks :(2) head_r
[2018.01.27-10.08.18:002][128]LogFbx: SortedLinks :(3) hip
[2018.01.27-10.08.18:002][128]LogFbx: SortedLinks :(4) thigh_L
[2018.01.27-10.08.18:002][128]LogFbx: SortedLinks :(5) shin_L
[2018.01.27-10.08.18:002][128]LogFbx: SortedLinks :(6) foot_L
[2018.01.27-10.08.18:002][128]LogFbx: SortedLinks :(7) thigh_R
[2018.01.27-10.08.18:002][128]LogFbx: SortedLinks :(8) shin_R
[2018.01.27-10.08.18:002][128]LogFbx: SortedLinks :(9) foot_R
[2018.01.27-10.08.18:003][128]LogFbx: SortedLinks :(10) upper_arm_L
[2018.01.27-10.08.18:003][128]LogFbx: SortedLinks :(11) forearm_L
[2018.01.27-10.08.18:003][128]LogFbx: SortedLinks :(12) hand_L
[2018.01.27-10.08.18:003][128]LogFbx: SortedLinks :(13) fanculo_l
[2018.01.27-10.08.18:003][128]LogFbx: SortedLinks :(14) upper_arm_R
[2018.01.27-10.08.18:003][128]LogFbx: SortedLinks :(15) forearm_R
[2018.01.27-10.08.18:003][128]LogFbx: SortedLinks :(16) hand_R
[2018.01.27-10.08.18:003][128]LogFbx: SortedLinks :(17) fanculo_r
[2018.01.27-10.08.18:003][128]LogFbx: SortedLinks :(18) head_l
[2018.01.27-10.08.18:003][128]LogFbx: SortedLinks :(0) TransRig
[2018.01.27-10.08.18:003][128]LogFbx: SortedLinks :(1) chest
[2018.01.27-10.08.18:004][128]LogFbx: SortedLinks :(2) head_r
[2018.01.27-10.08.18:004][128]LogFbx: SortedLinks :(3) hip
[2018.01.27-10.08.18:004][128]LogFbx: SortedLinks :(4) thigh_L
[2018.01.27-10.08.18:004][128]LogFbx: SortedLinks :(5) shin_L
[2018.01.27-10.08.18:004][128]LogFbx: SortedLinks :(6) foot_L
[2018.01.27-10.08.18:004][128]LogFbx: SortedLinks :(7) thigh_R
[2018.01.27-10.08.18:004][128]LogFbx: SortedLinks :(8) shin_R
[2018.01.27-10.08.18:004][128]LogFbx: SortedLinks :(9) foot_R
[2018.01.27-10.08.18:004][128]LogFbx: SortedLinks :(10) upper_arm_L
[2018.01.27-10.08.18:004][128]LogFbx: SortedLinks :(11) forearm_L
[2018.01.27-10.08.18:004][128]LogFbx: SortedLinks :(12) hand_L
[2018.01.27-10.08.18:005][128]LogFbx: SortedLinks :(13) fanculo_l
[2018.01.27-10.08.18:005][128]LogFbx: SortedLinks :(14) upper_arm_R
[2018.01.27-10.08.18:005][128]LogFbx: SortedLinks :(15) forearm_R
[2018.01.27-10.08.18:005][128]LogFbx: SortedLinks :(16) hand_R
[2018.01.27-10.08.18:005][128]LogFbx: SortedLinks :(17) fanculo_r
[2018.01.27-10.08.18:005][128]LogFbx: SortedLinks :(18) head_l
[2018.01.27-10.08.18:005][128]LogFbx: SortedLinks :(0) TransRig
[2018.01.27-10.08.18:005][128]LogFbx: SortedLinks :(1) chest
[2018.01.27-10.08.18:005][128]LogFbx: SortedLinks :(2) head_r
[2018.01.27-10.08.18:005][128]LogFbx: SortedLinks :(3) hip
[2018.01.27-10.08.18:005][128]LogFbx: SortedLinks :(4) thigh_L
[2018.01.27-10.08.18:006][128]LogFbx: SortedLinks :(5) shin_L
[2018.01.27-10.08.18:006][128]LogFbx: SortedLinks :(6) foot_L
[2018.01.27-10.08.18:006][128]LogFbx: SortedLinks :(7) thigh_R
[2018.01.27-10.08.18:006][128]LogFbx: SortedLinks :(8) shin_R
[2018.01.27-10.08.18:006][128]LogFbx: SortedLinks :(9) foot_R
[2018.01.27-10.08.18:006][128]LogFbx: SortedLinks :(10) upper_arm_L
[2018.01.27-10.08.18:006][128]LogFbx: SortedLinks :(11) forearm_L
[2018.01.27-10.08.18:006][128]LogFbx: SortedLinks :(12) hand_L
[2018.01.27-10.08.18:006][128]LogFbx: SortedLinks :(13) fanculo_l
[2018.01.27-10.08.18:006][128]LogFbx: SortedLinks :(14) upper_arm_R
[2018.01.27-10.08.18:006][128]LogFbx: SortedLinks :(15) forearm_R
[2018.01.27-10.08.18:007][128]LogFbx: SortedLinks :(16) hand_R
[2018.01.27-10.08.18:007][128]LogFbx: SortedLinks :(17) fanculo_r
[2018.01.27-10.08.18:007][128]LogFbx: SortedLinks :(18) head_l
[2018.01.27-10.08.18:007][128]LogFbx: SortedLinks :(0) TransRig
[2018.01.27-10.08.18:007][128]LogFbx: SortedLinks :(1) chest
[2018.01.27-10.08.18:007][128]LogFbx: SortedLinks :(2) head_r
[2018.01.27-10.08.18:007][128]LogFbx: SortedLinks :(3) hip
[2018.01.27-10.08.18:007][128]LogFbx: SortedLinks :(4) thigh_L
[2018.01.27-10.08.18:007][128]LogFbx: SortedLinks :(5) shin_L
[2018.01.27-10.08.18:007][128]LogFbx: SortedLinks :(6) foot_L
[2018.01.27-10.08.18:007][128]LogFbx: SortedLinks :(7) thigh_R
[2018.01.27-10.08.18:008][128]LogFbx: SortedLinks :(8) shin_R
[2018.01.27-10.08.18:008][128]LogFbx: SortedLinks :(9) foot_R
[2018.01.27-10.08.18:008][128]LogFbx: SortedLinks :(10) upper_arm_L
[2018.01.27-10.08.18:008][128]LogFbx: SortedLinks :(11) forearm_L
[2018.01.27-10.08.18:008][128]LogFbx: SortedLinks :(12) hand_L
[2018.01.27-10.08.18:008][128]LogFbx: SortedLinks :(13) fanculo_l
[2018.01.27-10.08.18:008][128]LogFbx: SortedLinks :(14) upper_arm_R
[2018.01.27-10.08.18:008][128]LogFbx: SortedLinks :(15) forearm_R
[2018.01.27-10.08.18:008][128]LogFbx: SortedLinks :(16) hand_R
[2018.01.27-10.08.18:008][128]LogFbx: SortedLinks :(17) fanculo_r
[2018.01.27-10.08.18:008][128]LogFbx: SortedLinks :(18) head_l
[2018.01.27-10.08.18:009][128]LogFbx: SortedLinks :(0) TransRig
[2018.01.27-10.08.18:009][128]LogFbx: SortedLinks :(1) chest
[2018.01.27-10.08.18:009][128]LogFbx: SortedLinks :(2) head_r
[2018.01.27-10.08.18:009][128]LogFbx: SortedLinks :(3) hip
[2018.01.27-10.08.18:009][128]LogFbx: SortedLinks :(4) thigh_L
[2018.01.27-10.08.18:009][128]LogFbx: SortedLinks :(5) shin_L
[2018.01.27-10.08.18:009][128]LogFbx: SortedLinks :(6) foot_L
[2018.01.27-10.08.18:009][128]LogFbx: SortedLinks :(7) thigh_R
[2018.01.27-10.08.18:009][128]LogFbx: SortedLinks :(8) shin_R
[2018.01.27-10.08.18:009][128]LogFbx: SortedLinks :(9) foot_R
[2018.01.27-10.08.18:010][128]LogFbx: SortedLinks :(10) upper_arm_L
[2018.01.27-10.08.18:010][128]LogFbx: SortedLinks :(11) forearm_L
[2018.01.27-10.08.18:010][128]LogFbx: SortedLinks :(12) hand_L
[2018.01.27-10.08.18:010][128]LogFbx: SortedLinks :(13) fanculo_l
[2018.01.27-10.08.18:010][128]LogFbx: SortedLinks :(14) upper_arm_R
[2018.01.27-10.08.18:010][128]LogFbx: SortedLinks :(15) forearm_R
[2018.01.27-10.08.18:010][128]LogFbx: SortedLinks :(16) hand_R
[2018.01.27-10.08.18:010][128]LogFbx: SortedLinks :(17) fanculo_r
[2018.01.27-10.08.18:010][128]LogFbx: SortedLinks :(18) head_l
[2018.01.27-10.08.18:026][128]LogFbx: Parsing AnimStack bot_vehicle
[2018.01.27-10.08.18:059][128]LogLinker: Can't find file '/Game/Graphics/Robot/ProtoBot_V1_Anim_bot_vehicle'
[2018.01.27-10.08.18:060][128]LogLinker: Can't find file '/Game/Graphics/Robot/ProtoBot_V1_Anim_bot_vehicle'
[2018.01.27-10.08.18:135][128]LogAnimationCompression: Building Anim DDC data for AnimSequence /Game/Graphics/Robot/ProtoBot_V1_Anim_bot_vehicle.ProtoBot_V1_Anim_bot_vehicle
[2018.01.27-10.08.18:159][128]LogAnimationCompression: Recompressing (AnimSequence /Engine/Transient.ProtoBot_V1_Anim_bot_vehicle) using current/default (AnimCompress_BitwiseCompressOnly_0) bFirstRecompressUsingCurrentOrDefault(1) bTryAlternateCompressor(0) IsCompressedDataValid(0)
[2018.01.27-10.08.18:243][128]LogFbx: Parsing AnimStack bot_Tpose
[2018.01.27-10.08.18:245][128]LogLinker: Can't find file '/Game/Graphics/Robot/ProtoBot_V1_Anim_bot_Tpose'
[2018.01.27-10.08.18:246][128]LogLinker: Can't find file '/Game/Graphics/Robot/ProtoBot_V1_Anim_bot_Tpose'
[2018.01.27-10.08.18:276][128]LogAnimationCompression: Building Anim DDC data for AnimSequence /Game/Graphics/Robot/ProtoBot_V1_Anim_bot_Tpose.ProtoBot_V1_Anim_bot_Tpose
[2018.01.27-10.08.18:276][128]LogAnimationCompression: Recompressing (AnimSequence /Engine/Transient.ProtoBot_V1_Anim_bot_Tpose) using current/default (AnimCompress_BitwiseCompressOnly_0) bFirstRecompressUsingCurrentOrDefault(1) bTryAlternateCompressor(0) IsCompressedDataValid(0)
[2018.01.27-10.08.18:284][128]LogFbx: Parsing AnimStack bot_step1_r
[2018.01.27-10.08.18:287][128]LogLinker: Can't find file '/Game/Graphics/Robot/ProtoBot_V1_Anim_bot_step1_r'
[2018.01.27-10.08.18:288][128]LogLinker: Can't find file '/Game/Graphics/Robot/ProtoBot_V1_Anim_bot_step1_r'
[2018.01.27-10.08.18:435][128]LogAnimationCompression: Building Anim DDC data for AnimSequence /Game/Graphics/Robot/ProtoBot_V1_Anim_bot_step1_r.ProtoBot_V1_Anim_bot_step1_r
[2018.01.27-10.08.18:435][128]LogAnimationCompression: Recompressing (AnimSequence /Engine/Transient.ProtoBot_V1_Anim_bot_step1_r) using current/default (AnimCompress_BitwiseCompressOnly_0) bFirstRecompressUsingCurrentOrDefault(1) bTryAlternateCompressor(0) IsCompressedDataValid(0)
[2018.01.27-10.08.18:444][128]LogFbx: Parsing AnimStack bot_step1_l
[2018.01.27-10.08.18:447][128]LogLinker: Can't find file '/Game/Graphics/Robot/ProtoBot_V1_Anim_bot_step1_l'
[2018.01.27-10.08.18:447][128]LogLinker: Can't find file '/Game/Graphics/Robot/ProtoBot_V1_Anim_bot_step1_l'
[2018.01.27-10.08.18:611][128]LogAnimationCompression: Building Anim DDC data for AnimSequence /Game/Graphics/Robot/ProtoBot_V1_Anim_bot_step1_l.ProtoBot_V1_Anim_bot_step1_l
[2018.01.27-10.08.18:612][128]LogAnimationCompression: Recompressing (AnimSequence /Engine/Transient.ProtoBot_V1_Anim_bot_step1_l) using current/default (AnimCompress_BitwiseCompressOnly_0) bFirstRecompressUsingCurrentOrDefault(1) bTryAlternateCompressor(0) IsCompressedDataValid(0)
[2018.01.27-10.08.18:620][128]LogFbx: Parsing AnimStack bot_step2_r
[2018.01.27-10.08.18:624][128]LogLinker: Can't find file '/Game/Graphics/Robot/ProtoBot_V1_Anim_bot_step2_r'
[2018.01.27-10.08.18:624][128]LogLinker: Can't find file '/Game/Graphics/Robot/ProtoBot_V1_Anim_bot_step2_r'
[2018.01.27-10.08.18:763][128]LogAnimationCompression: Building Anim DDC data for AnimSequence /Game/Graphics/Robot/ProtoBot_V1_Anim_bot_step2_r.ProtoBot_V1_Anim_bot_step2_r
[2018.01.27-10.08.18:763][128]LogAnimationCompression: Recompressing (AnimSequence /Engine/Transient.ProtoBot_V1_Anim_bot_step2_r) using current/default (AnimCompress_BitwiseCompressOnly_0) bFirstRecompressUsingCurrentOrDefault(1) bTryAlternateCompressor(0) IsCompressedDataValid(0)
[2018.01.27-10.08.18:772][128]LogFbx: Parsing AnimStack bot_step2_l
[2018.01.27-10.08.18:775][128]LogLinker: Can't find file '/Game/Graphics/Robot/ProtoBot_V1_Anim_bot_step2_l'
[2018.01.27-10.08.18:775][128]LogLinker: Can't find file '/Game/Graphics/Robot/ProtoBot_V1_Anim_bot_step2_l'
[2018.01.27-10.08.18:916][128]LogAnimationCompression: Building Anim DDC data for AnimSequence /Game/Graphics/Robot/ProtoBot_V1_Anim_bot_step2_l.ProtoBot_V1_Anim_bot_step2_l
[2018.01.27-10.08.18:916][128]LogAnimationCompression: Recompressing (AnimSequence /Engine/Transient.ProtoBot_V1_Anim_bot_step2_l) using current/default (AnimCompress_BitwiseCompressOnly_0) bFirstRecompressUsingCurrentOrDefault(1) bTryAlternateCompressor(0) IsCompressedDataValid(0)
[2018.01.27-10.08.19:076][129]LogSlate: Took 0.000567 seconds to synchronously load lazily loaded font '../../../Engine/Content/Slate/Fonts/Roboto-Light.ttf' (159K)
[2018.01.27-10.08.19:289][129]Cmd: OBJ SAVEPACKAGE PACKAGE="/Game/Graphics/Robot/ProtoBot_V1" FILE="../../../../../../Users/Domenico/Desktop/GGJ2018/GGJ2018/TRANSmission/Content/Graphics/Robot/ProtoBot_V1.uasset" SILENT=true
[2018.01.27-10.08.19:401][129]LogSavePackage: Save=104.91ms
[2018.01.27-10.08.19:401][129]LogSavePackage: Moving '../../../../../../Users/Domenico/Desktop/GGJ2018/GGJ2018/TRANSmission/Saved/ProtoBot_V1020DCB4141F36A2069792F8835C46C69.tmp' to '../../../../../../Users/Domenico/Desktop/GGJ2018/GGJ2018/TRANSmission/Content/Graphics/Robot/ProtoBot_V1.uasset'
[2018.01.27-10.08.19:415][129]LogSavePackage: Display: Finished SavePackage ../../../../../../Users/Domenico/Desktop/GGJ2018/GGJ2018/TRANSmission/Content/Graphics/Robot/ProtoBot_V1.uasset
[2018.01.27-10.08.22:429][277]AssetReimport: Importing new asset /Game/Graphics/Robot/ProtoBot_V1.
[2018.01.27-10.08.25:179][420]LogSlate: Took 0.000454 seconds to synchronously load lazily loaded font '../../../Engine/Content/Slate/Fonts/Roboto-Regular.ttf' (155K)
[2018.01.27-10.08.25:848][420]LogContentBrowser: Native class hierarchy updated for 'BlueprintGraph' in 0.0030 seconds. Added 116 classes and 0 folders.
[2018.01.27-10.08.34:076][752]BlueprintLog: New page: Compile BP_Vibrator
[2018.01.27-10.08.37:631][931]Cmd: OBJ SAVEPACKAGE PACKAGE="/Game/Gameplay/Vibration/BP_Vibrator" FILE="../../../../../../Users/Domenico/Desktop/GGJ2018/GGJ2018/TRANSmission/Content/Gameplay/Vibration/BP_Vibrator.uasset" SILENT=true
[2018.01.27-10.08.37:678][931]LogSavePackage: Save=32.57ms
[2018.01.27-10.08.37:678][931]LogSavePackage: Moving '../../../../../../Users/Domenico/Desktop/GGJ2018/GGJ2018/TRANSmission/Saved/BP_Vibrator723C73CD472A9843769086854EA3A4BB.tmp' to '../../../../../../Users/Domenico/Desktop/GGJ2018/GGJ2018/TRANSmission/Content/Gameplay/Vibration/BP_Vibrator.uasset'
[2018.01.27-10.08.37:689][931]LogSavePackage: Display: Finished SavePackage ../../../../../../Users/Domenico/Desktop/GGJ2018/GGJ2018/TRANSmission/Content/Gameplay/Vibration/BP_Vibrator.uasset
[2018.01.27-10.08.41:689][158]LogTemp: Repeating last play command: Selected Viewport
[2018.01.27-10.08.41:941][158]LogBlueprintUserMessages: Early PlayInEditor Detection: Level '/Game/ThirdPersonCPP/Maps/ThirdPersonExampleMap.ThirdPersonExampleMap:PersistentLevel' has LevelScriptBlueprint '/Game/ThirdPersonCPP/Maps/ThirdPersonExampleMap.ThirdPersonExampleMap:PersistentLevel.ThirdPersonExampleMap' with GeneratedClass '/Game/ThirdPersonCPP/Maps/ThirdPersonExampleMap.ThirdPersonExampleMap_C' with ClassGeneratedBy '/Game/ThirdPersonCPP/Maps/ThirdPersonExampleMap.ThirdPersonExampleMap:PersistentLevel.ThirdPersonExampleMap'
[2018.01.27-10.08.41:961][158]LogPlayLevel: PlayLevel: No blueprints needed recompiling
[2018.01.27-10.08.42:061][158]PIE: New page: PIE session: ThirdPersonExampleMap (Jan 27, 2018, 12:08:42 PM)
[2018.01.27-10.08.42:157][158]LogPlayLevel: Creating play world package: /Game/ThirdPersonCPP/Maps/UEDPIE_0_ThirdPersonExampleMap
[2018.01.27-10.08.42:220][158]LogPlayLevel: PIE: StaticDuplicateObject took: (0.062222s)
[2018.01.27-10.08.42:222][158]LogAIModule: Creating AISystem for world ThirdPersonExampleMap
[2018.01.27-10.08.42:233][158]LogPlayLevel: PIE: World Init took: (0.012874s)
[2018.01.27-10.08.42:234][158]LogPlayLevel: PIE: Created PIE world by copying editor world from /Game/ThirdPersonCPP/Maps/ThirdPersonExampleMap.ThirdPersonExampleMap to /Game/ThirdPersonCPP/Maps/UEDPIE_0_ThirdPersonExampleMap.ThirdPersonExampleMap (0.076365s)
[2018.01.27-10.08.42:416][158]LogInit: XAudio2 using 'Altoparlanti (Dispositivo High Definition Audio)' : 2 channels at 48 kHz using 16 bits per sample (channel mask 0x3)
[2018.01.27-10.08.42:439][158]LogInit: FAudioDevice initialized.
[2018.01.27-10.08.42:579][158]LogLoad: Game class is 'TRANSmissionGameMode'
[2018.01.27-10.08.42:812][158]LogWorld: Bringing World /Game/ThirdPersonCPP/Maps/UEDPIE_0_ThirdPersonExampleMap.ThirdPersonExampleMap up for play (max tick rate 0) at 2018.01.27-11.08.42
[2018.01.27-10.08.42:922][158]LogWorld: Bringing up level for play took: 0.132769
[2018.01.27-10.08.43:490][158]LogContentBrowser: Native class hierarchy updated for 'MovieSceneCapture' in 0.0013 seconds. Added 11 classes and 0 folders.
[2018.01.27-10.08.43:597][158]PIE: Play in editor start time for /Game/ThirdPersonCPP/Maps/UEDPIE_0_ThirdPersonExampleMap 1.532
[2018.01.27-10.08.43:598][158]LogBlueprintUserMessages: Late PlayInEditor Detection: Level '/Game/ThirdPersonCPP/Maps/ThirdPersonExampleMap.ThirdPersonExampleMap:PersistentLevel' has LevelScriptBlueprint '/Game/ThirdPersonCPP/Maps/ThirdPersonExampleMap.ThirdPersonExampleMap:PersistentLevel.ThirdPersonExampleMap' with GeneratedClass '/Game/ThirdPersonCPP/Maps/ThirdPersonExampleMap.ThirdPersonExampleMap_C' with ClassGeneratedBy '/Game/ThirdPersonCPP/Maps/ThirdPersonExampleMap.ThirdPersonExampleMap:PersistentLevel.ThirdPersonExampleMap'
[2018.01.27-10.08.50:150][523]LogBlueprintUserMessages: Early EndPlayMap Detection: Level '/Game/ThirdPersonCPP/Maps/ThirdPersonExampleMap.ThirdPersonExampleMap:PersistentLevel' has LevelScriptBlueprint '/Game/ThirdPersonCPP/Maps/ThirdPersonExampleMap.ThirdPersonExampleMap:PersistentLevel.ThirdPersonExampleMap' with GeneratedClass '/Game/ThirdPersonCPP/Maps/ThirdPersonExampleMap.ThirdPersonExampleMap_C' with ClassGeneratedBy '/Game/ThirdPersonCPP/Maps/ThirdPersonExampleMap.ThirdPersonExampleMap:PersistentLevel.ThirdPersonExampleMap'
[2018.01.27-10.08.50:295][523]LogBlueprintUserMessages: Late EndPlayMap Detection: Level '/Game/ThirdPersonCPP/Maps/ThirdPersonExampleMap.ThirdPersonExampleMap:PersistentLevel' has LevelScriptBlueprint '/Game/ThirdPersonCPP/Maps/ThirdPersonExampleMap.ThirdPersonExampleMap:PersistentLevel.ThirdPersonExampleMap' with GeneratedClass '/Game/ThirdPersonCPP/Maps/ThirdPersonExampleMap.ThirdPersonExampleMap_C' with ClassGeneratedBy '/Game/ThirdPersonCPP/Maps/ThirdPersonExampleMap.ThirdPersonExampleMap:PersistentLevel.ThirdPersonExampleMap'
[2018.01.27-10.08.51:765][622]LogTemp: Repeating last play command: Selected Viewport
[2018.01.27-10.08.51:788][622]LogBlueprintUserMessages: Early PlayInEditor Detection: Level '/Game/ThirdPersonCPP/Maps/ThirdPersonExampleMap.ThirdPersonExampleMap:PersistentLevel' has LevelScriptBlueprint '/Game/ThirdPersonCPP/Maps/ThirdPersonExampleMap.ThirdPersonExampleMap:PersistentLevel.ThirdPersonExampleMap' with GeneratedClass '/Game/ThirdPersonCPP/Maps/ThirdPersonExampleMap.ThirdPersonExampleMap_C' with ClassGeneratedBy '/Game/ThirdPersonCPP/Maps/ThirdPersonExampleMap.ThirdPersonExampleMap:PersistentLevel.ThirdPersonExampleMap'
[2018.01.27-10.08.51:788][622]LogPlayLevel: PlayLevel: No blueprints needed recompiling
[2018.01.27-10.08.51:789][622]PIE: New page: PIE session: ThirdPersonExampleMap (Jan 27, 2018, 12:08:51 PM)
[2018.01.27-10.08.51:789][622]LogPlayLevel: Creating play world package: /Game/ThirdPersonCPP/Maps/UEDPIE_0_ThirdPersonExampleMap
[2018.01.27-10.08.51:813][622]LogPlayLevel: PIE: StaticDuplicateObject took: (0.024115s)
[2018.01.27-10.08.51:815][622]LogAIModule: Creating AISystem for world ThirdPersonExampleMap
[2018.01.27-10.08.51:815][622]LogPlayLevel: PIE: World Init took: (0.001580s)
[2018.01.27-10.08.51:816][622]LogPlayLevel: PIE: Created PIE world by copying editor world from /Game/ThirdPersonCPP/Maps/ThirdPersonExampleMap.ThirdPersonExampleMap to /Game/ThirdPersonCPP/Maps/UEDPIE_0_ThirdPersonExampleMap.ThirdPersonExampleMap (0.026594s)
[2018.01.27-10.08.51:854][622]LogInit: XAudio2 using 'Altoparlanti (Dispositivo High Definition Audio)' : 2 channels at 48 kHz using 16 bits per sample (channel mask 0x3)
[2018.01.27-10.08.51:870][622]LogInit: FAudioDevice initialized.
[2018.01.27-10.08.51:935][622]LogLoad: Game class is 'TRANSmissionGameMode'
[2018.01.27-10.08.51:939][622]LogWorld: Bringing World /Game/ThirdPersonCPP/Maps/UEDPIE_0_ThirdPersonExampleMap.ThirdPersonExampleMap up for play (max tick rate 0) at 2018.01.27-11.08.51
[2018.01.27-10.08.51:939][622]LogWorld: Bringing up level for play took: 0.002985
[2018.01.27-10.08.51:941][622]PIE: Play in editor start time for /Game/ThirdPersonCPP/Maps/UEDPIE_0_ThirdPersonExampleMap -0.124
[2018.01.27-10.08.51:942][622]LogBlueprintUserMessages: Late PlayInEditor Detection: Level '/Game/ThirdPersonCPP/Maps/ThirdPersonExampleMap.ThirdPersonExampleMap:PersistentLevel' has LevelScriptBlueprint '/Game/ThirdPersonCPP/Maps/ThirdPersonExampleMap.ThirdPersonExampleMap:PersistentLevel.ThirdPersonExampleMap' with GeneratedClass '/Game/ThirdPersonCPP/Maps/ThirdPersonExampleMap.ThirdPersonExampleMap_C' with ClassGeneratedBy '/Game/ThirdPersonCPP/Maps/ThirdPersonExampleMap.ThirdPersonExampleMap:PersistentLevel.ThirdPersonExampleMap'
[2018.01.27-10.11.15:080][ 52]LogHttp: Warning: 000001E379BBA080: request failed, libcurl error: 35 (SSL connect error)
[2018.01.27-10.11.15:080][ 52]LogHttp: Warning: 000001E379BBA080: libcurl info message cache 0 (Connection 0 seems to be dead!)
[2018.01.27-10.11.15:080][ 52]LogHttp: Warning: 000001E379BBA080: libcurl info message cache 1 (Closing connection 0)
[2018.01.27-10.11.15:080][ 52]LogHttp: Warning: 000001E379BBA080: libcurl info message cache 2 (TLSv1.2 (OUT), TLS alert, Client hello (1):)
[2018.01.27-10.11.15:080][ 52]LogHttp: Warning: 000001E379BBA080: libcurl info message cache 3 (  Trying 34.206.16.5...)
[2018.01.27-10.11.15:081][ 52]LogHttp: Warning: 000001E379BBA080: libcurl info message cache 4 (Connected to datarouter.ol.epicgames.com (34.206.16.5) port 443 (#1))
[2018.01.27-10.11.15:081][ 52]LogHttp: Warning: 000001E379BBA080: libcurl info message cache 5 (ALPN, offering http/1.1)
[2018.01.27-10.11.15:081][ 52]LogHttp: Warning: 000001E379BBA080: libcurl info message cache 6 (Cipher selection: ALL:!EXPORT:!EXPORT40:!EXPORT56:!aNULL:!LOW:!RC4:@STRENGTH)
[2018.01.27-10.11.15:081][ 52]LogHttp: Warning: 000001E379BBA080: libcurl info message cache 7 (SSL re-using session ID)
[2018.01.27-10.11.15:081][ 52]LogHttp: Warning: 000001E379BBA080: libcurl info message cache 8 (TLSv1.2 (OUT), TLS handshake, Client hello (1):)
[2018.01.27-10.11.15:081][ 52]LogHttp: Warning: 000001E379BBA080: libcurl info message cache 9 (Unknown SSL protocol error in connection to datarouter.ol.epicgames.com:443 )
[2018.01.27-10.11.15:081][ 52]LogHttp: Warning: 000001E379BBA080: libcurl info message cache 10 (Closing connection 1)
[2018.01.27-10.11.17:413][158]LogBlueprintUserMessages: Early EndPlayMap Detection: Level '/Game/ThirdPersonCPP/Maps/ThirdPersonExampleMap.ThirdPersonExampleMap:PersistentLevel' has LevelScriptBlueprint '/Game/ThirdPersonCPP/Maps/ThirdPersonExampleMap.ThirdPersonExampleMap:PersistentLevel.ThirdPersonExampleMap' with GeneratedClass '/Game/ThirdPersonCPP/Maps/ThirdPersonExampleMap.ThirdPersonExampleMap_C' with ClassGeneratedBy '/Game/ThirdPersonCPP/Maps/ThirdPersonExampleMap.ThirdPersonExampleMap:PersistentLevel.ThirdPersonExampleMap'
[2018.01.27-10.11.17:454][158]LogBlueprintUserMessages: Late EndPlayMap Detection: Level '/Game/ThirdPersonCPP/Maps/ThirdPersonExampleMap.ThirdPersonExampleMap:PersistentLevel' has LevelScriptBlueprint '/Game/ThirdPersonCPP/Maps/ThirdPersonExampleMap.ThirdPersonExampleMap:PersistentLevel.ThirdPersonExampleMap' with GeneratedClass '/Game/ThirdPersonCPP/Maps/ThirdPersonExampleMap.ThirdPersonExampleMap_C' with ClassGeneratedBy '/Game/ThirdPersonCPP/Maps/ThirdPersonExampleMap.ThirdPersonExampleMap:PersistentLevel.ThirdPersonExampleMap'
[2018.01.27-10.11.18:925][229]LogSavePackage: Save=332.42ms
[2018.01.27-10.11.18:925][229]LogSavePackage: Moving '../../../../../../Users/Domenico/Desktop/GGJ2018/GGJ2018/TRANSmission/Saved/ThirdPersonExampleMapFEC2EAA14DBB09869AAA8CB2DCAAD14D.tmp' to '../../../../../../Users/Domenico/Desktop/GGJ2018/GGJ2018/TRANSmission/Content/ThirdPersonCPP/Maps/ThirdPersonExampleMap.umap'
[2018.01.27-10.11.18:940][229]LogSavePackage: Display: Finished SavePackage ../../../../../../Users/Domenico/Desktop/GGJ2018/GGJ2018/TRANSmission/Content/ThirdPersonCPP/Maps/ThirdPersonExampleMap.umap
[2018.01.27-10.11.20:119][229]LogSavePackage: Save=303.46ms
[2018.01.27-10.11.20:119][229]LogSavePackage: Moving '../../../../../../Users/Domenico/Desktop/GGJ2018/GGJ2018/TRANSmission/Saved/ThirdPersonExampleMap_BuiltData43E2C1E645FDBB87A44F3EA56D03F00F.tmp' to '../../../../../../Users/Domenico/Desktop/GGJ2018/GGJ2018/TRANSmission/Content/ThirdPersonCPP/Maps/ThirdPersonExampleMap_BuiltData.uasset'
[2018.01.27-10.11.20:125][229]LogSavePackage: Display: Finished SavePackage ../../../../../../Users/Domenico/Desktop/GGJ2018/GGJ2018/TRANSmission/Content/ThirdPersonCPP/Maps/ThirdPersonExampleMap_BuiltData.uasset
