Log file open, 01/27/18 10:13:48
LogWindows: Failed to load 'aqProf.dll' (GetLastError=126)
LogWindows: File 'aqProf.dll' does not exist
LogWindows: Failed to load 'VtuneApi.dll' (GetLastError=126)
LogWindows: File 'VtuneApi.dll' does not exist
LogWindows: Failed to load 'VtuneApi32e.dll' (GetLastError=126)
LogWindows: File 'VtuneApi32e.dll' does not exist
LogInit: Display: Running engine for game: TRANSmission
LogPlatformFile: Not using cached read wrapper
LogInit: Display: RandInit(-2083646309) SRandInit(-2083646309).
LogInit: Read version file with build ID '3709383'
LogInit: Overriding engine version to CL 3832480, compatible CL 3709383
LogInit: Registered custom module enumerator with build ID '3709383'
LogTaskGraph: Started task graph with 5 named threads and 14 total threads with 3 sets of task threads.
LogStats: Stats thread started at 0.516147
LogD3D11RHI: Aftermath initialized
LogPluginManager: Mounting plugin Paper2D
LogPluginManager: Mounting plugin LightPropagationVolume
LogPluginManager: Mounting plugin CodeLiteSourceCodeAccess
LogPluginManager: Mounting plugin GitSourceControl
LogPluginManager: Mounting plugin KDevelopSourceCodeAccess
LogPluginManager: Mounting plugin NullSourceCodeAccess
LogPluginManager: Mounting plugin PerforceSourceControl
LogPluginManager: Mounting plugin SubversionSourceControl
LogPluginManager: Mounting plugin UObjectPlugin
LogPluginManager: Mounting plugin VisualStudioCodeSourceCodeAccess
LogPluginManager: Mounting plugin VisualStudioSourceCodeAccess
LogPluginManager: Mounting plugin XCodeSourceCodeAccess
LogPluginManager: Mounting plugin AssetManagerEditor
LogPluginManager: Mounting plugin AudioCapture
LogPluginManager: Mounting plugin FacialAnimation
LogPluginManager: Mounting plugin GameplayTagsEditor
LogPluginManager: Mounting plugin MobileLauncherProfileWizard
LogPluginManager: Mounting plugin PluginBrowser
LogPluginManager: Mounting plugin SpeedTreeImporter
LogPluginManager: Mounting plugin AlembicImporter
LogPluginManager: Mounting plugin CharacterAI
LogPluginManager: Mounting plugin HTML5Networking
LogPluginManager: Mounting plugin AndroidMedia
LogPluginManager: Mounting plugin AvfMedia
LogPluginManager: Mounting plugin ImgMedia
LogPluginManager: Mounting plugin MediaCompositing
LogPluginManager: Mounting plugin MediaPlayerEditor
LogPluginManager: Mounting plugin WmfMedia
LogPluginManager: Mounting plugin TcpMessaging
LogPluginManager: Mounting plugin UdpMessaging
LogPluginManager: Mounting plugin ActorSequence
LogPluginManager: Mounting plugin LevelSequenceEditor
LogPluginManager: Mounting plugin MatineeToLevelSequence
LogPluginManager: Mounting plugin OnlineSubsystemGooglePlay
LogPluginManager: Mounting plugin OnlineSubsystemIOS
LogPluginManager: Mounting plugin OnlineSubsystem
LogPluginManager: Mounting plugin OnlineSubsystemNull
LogPluginManager: Mounting plugin OnlineSubsystemUtils
LogPluginManager: Mounting plugin AndroidDeviceProfileSelector
LogPluginManager: Mounting plugin AndroidMoviePlayer
LogPluginManager: Mounting plugin AndroidPermission
LogPluginManager: Mounting plugin AppleARKit
LogPluginManager: Mounting plugin AppleMoviePlayer
LogPluginManager: Mounting plugin ArchVisCharacter
LogPluginManager: Mounting plugin CableComponent
LogPluginManager: Mounting plugin CustomMeshComponent
LogPluginManager: Mounting plugin ExampleDeviceProfileSelector
LogPluginManager: Mounting plugin GoogleCloudMessaging
LogPluginManager: Mounting plugin ImmediatePhysics
LogPluginManager: Mounting plugin IOSDeviceProfileSelector
LogPluginManager: Mounting plugin LinuxDeviceProfileSelector
LogPluginManager: Mounting plugin LocationServicesBPLibrary
LogPluginManager: Mounting plugin MobilePatchingUtils
LogPluginManager: Mounting plugin OculusVR
LogPluginManager: Plugin shader directory ../../../Engine/Plugins/Runtime/Oculus/OculusVR/Shaders found
LogPluginManager: Mapping shader source directory ../../../Engine/Plugins/Runtime/Oculus/OculusVR/Shaders to virtual directory /Plugin/OculusVR
LogPluginManager: Mounting plugin PhysXVehicles
LogPluginManager: Mounting plugin ProceduralMeshComponent
LogPluginManager: Mounting plugin RuntimePhysXCooking
LogPluginManager: Mounting plugin SteamVR
LogPluginManager: Mounting plugin WindowsMoviePlayer
LogModuleManager: Display: Found up-to-date module file ../../../../../../Users/Domenico/Desktop/GGJ2018/GGJ2018/TRANSmission/Binaries/Win64/UE4Editor-TRANSmission.dll (API version 3709383).
LogModuleManager: Display: Found up-to-date module file ../../../Engine/Plugins/2D/Paper2D/Binaries/Win64/UE4Editor-Paper2D.dll (API version 3709383).
LogModuleManager: Display: Found up-to-date module file ../../../Engine/Plugins/2D/Paper2D/Binaries/Win64/UE4Editor-Paper2DEditor.dll (API version 3709383).
LogModuleManager: Display: Found up-to-date module file ../../../Engine/Plugins/2D/Paper2D/Binaries/Win64/UE4Editor-PaperSpriteSheetImporter.dll (API version 3709383).
LogModuleManager: Display: Found up-to-date module file ../../../Engine/Plugins/2D/Paper2D/Binaries/Win64/UE4Editor-PaperTiledImporter.dll (API version 3709383).
LogModuleManager: Display: Found up-to-date module file ../../../Engine/Plugins/2D/Paper2D/Binaries/Win64/UE4Editor-SmartSnapping.dll (API version 3709383).
LogModuleManager: Display: Found up-to-date module file ../../../Engine/Plugins/Blendables/LightPropagationVolume/Binaries/Win64/UE4Editor-LightPropagationVolumeRuntime.dll (API version 3709383).
LogModuleManager: Display: Found up-to-date module file ../../../Engine/Plugins/Blendables/LightPropagationVolume/Binaries/Win64/UE4Editor-LightPropagationVolumeEditor.dll (API version 3709383).
LogModuleManager: Display: Found up-to-date module file ../../../Engine/Plugins/Developer/GitSourceControl/Binaries/Win64/UE4Editor-GitSourceControl.dll (API version 3709383).
LogModuleManager: Display: Found up-to-date module file ../../../Engine/Plugins/Developer/PerforceSourceControl/Binaries/Win64/UE4Editor-PerforceSourceControl.dll (API version 3709383).
LogModuleManager: Display: Found up-to-date module file ../../../Engine/Plugins/Developer/SubversionSourceControl/Binaries/Win64/UE4Editor-SubversionSourceControl.dll (API version 3709383).
LogModuleManager: Display: Found up-to-date module file ../../../Engine/Plugins/Developer/UObjectPlugin/Binaries/Win64/UE4Editor-UObjectPlugin.dll (API version 3709383).
LogModuleManager: Display: Found up-to-date module file ../../../Engine/Plugins/Developer/VisualStudioCodeSourceCodeAccess/Binaries/Win64/UE4Editor-VisualStudioCodeSourceCodeAccess.dll (API version 3709383).
LogModuleManager: Display: Found up-to-date module file ../../../Engine/Plugins/Developer/VisualStudioSourceCodeAccess/Binaries/Win64/UE4Editor-VisualStudioSourceCodeAccess.dll (API version 3709383).
LogModuleManager: Display: Found up-to-date module file ../../../Engine/Plugins/Editor/AssetManagerEditor/Binaries/Win64/UE4Editor-AssetManagerEditor.dll (API version 3709383).
LogModuleManager: Display: Found up-to-date module file ../../../Engine/Plugins/Editor/AudioCapture/Binaries/Win64/UE4Editor-AudioCapture.dll (API version 3709383).
LogModuleManager: Display: Found up-to-date module file ../../../Engine/Plugins/Editor/FacialAnimation/Binaries/Win64/UE4Editor-FacialAnimation.dll (API version 3709383).
LogModuleManager: Display: Found up-to-date module file ../../../Engine/Plugins/Editor/FacialAnimation/Binaries/Win64/UE4Editor-FacialAnimationEditor.dll (API version 3709383).
LogModuleManager: Display: Found up-to-date module file ../../../Engine/Plugins/Editor/GameplayTagsEditor/Binaries/Win64/UE4Editor-GameplayTagsEditor.dll (API version 3709383).
LogModuleManager: Display: Found up-to-date module file ../../../Engine/Plugins/Editor/MobileLauncherProfileWizard/Binaries/Win64/UE4Editor-MobileLauncherProfileWizard.dll (API version 3709383).
LogModuleManager: Display: Found up-to-date module file ../../../Engine/Plugins/Editor/PluginBrowser/Binaries/Win64/UE4Editor-PluginBrowser.dll (API version 3709383).
LogModuleManager: Display: Found up-to-date module file ../../../Engine/Plugins/Editor/SpeedTreeImporter/Binaries/Win64/UE4Editor-SpeedTreeImporter.dll (API version 3709383).
LogModuleManager: Display: Found up-to-date module file ../../../Engine/Plugins/Experimental/AlembicImporter/Binaries/Win64/UE4Editor-AlembicImporter.dll (API version 3709383).
LogModuleManager: Display: Found up-to-date module file ../../../Engine/Plugins/Experimental/AlembicImporter/Binaries/Win64/UE4Editor-AlembicLibrary.dll (API version 3709383).
LogModuleManager: Display: Found up-to-date module file ../../../Engine/Plugins/Experimental/CharacterAI/Binaries/Win64/UE4Editor-CharacterAI.dll (API version 3709383).
LogModuleManager: Display: Found up-to-date module file ../../../Engine/Plugins/Experimental/HTML5Networking/Binaries/Win64/UE4Editor-HTML5Networking.dll (API version 3709383).
LogModuleManager: Display: Found up-to-date module file ../../../Engine/Plugins/Media/AndroidMedia/Binaries/Win64/UE4Editor-AndroidMediaEditor.dll (API version 3709383).
LogModuleManager: Display: Found up-to-date module file ../../../Engine/Plugins/Media/AndroidMedia/Binaries/Win64/UE4Editor-AndroidMediaFactory.dll (API version 3709383).
LogModuleManager: Display: Found up-to-date module file ../../../Engine/Plugins/Media/AvfMedia/Binaries/Win64/UE4Editor-AvfMediaEditor.dll (API version 3709383).
LogModuleManager: Display: Found up-to-date module file ../../../Engine/Plugins/Media/AvfMedia/Binaries/Win64/UE4Editor-AvfMediaFactory.dll (API version 3709383).
LogModuleManager: Display: Found up-to-date module file ../../../Engine/Plugins/Media/AvfMedia/Binaries/Win64/UE4Editor-AvfMediaFactory.dll (API version 3709383).
LogModuleManager: Display: Found up-to-date module file ../../../Engine/Plugins/Media/ImgMedia/Binaries/Win64/UE4Editor-ImgMedia.dll (API version 3709383).
LogModuleManager: Display: Found up-to-date module file ../../../Engine/Plugins/Media/ImgMedia/Binaries/Win64/UE4Editor-ImgMediaEditor.dll (API version 3709383).
LogModuleManager: Display: Found up-to-date module file ../../../Engine/Plugins/Media/ImgMedia/Binaries/Win64/UE4Editor-ImgMediaFactory.dll (API version 3709383).
LogModuleManager: Display: Found up-to-date module file ../../../Engine/Plugins/Media/ImgMedia/Binaries/Win64/UE4Editor-ImgMediaFactory.dll (API version 3709383).
LogModuleManager: Display: Found up-to-date module file ../../../Engine/Plugins/Media/ImgMedia/Binaries/Win64/UE4Editor-OpenExrWrapper.dll (API version 3709383).
LogModuleManager: Display: Found up-to-date module file ../../../Engine/Plugins/Media/MediaCompositing/Binaries/Win64/UE4Editor-MediaCompositing.dll (API version 3709383).
LogModuleManager: Display: Found up-to-date module file ../../../Engine/Plugins/Media/MediaCompositing/Binaries/Win64/UE4Editor-MediaCompositingEditor.dll (API version 3709383).
LogModuleManager: Display: Found up-to-date module file ../../../Engine/Plugins/Media/MediaPlayerEditor/Binaries/Win64/UE4Editor-MediaPlayerEditor.dll (API version 3709383).
LogModuleManager: Display: Found up-to-date module file ../../../Engine/Plugins/Media/WmfMedia/Binaries/Win64/UE4Editor-WmfMedia.dll (API version 3709383).
LogModuleManager: Display: Found up-to-date module file ../../../Engine/Plugins/Media/WmfMedia/Binaries/Win64/UE4Editor-WmfMediaEditor.dll (API version 3709383).
LogModuleManager: Display: Found up-to-date module file ../../../Engine/Plugins/Media/WmfMedia/Binaries/Win64/UE4Editor-WmfMediaFactory.dll (API version 3709383).
LogModuleManager: Display: Found up-to-date module file ../../../Engine/Plugins/Media/WmfMedia/Binaries/Win64/UE4Editor-WmfMediaFactory.dll (API version 3709383).
LogModuleManager: Display: Found up-to-date module file ../../../Engine/Plugins/Messaging/TcpMessaging/Binaries/Win64/UE4Editor-TcpMessaging.dll (API version 3709383).
LogModuleManager: Display: Found up-to-date module file ../../../Engine/Plugins/Messaging/UdpMessaging/Binaries/Win64/UE4Editor-UdpMessaging.dll (API version 3709383).
LogModuleManager: Display: Found up-to-date module file ../../../Engine/Plugins/MovieScene/ActorSequence/Binaries/Win64/UE4Editor-ActorSequence.dll (API version 3709383).
LogModuleManager: Display: Found up-to-date module file ../../../Engine/Plugins/MovieScene/LevelSequenceEditor/Binaries/Win64/UE4Editor-LevelSequenceEditor.dll (API version 3709383).
LogModuleManager: Display: Found up-to-date module file ../../../Engine/Plugins/MovieScene/MatineeToLevelSequence/Binaries/Win64/UE4Editor-MatineeToLevelSequence.dll (API version 3709383).
LogModuleManager: Display: Found up-to-date module file ../../../Engine/Plugins/Online/OnlineSubsystem/Binaries/Win64/UE4Editor-OnlineSubsystem.dll (API version 3709383).
LogModuleManager: Display: Found up-to-date module file ../../../Engine/Plugins/Online/OnlineSubsystemNull/Binaries/Win64/UE4Editor-OnlineSubsystemNull.dll (API version 3709383).
LogModuleManager: Display: Found up-to-date module file ../../../Engine/Plugins/Online/OnlineSubsystemUtils/Binaries/Win64/UE4Editor-OnlineSubsystemUtils.dll (API version 3709383).
LogModuleManager: Display: Found up-to-date module file ../../../Engine/Plugins/Online/OnlineSubsystemUtils/Binaries/Win64/UE4Editor-OnlineBlueprintSupport.dll (API version 3709383).
LogModuleManager: Display: Found up-to-date module file ../../../Engine/Plugins/Runtime/AndroidDeviceProfileSelector/Binaries/Win64/UE4Editor-AndroidDeviceProfileSelector.dll (API version 3709383).
LogModuleManager: Display: Found up-to-date module file ../../../Engine/Plugins/Runtime/AndroidPermission/Binaries/Win64/UE4Editor-AndroidPermission.dll (API version 3709383).
LogModuleManager: Display: Found up-to-date module file ../../../Engine/Plugins/Runtime/AppleARKit/Binaries/Win64/UE4Editor-AppleARKit.dll (API version 3709383).
LogModuleManager: Display: Found up-to-date module file ../../../Engine/Plugins/Runtime/ArchVisCharacter/Binaries/Win64/UE4Editor-ArchVisCharacter.dll (API version 3709383).
LogModuleManager: Display: Found up-to-date module file ../../../Engine/Plugins/Runtime/CableComponent/Binaries/Win64/UE4Editor-CableComponent.dll (API version 3709383).
LogModuleManager: Display: Found up-to-date module file ../../../Engine/Plugins/Runtime/CustomMeshComponent/Binaries/Win64/UE4Editor-CustomMeshComponent.dll (API version 3709383).
LogModuleManager: Display: Found up-to-date module file ../../../Engine/Plugins/Runtime/ExampleDeviceProfileSelector/Binaries/Win64/UE4Editor-ExampleDeviceProfileSelector.dll (API version 3709383).
LogModuleManager: Display: Found up-to-date module file ../../../Engine/Plugins/Runtime/ImmediatePhysics/Binaries/Win64/UE4Editor-ImmediatePhysics.dll (API version 3709383).
LogModuleManager: Display: Found up-to-date module file ../../../Engine/Plugins/Runtime/ImmediatePhysics/Binaries/Win64/UE4Editor-ImmediatePhysicsEditor.dll (API version 3709383).
LogModuleManager: Display: Found up-to-date module file ../../../Engine/Plugins/Runtime/LocationServicesBPLibrary/Binaries/Win64/UE4Editor-LocationServicesBPLibrary.dll (API version 3709383).
LogModuleManager: Display: Found up-to-date module file ../../../Engine/Plugins/Runtime/MobilePatchingUtils/Binaries/Win64/UE4Editor-MobilePatchingUtils.dll (API version 3709383).
LogModuleManager: Display: Found up-to-date module file ../../../Engine/Plugins/Runtime/Oculus/OculusVR/Binaries/Win64/UE4Editor-OculusHMD.dll (API version 3709383).
LogModuleManager: Display: Found up-to-date module file ../../../Engine/Plugins/Runtime/Oculus/OculusVR/Binaries/Win64/UE4Editor-OculusInput.dll (API version 3709383).
LogModuleManager: Display: Found up-to-date module file ../../../Engine/Plugins/Runtime/Oculus/OculusVR/Binaries/Win64/UE4Editor-OculusEditor.dll (API version 3709383).
LogModuleManager: Display: Found up-to-date module file ../../../Engine/Plugins/Runtime/PhysXVehicles/Binaries/Win64/UE4Editor-PhysXVehicles.dll (API version 3709383).
LogModuleManager: Display: Found up-to-date module file ../../../Engine/Plugins/Runtime/PhysXVehicles/Binaries/Win64/UE4Editor-PhysXVehiclesEditor.dll (API version 3709383).
LogModuleManager: Display: Found up-to-date module file ../../../Engine/Plugins/Runtime/ProceduralMeshComponent/Binaries/Win64/UE4Editor-ProceduralMeshComponent.dll (API version 3709383).
LogModuleManager: Display: Found up-to-date module file ../../../Engine/Plugins/Runtime/ProceduralMeshComponent/Binaries/Win64/UE4Editor-ProceduralMeshComponentEditor.dll (API version 3709383).
LogModuleManager: Display: Found up-to-date module file ../../../Engine/Plugins/Runtime/RuntimePhysXCooking/Binaries/Win64/UE4Editor-RuntimePhysXCooking.dll (API version 3709383).
LogModuleManager: Display: Found up-to-date module file ../../../Engine/Plugins/Runtime/Steam/SteamVR/Binaries/Win64/UE4Editor-SteamVR.dll (API version 3709383).
LogModuleManager: Display: Found up-to-date module file ../../../Engine/Plugins/Runtime/Steam/SteamVR/Binaries/Win64/UE4Editor-SteamVRController.dll (API version 3709383).
LogModuleManager: Display: Found up-to-date module file ../../../Engine/Plugins/Runtime/WindowsMoviePlayer/Binaries/Win64/UE4Editor-WindowsMoviePlayer.dll (API version 3709383).
LogInit: Using libcurl 7.47.1
LogInit:  - built for x86_64-pc-win32
LogInit:  - supports SSL with OpenSSL/1.0.2g
LogInit:  - supports HTTP deflate (compression) using libz 1.2.8
LogInit:  - other features:
LogInit:      CURL_VERSION_SSL
LogInit:      CURL_VERSION_LIBZ
LogInit:      CURL_VERSION_IPV6
LogInit:      CURL_VERSION_ASYNCHDNS
LogInit:      CURL_VERSION_LARGEFILE
LogInit:      CURL_VERSION_IDN
LogInit:  CurlRequestOptions (configurable via config and command line):
LogInit:  - bVerifyPeer = false  - Libcurl will NOT verify peer certificate
LogInit:  - bUseHttpProxy = false  - Libcurl will NOT use HTTP proxy
LogInit:  - bDontReuseConnections = false  - Libcurl will reuse connections
LogInit:  - CertBundlePath = nullptr  - Libcurl will use whatever was configured at build time.
LogInit: Build: ++UE4+Release-4.18-CL-3832480
LogInit: Engine Version: 4.18.3-3832480+++UE4+Release-4.18
LogInit: Compatible Engine Version: 4.18.0-3709383+++UE4+Release-4.18
LogInit: Net CL: 3709383
LogDevObjectVersion: Number of dev versions registered: 16
LogDevObjectVersion:   Dev-Blueprints (B0D832E4-1F89-4F0D-ACCF-7EB736FD4AA2): 10
LogDevObjectVersion:   Dev-Build (E1C64328-A22C-4D53-A36C-8E866417BD8C): 0
LogDevObjectVersion:   Dev-Core (375EC13C-06E4-48FB-B500-84F0262A717E): 2
LogDevObjectVersion:   Dev-Editor (E4B068ED-F494-42E9-A231-DA0B2E46BB41): 20
LogDevObjectVersion:   Dev-Framework (CFFC743F-43B0-4480-9391-14DF171D2073): 30
LogDevObjectVersion:   Dev-Mobile (B02B49B5-BB20-44E9-A304-32B752E40360): 0
LogDevObjectVersion:   Dev-Networking (A4E4105C-59A1-49B5-A7C5-40C4547EDFEE): 0
LogDevObjectVersion:   Dev-Online (39C831C9-5AE6-47DC-9A44-9C173E1C8E7C): 0
LogDevObjectVersion:   Dev-Physics (78F01B33-EBEA-4F98-B9B4-84EACCB95AA2): 0
LogDevObjectVersion:   Dev-Platform (6631380F-2D4D-43E0-8009-CF276956A95A): 0
LogDevObjectVersion:   Dev-Rendering (12F88B9F-8875-4AFC-A67C-D90C383ABD29): 20
LogDevObjectVersion:   Dev-Sequencer (7B5AE74C-D270-4C10-A958-57980B212A5A): 4
LogDevObjectVersion:   Dev-VR (D7296918-1DD6-4BDD-9DE2-64A83CC13884): 0
LogDevObjectVersion:   Dev-LoadTimes (C2A15278-BFE7-4AFE-6C17-90FF531DF755): 1
LogDevObjectVersion:   Private-Geometry (6EACA3D4-40EC-4CC1-B786-8BED09428FC5): 1
LogDevObjectVersion:   Dev-AnimPhys (29E575DD-E0A3-4627-9D10-D276232CDCEA): 12
LogInit: Compiled (64-bit): Jan 12 2018 02:04:55
LogInit: Compiled with Visual C++: 19.00.24215.01
LogInit: Build Configuration: Development
LogInit: Branch Name: ++UE4+Release-4.18
LogInit: Command line:  -skipcompile
LogInit: Base directory: C:/Program Files/Epic Games/UE_4.18/Engine/Binaries/Win64/
LogInit: Installed Engine Build: 1
LogInit: Presizing for max 8388607 objects, including 0 objects not considered by GC, pre-allocating 0 bytes for permanent pool.
LogInit: Object subsystem initialized
[2018.01.27-09.13.51:019][  0]LogInit: Selected Device Profile: [Windows]
[2018.01.27-09.13.51:019][  0]LogInit: Applying CVar settings loaded from the selected device profile: [Windows]
[2018.01.27-09.13.51:084][  0]LogInit: Computer: CLARISSA
[2018.01.27-09.13.51:084][  0]LogInit: User: Domenico
[2018.01.27-09.13.51:084][  0]LogInit: CPU Page size=4096, Cores=4
[2018.01.27-09.13.51:084][  0]LogInit: High frequency timer resolution =2.338339 MHz
[2018.01.27-09.13.51:085][  0]LogMemory: Memory total: Physical=7.9GB (8GB approx)
[2018.01.27-09.13.51:085][  0]LogMemory: Platform Memory Stats for Windows
[2018.01.27-09.13.51:085][  0]LogMemory: Process Physical Memory: 276.34 MB used, 276.34 MB peak
[2018.01.27-09.13.51:085][  0]LogMemory: Process Virtual Memory: 269.76 MB used, 269.76 MB peak
[2018.01.27-09.13.51:085][  0]LogMemory: Physical Memory: 5629.20 MB used,  2494.83 MB free, 8124.02 MB total
[2018.01.27-09.13.51:085][  0]LogMemory: Virtual Memory: 678.30 MB used,  2494.83 MB free, 134217728.00 MB total
[2018.01.27-09.13.51:874][  0]LogInit: Using OS detected language (it-IT).
[2018.01.27-09.13.51:874][  0]LogInit: Using OS detected locale (it-IT).
[2018.01.27-09.13.52:004][  0]LogTextLocalizationManager: No localization for 'it-IT' exists, so 'en' will be used for the language.
[2018.01.27-09.13.52:005][  0]LogTextLocalizationManager: No localization for 'it-IT' exists, so 'en' will be used for the locale.
[2018.01.27-09.13.53:138][  0]LogInit: Setting process to per monitor DPI aware
[2018.01.27-09.13.54:198][  0]LogD3D11RHI: D3D11 adapters:
[2018.01.27-09.13.54:466][  0]LogD3D11RHI:    0. 'NVIDIA GeForce GT 740M' (Feature Level 11_0)
[2018.01.27-09.13.54:466][  0]LogD3D11RHI:       2020/0/4062 MB DedicatedVideo/DedicatedSystem/SharedSystem, Outputs:1, VendorId:0x10de
[2018.01.27-09.13.54:498][  0]LogD3D11RHI:    1. 'Intel(R) HD Graphics 4600' (Feature Level 11_0)
[2018.01.27-09.13.54:498][  0]LogD3D11RHI:       112/0/2048 MB DedicatedVideo/DedicatedSystem/SharedSystem, Outputs:0, VendorId:0x8086
[2018.01.27-09.13.54:542][  0]LogD3D11RHI:    2. 'Microsoft Basic Render Driver' (Feature Level 11_0)
[2018.01.27-09.13.54:542][  0]LogD3D11RHI:       0/0/4062 MB DedicatedVideo/DedicatedSystem/SharedSystem, Outputs:0, VendorId:0x1414
[2018.01.27-09.13.54:542][  0]LogD3D11RHI: Chosen D3D11 Adapter: 0
[2018.01.27-09.13.54:550][  0]LogD3D11RHI: Creating new Direct3DDevice
[2018.01.27-09.13.54:550][  0]LogD3D11RHI:     GPU DeviceId: 0x1292 (for the marketing name, search the web for "GPU Device Id")
[2018.01.27-09.13.54:550][  0]LogWindows: EnumDisplayDevices:
[2018.01.27-09.13.54:550][  0]LogWindows:    0. 'Intel(R) HD Graphics 4600' (P:1 D:1)
[2018.01.27-09.13.54:551][  0]LogWindows:    1. 'Intel(R) HD Graphics 4600' (P:0 D:0)
[2018.01.27-09.13.54:551][  0]LogWindows:    2. 'Intel(R) HD Graphics 4600' (P:0 D:0)
[2018.01.27-09.13.54:551][  0]LogWindows: DebugString: GetVideoDriverDetailsInvalid PrimaryIsNotTheChoosenAdapter GetVideoDriverDetailsInvalid PrimaryIsNotTheChoosenAdapter GetVideoDriverDetailsInvalid PrimaryIsNotTheChoosenAdapter FoundDriverCount:0 
[2018.01.27-09.13.54:551][  0]LogD3D11RHI:     Adapter Name: NVIDIA GeForce GT 740M
[2018.01.27-09.13.54:551][  0]LogD3D11RHI:   Driver Version: Unknown (internal:Unknown, unified:Unknown)
[2018.01.27-09.13.54:551][  0]LogD3D11RHI:      Driver Date: Unknown
[2018.01.27-09.13.54:551][  0]LogRHI: Texture pool is 1414 MB (70% of 2020 MB)
[2018.01.27-09.13.54:586][  0]LogD3D11RHI: Async texture creation enabled
[2018.01.27-09.13.54:600][  0]LogD3D11RHI: GPU Timing Frequency: 1000.000000 (Debug: 2 1)
[2018.01.27-09.13.54:601][  0]LogShaderCompilers: Guid format shader working directory is -21 characters bigger than the processId version (../../../../../../Users/Domenico/Desktop/GGJ2018/GGJ2018/TRANSmission/Intermediate/Shaders/WorkingDirectory/15636/).
[2018.01.27-09.13.54:602][  0]LogShaderCompilers: Cleaned the shader compiler working directory 'C:/Users/Domenico/AppData/Local/Temp/UnrealShaderWorkingDir/4F0A77054933A02530F062B7F3D4D5CD/'.
[2018.01.27-09.13.54:602][  0]LogShaderCompilers: Display: Using Local Shader Compiler.
[2018.01.27-09.13.56:623][  0]LogTemp: Display: Loaded TP AllDesktopTargetPlatform
[2018.01.27-09.13.56:706][  0]LogTemp: Display: Loaded TP MacClientTargetPlatform
[2018.01.27-09.13.56:788][  0]LogTemp: Display: Loaded TP MacNoEditorTargetPlatform
[2018.01.27-09.13.56:867][  0]LogTemp: Display: Loaded TP MacServerTargetPlatform
[2018.01.27-09.13.56:949][  0]LogTemp: Display: Loaded TP MacTargetPlatform
[2018.01.27-09.13.57:032][  0]LogTemp: Display: Loaded TP WindowsClientTargetPlatform
[2018.01.27-09.13.57:126][  0]LogTemp: Display: Loaded TP WindowsNoEditorTargetPlatform
[2018.01.27-09.13.57:198][  0]LogTemp: Display: Loaded TP WindowsServerTargetPlatform
[2018.01.27-09.13.57:275][  0]LogTemp: Display: Loaded TP WindowsTargetPlatform
[2018.01.27-09.13.57:370][  0]LogTemp: Display: Loaded TP Android_ASTCTargetPlatform
[2018.01.27-09.13.57:455][  0]LogTemp: Display: Loaded TP Android_ATCTargetPlatform
[2018.01.27-09.13.57:547][  0]LogTemp: Display: Loaded TP Android_DXTTargetPlatform
[2018.01.27-09.13.57:634][  0]LogTemp: Display: Loaded TP Android_ETC1TargetPlatform
[2018.01.27-09.13.57:713][  0]LogTemp: Display: Loaded TP Android_ETC2TargetPlatform
[2018.01.27-09.13.57:858][  0]LogTemp: Display: Loaded TP Android_MultiTargetPlatform
[2018.01.27-09.13.57:858][  0]LogTemp: Display: Loaded TP Android_PVRTCTargetPlatform
[2018.01.27-09.13.57:954][  0]LogTemp: Display: Loaded TP AndroidTargetPlatform
[2018.01.27-09.13.58:022][  0]LogTemp: Display: Loaded TP HTML5TargetPlatform
[2018.01.27-09.13.58:180][  0]LogTemp: Display: Loaded TP IOSTargetPlatform
[2018.01.27-09.13.58:221][  0]LogTemp: Display: Loaded TP TVOSTargetPlatform
[2018.01.27-09.13.58:301][  0]LogTemp: Display: Loaded TP LinuxClientTargetPlatform
[2018.01.27-09.13.58:374][  0]LogTemp: Display: Loaded TP LinuxNoEditorTargetPlatform
[2018.01.27-09.13.58:445][  0]LogTemp: Display: Loaded TP LinuxServerTargetPlatform
[2018.01.27-09.13.58:546][  0]LogTemp: Display: Loaded TP LinuxTargetPlatform
[2018.01.27-09.13.58:546][  0]LogTargetPlatformManager: Display: Building Assets For Windows
[2018.01.27-09.13.59:804][  0]LogDerivedDataCache: Display: Max Cache Size: 512 MB
[2018.01.27-09.14.00:943][  0]LogDerivedDataCache: Loaded boot cache 1.14s 79MB C:/Users/Domenico/AppData/Local/UnrealEngine/4.18/DerivedDataCache/Boot.ddc.
[2018.01.27-09.14.00:943][  0]LogDerivedDataCache: Display: Loaded Boot cache: C:/Users/Domenico/AppData/Local/UnrealEngine/4.18/DerivedDataCache/Boot.ddc
[2018.01.27-09.14.00:943][  0]LogDerivedDataCache: FDerivedDataBackendGraph:  Pak pak cache file ../../../../../../Users/Domenico/Desktop/GGJ2018/GGJ2018/TRANSmission/DerivedDataCache/DDC.ddp not found, will not use a pak cache.
[2018.01.27-09.14.00:943][  0]LogDerivedDataCache: Unable to find inner node Pak for hierarchical cache Hierarchy.
[2018.01.27-09.14.00:943][  0]LogDerivedDataCache: FDerivedDataBackendGraph:  CompressedPak pak cache file ../../../../../../Users/Domenico/Desktop/GGJ2018/GGJ2018/TRANSmission/DerivedDataCache/Compressed.ddp not found, will not use a pak cache.
[2018.01.27-09.14.00:943][  0]LogDerivedDataCache: Unable to find inner node CompressedPak for hierarchical cache Hierarchy.
[2018.01.27-09.14.00:965][  0]LogDerivedDataCache: Display: Pak cache opened for reading ../../../Engine/DerivedDataCache/Compressed.ddp.
[2018.01.27-09.14.00:979][  0]LogDerivedDataCache: Using Local data cache path C:/Users/Domenico/AppData/Local/UnrealEngine/Common/DerivedDataCache: Writable
[2018.01.27-09.14.00:991][  0]LogMaterial: Verifying Global Shaders for PCD3D_SM5
[2018.01.27-09.14.00:992][  0]LogSlate: Using Freetype 2.6.0
[2018.01.27-09.14.01:014][  0]LogSlate: SlateFontCache - WITH_FREETYPE: 1, WITH_HARFBUZZ: 1
[2018.01.27-09.14.01:015][  0]LogSlate: SlateFontCache - WITH_FREETYPE: 1, WITH_HARFBUZZ: 1
[2018.01.27-09.14.05:727][  0]LogInit: Selected Device Profile: [Windows]
[2018.01.27-09.14.06:330][  0]LogSimplygon: Simplygon DLL not present - disabling.
[2018.01.27-09.14.06:390][  0]LogMeshReduction: Using SimplygonSwarm for distributed automatic mesh merging
[2018.01.27-09.14.06:390][  0]LogMeshReduction: Using QuadricMeshReduction for automatic static mesh reduction
[2018.01.27-09.14.06:390][  0]LogMeshReduction: No automatic skeletal mesh reduction module available
[2018.01.27-09.14.06:390][  0]LogMeshReduction: No automatic mesh merging module available
[2018.01.27-09.14.06:390][  0]LogMeshMerging: No automatic mesh merging module available
[2018.01.27-09.14.06:430][  0]LogNetVersion: TRANSmission , NetCL: 3709383, EngineNetVer: 2, GameNetVer: 0 (Checksum: 2203146703)
[2018.01.27-09.14.06:646][  0]LogAssetRegistry: FAssetRegistry took 0.0338 seconds to start up
[2018.01.27-09.14.07:426][  0]LogPackageLocalizationCache: Processed 7 localized package path(s) for 1 prioritized culture(s) in 0.078628 seconds
[2018.01.27-09.14.07:434][  0]LogUObjectArray: 35870 objects as part of root set at end of initial load.
[2018.01.27-09.14.07:434][  0]LogUObjectAllocator: 7363696 out of 0 bytes used by permanent object pool.
[2018.01.27-09.14.07:434][  0]LogUObjectArray: CloseDisregardForGC: 0/0 objects in disregard for GC pool
[2018.01.27-09.14.07:540][  0]LogInit: WinSock: version 1.1 (2.2), MaxSocks=32767, MaxUdp=65467
[2018.01.27-09.14.38:335][  0]LogTcpMessaging: Initializing TcpMessaging bridge
[2018.01.27-09.14.38:409][  0]LogUdpMessaging: Initializing bridge on interface 0.0.0.0:0 to multicast group 230.0.0.1:6666.
[2018.01.27-09.14.40:529][  0]LogMaterial: Uniform references updated for custom material expression Custom.
[2018.01.27-09.14.41:580][  0]SourceControl: Source control is disabled
[2018.01.27-09.14.41:580][  0]SourceControl: Source control is disabled
[2018.01.27-09.14.41:679][  0]SourceControl: Source control is disabled
[2018.01.27-09.14.41:815][  0]SourceControl: Source control is disabled
[2018.01.27-09.14.43:542][  0]LogAndroidPermission: UAndroidPermissionCallbackProxy::GetInstance
[2018.01.27-09.14.44:076][  0]LogOcInput: OculusInput pre-init called
[2018.01.27-09.14.44:624][  0]LogEngine: Initializing Engine...
[2018.01.27-09.14.44:630][  0]LogHMD: Failed to initialize OpenVR with code 110
[2018.01.27-09.14.45:350][  0]LogStats: UGameplayTagsManager::ConstructGameplayTagTree: Construct from data asset -  0.000 s
[2018.01.27-09.14.45:350][  0]LogStats: UGameplayTagsManager::ConstructGameplayTagTree: GameplayTagTreeChangedEvent.Broadcast -  0.000 s
[2018.01.27-09.14.45:598][  0]LogAIModule: Creating AISystem for world Untitled
[2018.01.27-09.14.45:613][  0]LogInit: XAudio2 using 'Altoparlanti (Dispositivo High Definition Audio)' : 2 channels at 48 kHz using 16 bits per sample (channel mask 0x3)
[2018.01.27-09.14.45:904][  0]LogInit: FAudioDevice initialized.
[2018.01.27-09.14.46:311][  0]LogDerivedDataCache: Saved boot cache 0.41s 79MB C:/Users/Domenico/AppData/Local/UnrealEngine/4.18/DerivedDataCache/Boot.ddc.
[2018.01.27-09.14.46:331][  0]LogInit: Texture streaming: Enabled
[2018.01.27-09.14.46:575][  0]LogEngineSessionManager: EngineSessionManager initialized
[2018.01.27-09.14.46:878][  0]LogInit: Transaction tracking system initialized
[2018.01.27-09.14.47:514][  0]BlueprintLog: New page: Editor Load
[2018.01.27-09.14.49:533][  0]LocalizationService: Localization service is disabled
[2018.01.27-09.14.51:187][  0]LogConsoleResponse: Display: 
[2018.01.27-09.14.52:632][  0]LogCook: Display: Max memory allowance for cook 16384mb min free memory 0mb
[2018.01.27-09.14.52:633][  0]LogCook: Display: Mobile HDR setting 1
[2018.01.27-09.14.52:633][  0]LogGameplayTags: Display: UGameplayTagsManager::DoneAddingNativeTags. DelegateIsBound: 0
[2018.01.27-09.14.52:698][  0]LogFileCache: Scanning file cache for directory 'C:/Users/Domenico/Desktop/GGJ2018/GGJ2018/TRANSmission/Content/' took 0.02s
[2018.01.27-09.14.55:587][  0]SourceControl: Source control is disabled
[2018.01.27-09.14.55:588][  0]Cmd: MAP LOAD FILE="../../../../../../Users/Domenico/Desktop/GGJ2018/GGJ2018/TRANSmission/Content/ThirdPersonCPP/Maps/ThirdPersonExampleMap.umap" TEMPLATE=0 SHOWPROGRESS=1 FEATURELEVEL=3
[2018.01.27-09.14.55:588][  0]LightingResults: New page: Lighting Build
[2018.01.27-09.14.55:662][  0]MapCheck: New page: Map Check
[2018.01.27-09.14.55:662][  0]LightingResults: New page: Lighting Build
[2018.01.27-09.14.56:718][  0]LogAIModule: Creating AISystem for world ThirdPersonExampleMap
[2018.01.27-09.14.56:755][  0]LogEditorServer: Finished looking for orphan Actors (0.000 secs)
[2018.01.27-09.14.56:781][  0]Cmd: MAP CHECKDEP NOCLEARLOG
[2018.01.27-09.14.56:871][  0]MapCheck: Map check complete: 0 Error(s), 0 Warning(s), took 89.207ms to complete.
[2018.01.27-09.14.56:871][  0]LogFileHelpers: Loading map 'ThirdPersonExampleMap' took 1.283
[2018.01.27-09.14.57:214][  0]LogCollectionManager: Loaded 0 collections in 0.003351 seconds
[2018.01.27-09.14.57:340][  0]LogFileCache: Scanning file cache for directory 'C:/Users/Domenico/Desktop/GGJ2018/GGJ2018/TRANSmission/Saved/Collections/' took 0.01s
[2018.01.27-09.14.57:341][  0]LogFileCache: Scanning file cache for directory 'C:/Users/Domenico/Desktop/GGJ2018/GGJ2018/TRANSmission/Content/Developers/Domenico/Collections/' took 0.01s
[2018.01.27-09.14.57:341][  0]LogFileCache: Scanning file cache for directory 'C:/Users/Domenico/Desktop/GGJ2018/GGJ2018/TRANSmission/Content/Collections/' took 0.01s
[2018.01.27-09.14.57:341][  0]LogCollectionManager: Rebuilt the GUID cache for 0 collections in 0.000000 seconds
[2018.01.27-09.14.57:363][  0]LogContentBrowser: Native class hierarchy populated in 0.0209 seconds. Added 2366 classes and 521 folders.
[2018.01.27-09.14.57:484][  0]LogContentBrowser: Native class hierarchy updated for 'WidgetCarousel' in 0.0008 seconds. Added 0 classes and 0 folders.
[2018.01.27-09.14.59:099][  0]LogContentBrowser: Native class hierarchy updated for 'AddContentDialog' in 0.0009 seconds. Added 0 classes and 0 folders.
[2018.01.27-09.14.59:239][  0]LogContentBrowser: Native class hierarchy updated for 'SceneOutliner' in 0.0009 seconds. Added 1 classes and 2 folders.
[2018.01.27-09.14.59:313][  0]LogSlate: Took 0.019643 seconds to synchronously load lazily loaded font '../../../Engine/Content/Slate/Fonts/Roboto-Regular.ttf' (155K)
[2018.01.27-09.14.59:338][  0]LogSlate: Took 0.021765 seconds to synchronously load lazily loaded font '../../../Engine/Content/Slate/Fonts/Roboto-Bold.ttf' (160K)
[2018.01.27-09.14.59:364][  0]LogSlate: Took 0.020074 seconds to synchronously load lazily loaded font '../../../Engine/Content/Editor/Slate/Fonts/FontAwesome.ttf' (139K)
[2018.01.27-09.14.59:657][  0]LogRenderer: Reallocating scene render targets to support 856x396 Format 10 NumSamples 1 (Frame:1).
[2018.01.27-09.14.59:898][  0]LogContentBrowser: Native class hierarchy updated for 'HierarchicalLODOutliner' in 0.0009 seconds. Added 1 classes and 2 folders.
[2018.01.27-09.14.59:898][  0]LogLoad: (Engine Initialization) Total time: 74.19 seconds
[2018.01.27-09.14.59:898][  0]LogLoad: (Engine Initialization) Total Blueprint compile time: 0.00 seconds
[2018.01.27-09.14.59:898][  0]LogExternalProfiler: Found external profiler: VSPerf
[2018.01.27-09.14.59:898][  0]LogExternalProfiler: Using external profiler: VSPerf
[2018.01.27-09.14.59:967][  0]LogContentStreaming: Texture pool size now 1000 MB
[2018.01.27-09.15.00:245][  1]LogAssetRegistry: Asset discovery search completed in 53.6246 seconds
[2018.01.27-09.15.00:248][  1]LogCollectionManager: Rebuilt the object cache for 0 collections in 0.000000 seconds (found 0 objects)
[2018.01.27-09.15.00:248][  1]LogCollectionManager: Fixed up redirectors for 0 collections in 0.000169 seconds (updated 0 objects)
[2018.01.27-09.15.04:109][ 21]LogSlate: Took 0.000207 seconds to synchronously load lazily loaded font '../../../Engine/Content/Slate/Fonts/Roboto-Light.ttf' (159K)
[2018.01.27-09.17.36:456][527]LogTemp: Repeating last play command: Selected Viewport
[2018.01.27-09.17.36:509][527]LogBlueprintUserMessages: Early PlayInEditor Detection: Level '/Game/ThirdPersonCPP/Maps/ThirdPersonExampleMap.ThirdPersonExampleMap:PersistentLevel' has LevelScriptBlueprint '/Game/ThirdPersonCPP/Maps/ThirdPersonExampleMap.ThirdPersonExampleMap:PersistentLevel.ThirdPersonExampleMap' with GeneratedClass '/Game/ThirdPersonCPP/Maps/ThirdPersonExampleMap.ThirdPersonExampleMap_C' with ClassGeneratedBy '/Game/ThirdPersonCPP/Maps/ThirdPersonExampleMap.ThirdPersonExampleMap:PersistentLevel.ThirdPersonExampleMap'
[2018.01.27-09.17.36:509][527]LogPlayLevel: PlayLevel: No blueprints needed recompiling
[2018.01.27-09.17.36:510][527]PIE: New page: PIE session: ThirdPersonExampleMap (Jan 27, 2018, 11:17:36 AM)
[2018.01.27-09.17.36:510][527]LogPlayLevel: Creating play world package: /Game/ThirdPersonCPP/Maps/UEDPIE_0_ThirdPersonExampleMap
[2018.01.27-09.17.36:540][527]LogPlayLevel: PIE: StaticDuplicateObject took: (0.028948s)
[2018.01.27-09.17.36:541][527]LogAIModule: Creating AISystem for world ThirdPersonExampleMap
[2018.01.27-09.17.36:542][527]LogPlayLevel: PIE: World Init took: (0.001313s)
[2018.01.27-09.17.36:542][527]LogPlayLevel: PIE: Created PIE world by copying editor world from /Game/ThirdPersonCPP/Maps/ThirdPersonExampleMap.ThirdPersonExampleMap to /Game/ThirdPersonCPP/Maps/UEDPIE_0_ThirdPersonExampleMap.ThirdPersonExampleMap (0.031033s)
[2018.01.27-09.17.36:563][527]LogInit: XAudio2 using 'Altoparlanti (Dispositivo High Definition Audio)' : 2 channels at 48 kHz using 16 bits per sample (channel mask 0x3)
[2018.01.27-09.17.36:576][527]LogInit: FAudioDevice initialized.
[2018.01.27-09.17.36:624][527]LogLoad: Game class is 'TRANSmissionGameMode'
[2018.01.27-09.17.36:628][527]LogWorld: Bringing World /Game/ThirdPersonCPP/Maps/UEDPIE_0_ThirdPersonExampleMap.ThirdPersonExampleMap up for play (max tick rate 60) at 2018.01.27-10.17.36
[2018.01.27-09.17.36:629][527]LogWorld: Bringing up level for play took: 0.003037
[2018.01.27-09.17.36:705][527]LogContentBrowser: Native class hierarchy updated for 'MovieSceneCapture' in 0.0008 seconds. Added 11 classes and 0 folders.
[2018.01.27-09.17.36:706][527]PIE: Play in editor start time for /Game/ThirdPersonCPP/Maps/UEDPIE_0_ThirdPersonExampleMap 0.641
[2018.01.27-09.17.36:707][527]LogBlueprintUserMessages: Late PlayInEditor Detection: Level '/Game/ThirdPersonCPP/Maps/ThirdPersonExampleMap.ThirdPersonExampleMap:PersistentLevel' has LevelScriptBlueprint '/Game/ThirdPersonCPP/Maps/ThirdPersonExampleMap.ThirdPersonExampleMap:PersistentLevel.ThirdPersonExampleMap' with GeneratedClass '/Game/ThirdPersonCPP/Maps/ThirdPersonExampleMap.ThirdPersonExampleMap_C' with ClassGeneratedBy '/Game/ThirdPersonCPP/Maps/ThirdPersonExampleMap.ThirdPersonExampleMap:PersistentLevel.ThirdPersonExampleMap'
[2018.01.27-09.17.48:684][230]LogBlueprintUserMessages: Early EndPlayMap Detection: Level '/Game/ThirdPersonCPP/Maps/ThirdPersonExampleMap.ThirdPersonExampleMap:PersistentLevel' has LevelScriptBlueprint '/Game/ThirdPersonCPP/Maps/ThirdPersonExampleMap.ThirdPersonExampleMap:PersistentLevel.ThirdPersonExampleMap' with GeneratedClass '/Game/ThirdPersonCPP/Maps/ThirdPersonExampleMap.ThirdPersonExampleMap_C' with ClassGeneratedBy '/Game/ThirdPersonCPP/Maps/ThirdPersonExampleMap.ThirdPersonExampleMap:PersistentLevel.ThirdPersonExampleMap'
[2018.01.27-09.17.48:726][230]LogBlueprintUserMessages: Late EndPlayMap Detection: Level '/Game/ThirdPersonCPP/Maps/ThirdPersonExampleMap.ThirdPersonExampleMap:PersistentLevel' has LevelScriptBlueprint '/Game/ThirdPersonCPP/Maps/ThirdPersonExampleMap.ThirdPersonExampleMap:PersistentLevel.ThirdPersonExampleMap' with GeneratedClass '/Game/ThirdPersonCPP/Maps/ThirdPersonExampleMap.ThirdPersonExampleMap_C' with ClassGeneratedBy '/Game/ThirdPersonCPP/Maps/ThirdPersonExampleMap.ThirdPersonExampleMap:PersistentLevel.ThirdPersonExampleMap'
[2018.01.27-09.17.51:727][407]LogSlate: Took 0.000228 seconds to synchronously load lazily loaded font '../../../Engine/Content/Slate/Fonts/Roboto-Light.ttf' (159K)
[2018.01.27-09.18.49:255][807]Cmd: OBJ SAVEPACKAGE PACKAGE="/Game/Gameplay/Vibration/DotVibration" FILE="../../../../../../Users/Domenico/Desktop/GGJ2018/GGJ2018/TRANSmission/Content/Gameplay/Vibration/DotVibration.uasset" SILENT=true
[2018.01.27-09.18.49:292][807]LogSavePackage: Save=6.90ms
[2018.01.27-09.18.49:292][807]LogSavePackage: Moving '../../../../../../Users/Domenico/Desktop/GGJ2018/GGJ2018/TRANSmission/Saved/DotVibrationA356F9294BE62A9FFD0C75A3FAA09579.tmp' to '../../../../../../Users/Domenico/Desktop/GGJ2018/GGJ2018/TRANSmission/Content/Gameplay/Vibration/DotVibration.uasset'
[2018.01.27-09.18.49:308][807]LogSavePackage: Display: Finished SavePackage ../../../../../../Users/Domenico/Desktop/GGJ2018/GGJ2018/TRANSmission/Content/Gameplay/Vibration/DotVibration.uasset
[2018.01.27-09.18.55:851][174]Cmd: OBJ SAVEPACKAGE PACKAGE="/Game/Gameplay/Vibration/Dash" FILE="../../../../../../Users/Domenico/Desktop/GGJ2018/GGJ2018/TRANSmission/Content/Gameplay/Vibration/Dash.uasset" SILENT=true
[2018.01.27-09.18.55:861][174]LogSavePackage: Save=3.98ms
[2018.01.27-09.18.55:861][174]LogSavePackage: Moving '../../../../../../Users/Domenico/Desktop/GGJ2018/GGJ2018/TRANSmission/Saved/DashA81913D34F32686916BCDAA58F2D61C0.tmp' to '../../../../../../Users/Domenico/Desktop/GGJ2018/GGJ2018/TRANSmission/Content/Gameplay/Vibration/Dash.uasset'
[2018.01.27-09.18.55:874][174]LogSavePackage: Display: Finished SavePackage ../../../../../../Users/Domenico/Desktop/GGJ2018/GGJ2018/TRANSmission/Content/Gameplay/Vibration/Dash.uasset
[2018.01.27-09.19.03:285][589]LogSavePackage: Save=6.21ms
[2018.01.27-09.19.03:286][589]LogSavePackage: Moving '../../../../../../Users/Domenico/Desktop/GGJ2018/GGJ2018/TRANSmission/Saved/DashVibration13E4A7F04D18F0D838BD5C86019AEB5C.tmp' to '../../../../../../Users/Domenico/Desktop/GGJ2018/GGJ2018/TRANSmission/Content/Gameplay/Vibration/DashVibration.uasset'
[2018.01.27-09.19.03:302][589]LogSavePackage: Display: Finished SavePackage ../../../../../../Users/Domenico/Desktop/GGJ2018/GGJ2018/TRANSmission/Content/Gameplay/Vibration/DashVibration.uasset
[2018.01.27-09.19.17:290][375]LogSavePackage: Save=45.50ms
[2018.01.27-09.19.17:290][375]LogSavePackage: Moving '../../../../../../Users/Domenico/Desktop/GGJ2018/GGJ2018/TRANSmission/Saved/DashVibrationBCE52FCE47A3BFDA0B580C9E7A322DA2.tmp' to '../../../../../../Users/Domenico/Desktop/GGJ2018/GGJ2018/TRANSmission/Content/Gameplay/Vibration/DashVibration.uasset'
[2018.01.27-09.19.17:305][375]LogSavePackage: Display: Finished SavePackage ../../../../../../Users/Domenico/Desktop/GGJ2018/GGJ2018/TRANSmission/Content/Gameplay/Vibration/DashVibration.uasset
[2018.01.27-09.20.15:487][397]Cmd: OBJ SAVEPACKAGE PACKAGE="/Game/Gameplay/Vibration/DotVibration" FILE="../../../../../../Users/Domenico/Desktop/GGJ2018/GGJ2018/TRANSmission/Content/Gameplay/Vibration/DotVibration.uasset" SILENT=true
[2018.01.27-09.20.15:502][397]LogSavePackage: Save=4.65ms
[2018.01.27-09.20.15:502][397]LogSavePackage: Moving '../../../../../../Users/Domenico/Desktop/GGJ2018/GGJ2018/TRANSmission/Saved/DotVibration204697094780214DC9BDB88CAF44AC11.tmp' to '../../../../../../Users/Domenico/Desktop/GGJ2018/GGJ2018/TRANSmission/Content/Gameplay/Vibration/DotVibration.uasset'
[2018.01.27-09.20.15:523][397]LogSavePackage: Display: Finished SavePackage ../../../../../../Users/Domenico/Desktop/GGJ2018/GGJ2018/TRANSmission/Content/Gameplay/Vibration/DotVibration.uasset
[2018.01.27-09.20.44:514][115]Cmd: OBJ SAVEPACKAGE PACKAGE="/Game/Gameplay/Vibration/DotVibration" FILE="../../../../../../Users/Domenico/Desktop/GGJ2018/GGJ2018/TRANSmission/Content/Gameplay/Vibration/DotVibration.uasset" SILENT=true
[2018.01.27-09.20.44:531][115]LogSavePackage: Save=5.03ms
[2018.01.27-09.20.44:532][115]LogSavePackage: Moving '../../../../../../Users/Domenico/Desktop/GGJ2018/GGJ2018/TRANSmission/Saved/DotVibrationB9A910FC4A6005B6689B43881E260717.tmp' to '../../../../../../Users/Domenico/Desktop/GGJ2018/GGJ2018/TRANSmission/Content/Gameplay/Vibration/DotVibration.uasset'
[2018.01.27-09.20.44:552][115]LogSavePackage: Display: Finished SavePackage ../../../../../../Users/Domenico/Desktop/GGJ2018/GGJ2018/TRANSmission/Content/Gameplay/Vibration/DotVibration.uasset
[2018.01.27-09.21.07:811][416]LogSavePackage: Save=694.49ms
[2018.01.27-09.21.07:811][416]LogSavePackage: Moving '../../../../../../Users/Domenico/Desktop/GGJ2018/GGJ2018/TRANSmission/Saved/ThirdPersonExampleMap3BC5BA5E41E27658664897BD1772B815.tmp' to '../../../../../../Users/Domenico/Desktop/GGJ2018/GGJ2018/TRANSmission/Content/ThirdPersonCPP/Maps/ThirdPersonExampleMap.umap'
[2018.01.27-09.21.07:827][416]LogSavePackage: Display: Finished SavePackage ../../../../../../Users/Domenico/Desktop/GGJ2018/GGJ2018/TRANSmission/Content/ThirdPersonCPP/Maps/ThirdPersonExampleMap.umap
[2018.01.27-09.21.08:540][416]LogSavePackage: Save=569.57ms
[2018.01.27-09.21.08:540][416]LogSavePackage: Moving '../../../../../../Users/Domenico/Desktop/GGJ2018/GGJ2018/TRANSmission/Saved/ThirdPersonExampleMap_BuiltDataE7F2C16E42B15184C1A94F97D78DDA09.tmp' to '../../../../../../Users/Domenico/Desktop/GGJ2018/GGJ2018/TRANSmission/Content/ThirdPersonCPP/Maps/ThirdPersonExampleMap_BuiltData.uasset'
[2018.01.27-09.21.08:552][416]LogSavePackage: Display: Finished SavePackage ../../../../../../Users/Domenico/Desktop/GGJ2018/GGJ2018/TRANSmission/Content/ThirdPersonCPP/Maps/ThirdPersonExampleMap_BuiltData.uasset
[2018.01.27-09.21.23:421][254]LogSavePackage: Save=4.55ms
[2018.01.27-09.21.23:421][254]LogSavePackage: Moving '../../../../../../Users/Domenico/Desktop/GGJ2018/GGJ2018/TRANSmission/Saved/DashVibration952628E44DF397A5A46636952A5912CA.tmp' to '../../../../../../Users/Domenico/Desktop/GGJ2018/GGJ2018/TRANSmission/Content/Gameplay/Vibration/DashVibration.uasset'
[2018.01.27-09.21.23:439][254]LogSavePackage: Display: Finished SavePackage ../../../../../../Users/Domenico/Desktop/GGJ2018/GGJ2018/TRANSmission/Content/Gameplay/Vibration/DashVibration.uasset
[2018.01.27-09.22.32:490][312]LogSavePackage: Save=336.71ms
[2018.01.27-09.22.32:491][312]LogSavePackage: Moving '../../../../../../Users/Domenico/Desktop/GGJ2018/GGJ2018/TRANSmission/Saved/ThirdPersonExampleMap131A78BC49FACC238AC68CBFD1F51E0C.tmp' to '../../../../../../Users/Domenico/Desktop/GGJ2018/GGJ2018/TRANSmission/Content/ThirdPersonCPP/Maps/ThirdPersonExampleMap.umap'
[2018.01.27-09.22.32:507][312]LogSavePackage: Display: Finished SavePackage ../../../../../../Users/Domenico/Desktop/GGJ2018/GGJ2018/TRANSmission/Content/ThirdPersonCPP/Maps/ThirdPersonExampleMap.umap
[2018.01.27-09.22.33:014][312]LogSavePackage: Save=441.22ms
[2018.01.27-09.22.33:014][312]LogSavePackage: Moving '../../../../../../Users/Domenico/Desktop/GGJ2018/GGJ2018/TRANSmission/Saved/ThirdPersonExampleMap_BuiltData0127A35A43AB99587C5CD0A67BF827CD.tmp' to '../../../../../../Users/Domenico/Desktop/GGJ2018/GGJ2018/TRANSmission/Content/ThirdPersonCPP/Maps/ThirdPersonExampleMap_BuiltData.uasset'
[2018.01.27-09.22.33:023][312]LogSavePackage: Display: Finished SavePackage ../../../../../../Users/Domenico/Desktop/GGJ2018/GGJ2018/TRANSmission/Content/ThirdPersonCPP/Maps/ThirdPersonExampleMap_BuiltData.uasset
[2018.01.27-09.22.34:180][360]Cmd: OBJ SAVEPACKAGE PACKAGE="/Game/Gameplay/Vibration/DotVibration" FILE="../../../../../../Users/Domenico/Desktop/GGJ2018/GGJ2018/TRANSmission/Content/Gameplay/Vibration/DotVibration.uasset" SILENT=true
[2018.01.27-09.22.34:196][360]LogSavePackage: Save=6.24ms
[2018.01.27-09.22.34:197][360]LogSavePackage: Moving '../../../../../../Users/Domenico/Desktop/GGJ2018/GGJ2018/TRANSmission/Saved/DotVibration84CEDD154ECDA2FC27FDB4871053C72B.tmp' to '../../../../../../Users/Domenico/Desktop/GGJ2018/GGJ2018/TRANSmission/Content/Gameplay/Vibration/DotVibration.uasset'
[2018.01.27-09.22.34:213][360]LogSavePackage: Display: Finished SavePackage ../../../../../../Users/Domenico/Desktop/GGJ2018/GGJ2018/TRANSmission/Content/Gameplay/Vibration/DotVibration.uasset
[2018.01.27-09.36.23:548][ 20]LogSavePackage: Save=225.06ms
[2018.01.27-09.36.23:548][ 20]LogSavePackage: Moving '../../../../../../Users/Domenico/Desktop/GGJ2018/GGJ2018/TRANSmission/Saved/ThirdPersonExampleMapCE379635485C1AA6B869CB9D2DA012B5.tmp' to '../../../../../../Users/Domenico/Desktop/GGJ2018/GGJ2018/TRANSmission/Content/ThirdPersonCPP/Maps/ThirdPersonExampleMap.umap'
[2018.01.27-09.36.23:561][ 20]LogSavePackage: Display: Finished SavePackage ../../../../../../Users/Domenico/Desktop/GGJ2018/GGJ2018/TRANSmission/Content/ThirdPersonCPP/Maps/ThirdPersonExampleMap.umap
[2018.01.27-09.36.23:869][ 20]LogSavePackage: Save=256.48ms
[2018.01.27-09.36.23:869][ 20]LogSavePackage: Moving '../../../../../../Users/Domenico/Desktop/GGJ2018/GGJ2018/TRANSmission/Saved/ThirdPersonExampleMap_BuiltDataBD0DA04246F34AC91B879093133C3F5F.tmp' to '../../../../../../Users/Domenico/Desktop/GGJ2018/GGJ2018/TRANSmission/Content/ThirdPersonCPP/Maps/ThirdPersonExampleMap_BuiltData.uasset'
[2018.01.27-09.36.23:877][ 20]LogSavePackage: Display: Finished SavePackage ../../../../../../Users/Domenico/Desktop/GGJ2018/GGJ2018/TRANSmission/Content/ThirdPersonCPP/Maps/ThirdPersonExampleMap_BuiltData.uasset
[2018.01.27-09.36.26:206][174]Cmd: QUIT_EDITOR
[2018.01.27-09.36.27:167][174]LogWindowsTextInputMethodSystem: Display: IME system now deactivated.
[2018.01.27-09.36.27:261][174]LogExit: Preparing to exit.
[2018.01.27-09.36.28:360][174]LogDirectoryWatcher: A directory notification for 'C:/Users/Domenico/Desktop/GGJ2018/GGJ2018/TRANSmission/Content/' was aborted.
[2018.01.27-09.36.28:380][174]LogExit: Editor shut down
[2018.01.27-09.36.28:385][174]LogExit: Transaction tracking system shut down
[2018.01.27-09.36.28:550][174]LogDirectoryWatcher: A directory notification for '../../../Engine/Content/' was aborted.
[2018.01.27-09.36.28:550][174]LogDirectoryWatcher: A directory notification for '../../../../../../Users/Domenico/Desktop/GGJ2018/GGJ2018/TRANSmission/Content/' was aborted.
[2018.01.27-09.36.28:551][174]LogDirectoryWatcher: A directory notification for '../../../Engine/Plugins/2D/Paper2D/Content/' was aborted.
[2018.01.27-09.36.28:551][174]LogDirectoryWatcher: A directory notification for '../../../Engine/Plugins/Media/MediaCompositing/Content/' was aborted.
[2018.01.27-09.36.28:552][174]LogDirectoryWatcher: A directory notification for '../../../Engine/Plugins/Runtime/AppleARKit/Content/' was aborted.
[2018.01.27-09.36.28:553][174]LogDirectoryWatcher: A directory notification for '../../../Engine/Plugins/Runtime/Oculus/OculusVR/Content/' was aborted.
[2018.01.27-09.36.28:554][174]LogDirectoryWatcher: A directory notification for '../../../Engine/Plugins/Runtime/Steam/SteamVR/Content/' was aborted.
[2018.01.27-09.36.28:654][174]LogExit: Object subsystem successfully closed.
[2018.01.27-09.36.28:689][174]LogD3D11RHI: Shutdown
[2018.01.27-09.36.28:689][174]LogD3D11RHI: CleanupD3DDevice
[2018.01.27-09.36.28:691][174]LogD3D11RHI: ~FD3D11DynamicRHI
[2018.01.27-09.36.28:742][174]LogModuleManager: Shutting down and abandoning module MovieSceneCapture (552)
[2018.01.27-09.36.28:742][174]LogModuleManager: Shutting down and abandoning module HierarchicalLODOutliner (550)
[2018.01.27-09.36.28:742][174]LogModuleManager: Shutting down and abandoning module DesktopPlatform (548)
[2018.01.27-09.36.28:742][174]LogModuleManager: Shutting down and abandoning module SceneOutliner (546)
[2018.01.27-09.36.28:742][174]LogModuleManager: Shutting down and abandoning module AddContentDialog (544)
[2018.01.27-09.36.28:742][174]LogDirectoryWatcher: A directory notification for 'C:/Program Files/Epic Games/UE_4.18/FeaturePacks/' was aborted.
[2018.01.27-09.36.28:744][174]LogModuleManager: Shutting down and abandoning module WidgetCarousel (543)
[2018.01.27-09.36.28:744][174]LogModuleManager: Shutting down and abandoning module EditorWidgets (540)
[2018.01.27-09.36.28:744][174]LogModuleManager: Shutting down and abandoning module CollectionManager (538)
[2018.01.27-09.36.28:744][174]LogDirectoryWatcher: A directory notification for 'C:/Users/Domenico/Desktop/GGJ2018/GGJ2018/TRANSmission/Content/Collections/' was aborted.
[2018.01.27-09.36.28:744][174]LogDirectoryWatcher: A directory notification for 'C:/Users/Domenico/Desktop/GGJ2018/GGJ2018/TRANSmission/Content/Developers/Domenico/Collections/' was aborted.
[2018.01.27-09.36.28:744][174]LogDirectoryWatcher: A directory notification for 'C:/Users/Domenico/Desktop/GGJ2018/GGJ2018/TRANSmission/Saved/Collections/' was aborted.
[2018.01.27-09.36.28:745][174]LogModuleManager: Shutting down and abandoning module StatsViewer (536)
[2018.01.27-09.36.28:745][174]LogModuleManager: Shutting down and abandoning module FoliageEdit (534)
[2018.01.27-09.36.28:745][174]LogModuleManager: Shutting down and abandoning module LandscapeEditor (532)
[2018.01.27-09.36.28:745][174]LogModuleManager: Shutting down and abandoning module MeshPaintMode (530)
[2018.01.27-09.36.28:745][174]LogModuleManager: Shutting down and abandoning module SceneDepthPickerMode (528)
[2018.01.27-09.36.28:746][174]LogModuleManager: Shutting down and abandoning module ActorPickerMode (526)
[2018.01.27-09.36.28:746][174]LogModuleManager: Shutting down and abandoning module GeometryMode (524)
[2018.01.27-09.36.28:746][174]LogModuleManager: Shutting down and abandoning module TextureAlignMode (522)
[2018.01.27-09.36.28:746][174]LogModuleManager: Shutting down and abandoning module BspMode (520)
[2018.01.27-09.36.28:746][174]LogModuleManager: Shutting down and abandoning module PIEPreviewDeviceProfileSelector (518)
[2018.01.27-09.36.28:746][174]LogModuleManager: Shutting down and abandoning module HardwareSurvey (516)
[2018.01.27-09.36.28:746][174]LogModuleManager: Shutting down and abandoning module SequenceRecorderSections (514)
[2018.01.27-09.36.28:746][174]LogModuleManager: Shutting down and abandoning module AutomationWorker (512)
[2018.01.27-09.36.28:747][174]LogModuleManager: Shutting down and abandoning module MatineeToLevelSequence (510)
[2018.01.27-09.36.28:747][174]LogModuleManager: Shutting down and abandoning module LevelSequenceEditor (508)
[2018.01.27-09.36.28:747][174]LogModuleManager: Shutting down and abandoning module PlacementMode (507)
[2018.01.27-09.36.28:747][174]LogModuleManager: Shutting down and abandoning module WmfMediaFactory (504)
[2018.01.27-09.36.28:747][174]LogModuleManager: Shutting down and abandoning module WmfMediaEditor (502)
[2018.01.27-09.36.28:747][174]LogModuleManager: Shutting down and abandoning module OpenExrWrapper (500)
[2018.01.27-09.36.28:747][174]LogModuleManager: Shutting down and abandoning module ImgMediaFactory (498)
[2018.01.27-09.36.28:747][174]LogModuleManager: Shutting down and abandoning module ImgMediaEditor (496)
[2018.01.27-09.36.28:747][174]LogModuleManager: Shutting down and abandoning module AvfMediaFactory (494)
[2018.01.27-09.36.28:748][174]LogModuleManager: Shutting down and abandoning module AvfMediaEditor (492)
[2018.01.27-09.36.28:748][174]LogModuleManager: Shutting down and abandoning module AndroidMediaFactory (490)
[2018.01.27-09.36.28:748][174]LogModuleManager: Shutting down and abandoning module AndroidMediaEditor (488)
[2018.01.27-09.36.28:748][174]LogModuleManager: Shutting down and abandoning module CharacterAI (486)
[2018.01.27-09.36.28:748][174]LogModuleManager: Shutting down and abandoning module AudioCapture (484)
[2018.01.27-09.36.28:748][174]LogModuleManager: Shutting down and abandoning module SequenceRecorder (483)
[2018.01.27-09.36.28:748][174]LogModuleManager: Shutting down and abandoning module SmartSnapping (480)
[2018.01.27-09.36.28:748][174]LogModuleManager: Shutting down and abandoning module SessionServices (478)
[2018.01.27-09.36.28:748][174]LogModuleManager: Shutting down and abandoning module ViewportSnapping (476)
[2018.01.27-09.36.28:748][174]LogModuleManager: Shutting down and abandoning module ViewportInteraction (474)
[2018.01.27-09.36.28:748][174]LogModuleManager: Shutting down and abandoning module ClothPainter (472)
[2018.01.27-09.36.28:748][174]LogModuleManager: Shutting down and abandoning module SkeletalMeshEditor (471)
[2018.01.27-09.36.28:749][174]LogModuleManager: Shutting down and abandoning module LogVisualizer (468)
[2018.01.27-09.36.28:749][174]LogModuleManager: Shutting down and abandoning module IntroTutorials (466)
[2018.01.27-09.36.28:749][174]LogModuleManager: Shutting down and abandoning module GameProjectGeneration (465)
[2018.01.27-09.36.28:749][174]LogModuleManager: Shutting down and abandoning module IOSPlatformEditor (462)
[2018.01.27-09.36.28:749][174]LogModuleManager: Shutting down and abandoning module HTML5PlatformEditor (460)
[2018.01.27-09.36.28:749][174]LogModuleManager: Shutting down and abandoning module AndroidPlatformEditor (458)
[2018.01.27-09.36.28:749][174]LogModuleManager: Shutting down and abandoning module AndroidDeviceDetection (457)
[2018.01.27-09.36.28:973][174]LogModuleManager: Shutting down and abandoning module WindowsPlatformEditor (454)
[2018.01.27-09.36.28:973][174]LogModuleManager: Shutting down and abandoning module IOSRuntimeSettings (452)
[2018.01.27-09.36.28:973][174]LogModuleManager: Shutting down and abandoning module AndroidRuntimeSettings (450)
[2018.01.27-09.36.28:973][174]LogModuleManager: Shutting down and abandoning module InputBindingEditor (448)
[2018.01.27-09.36.28:974][174]LogModuleManager: Shutting down and abandoning module MergeActors (446)
[2018.01.27-09.36.28:974][174]LogModuleManager: Shutting down and abandoning module SizeMap (444)
[2018.01.27-09.36.28:974][174]LogModuleManager: Shutting down and abandoning module TreeMap (442)
[2018.01.27-09.36.28:974][174]LogModuleManager: Shutting down and abandoning module ReferenceViewer (440)
[2018.01.27-09.36.28:974][174]LogModuleManager: Shutting down and abandoning module LocalizationDashboard (438)
[2018.01.27-09.36.28:974][174]LogModuleManager: Shutting down and abandoning module LocalizationService (437)
[2018.01.27-09.36.28:974][174]LogModuleManager: Shutting down and abandoning module HardwareTargeting (434)
[2018.01.27-09.36.28:974][174]LogModuleManager: Shutting down and abandoning module DeviceProfileEditor (432)
[2018.01.27-09.36.28:974][174]LogModuleManager: Shutting down and abandoning module UndoHistory (430)
[2018.01.27-09.36.28:974][174]LogModuleManager: Shutting down and abandoning module XmlParser (428)
[2018.01.27-09.36.28:974][174]LogModuleManager: Shutting down and abandoning module Blutility (426)
[2018.01.27-09.36.28:974][174]LogModuleManager: Shutting down and abandoning module ProjectSettingsViewer (424)
[2018.01.27-09.36.28:975][174]LogModuleManager: Shutting down and abandoning module ProjectTargetPlatformEditor (423)
[2018.01.27-09.36.28:975][174]LogModuleManager: Shutting down and abandoning module EditorSettingsViewer (420)
[2018.01.27-09.36.28:975][174]LogModuleManager: Shutting down and abandoning module SettingsEditor (418)
[2018.01.27-09.36.28:975][174]LogModuleManager: Shutting down and abandoning module ProjectLauncher (416)
[2018.01.27-09.36.28:975][174]LogModuleManager: Shutting down and abandoning module SessionFrontend (414)
[2018.01.27-09.36.28:975][174]LogModuleManager: Shutting down and abandoning module ProfilerClient (412)
[2018.01.27-09.36.28:975][174]LogModuleManager: Shutting down and abandoning module DeviceManager (410)
[2018.01.27-09.36.28:975][174]LogModuleManager: Shutting down and abandoning module TargetDeviceServices (409)
[2018.01.27-09.36.29:030][174]LogModuleManager: Shutting down and abandoning module AutomationController (406)
[2018.01.27-09.36.29:030][174]LogModuleManager: Shutting down and abandoning module AutomationWindow (404)
[2018.01.27-09.36.29:030][174]LogModuleManager: Shutting down and abandoning module Layers (402)
[2018.01.27-09.36.29:030][174]LogModuleManager: Shutting down and abandoning module ComponentVisualizers (400)
[2018.01.27-09.36.29:030][174]LogModuleManager: Shutting down and abandoning module DetailCustomizations (398)
[2018.01.27-09.36.29:030][174]LogModuleManager: Shutting down and abandoning module PackagesDialog (396)
[2018.01.27-09.36.29:030][174]LogModuleManager: Shutting down and abandoning module Persona (394)
[2018.01.27-09.36.29:030][174]LogModuleManager: Shutting down and abandoning module AdvancedPreviewScene (393)
[2018.01.27-09.36.29:031][174]LogModuleManager: Shutting down and abandoning module AnimGraph (391)
[2018.01.27-09.36.29:031][174]LogModuleManager: Shutting down and abandoning module Kismet (388)
[2018.01.27-09.36.29:031][174]LogModuleManager: Shutting down and abandoning module ClassViewer (386)
[2018.01.27-09.36.29:031][174]LogModuleManager: Shutting down and abandoning module Toolbox (384)
[2018.01.27-09.36.29:031][174]LogModuleManager: Shutting down and abandoning module ModuleUI (382)
[2018.01.27-09.36.29:031][174]LogModuleManager: Shutting down and abandoning module MovieSceneTools (380)
[2018.01.27-09.36.29:031][174]LogModul