Log file open, 01/27/18 10:45:50
LogWindows: Failed to load 'aqProf.dll' (GetLastError=126)
LogWindows: File 'aqProf.dll' does not exist
LogWindows: Failed to load 'VtuneApi.dll' (GetLastError=126)
LogWindows: File 'VtuneApi.dll' does not exist
LogWindows: Failed to load 'VtuneApi32e.dll' (GetLastError=126)
LogWindows: File 'VtuneApi32e.dll' does not exist
LogInit: Display: Running engine for game: TRANSmission
LogPlatformFile: Not using cached read wrapper
LogInit: Display: RandInit(-1882227723) SRandInit(-1882227723).
LogInit: Read version file with build ID '3709383'
LogInit: Overriding engine version to CL 3832480, compatible CL 3709383
LogInit: Registered custom module enumerator with build ID '3709383'
LogTaskGraph: Started task graph with 5 named threads and 14 total threads with 3 sets of task threads.
LogStats: Stats thread started at 0.319058
LogD3D11RHI: Aftermath initialized
LogPluginManager: Mounting plugin Paper2D
LogPluginManager: Mounting plugin LightPropagationVolume
LogPluginManager: Mounting plugin CodeLiteSourceCodeAccess
LogPluginManager: Mounting plugin GitSourceControl
LogPluginManager: Mounting plugin KDevelopSourceCodeAccess
LogPluginManager: Mounting plugin NullSourceCodeAccess
LogPluginManager: Mounting plugin PerforceSourceControl
LogPluginManager: Mounting plugin SubversionSourceControl
LogPluginManager: Mounting plugin UObjectPlugin
LogPluginManager: Mounting plugin VisualStudioCodeSourceCodeAccess
LogPluginManager: Mounting plugin VisualStudioSourceCodeAccess
LogPluginManager: Mounting plugin XCodeSourceCodeAccess
LogPluginManager: Mounting plugin AssetManagerEditor
LogPluginManager: Mounting plugin AudioCapture
LogPluginManager: Mounting plugin FacialAnimation
LogPluginManager: Mounting plugin GameplayTagsEditor
LogPluginManager: Mounting plugin MobileLauncherProfileWizard
LogPluginManager: Mounting plugin PluginBrowser
LogPluginManager: Mounting plugin SpeedTreeImporter
LogPluginManager: Mounting plugin AlembicImporter
LogPluginManager: Mounting plugin CharacterAI
LogPluginManager: Mounting plugin HTML5Networking
LogPluginManager: Mounting plugin AndroidMedia
LogPluginManager: Mounting plugin AvfMedia
LogPluginManager: Mounting plugin ImgMedia
LogPluginManager: Mounting plugin MediaCompositing
LogPluginManager: Mounting plugin MediaPlayerEditor
LogPluginManager: Mounting plugin WmfMedia
LogPluginManager: Mounting plugin TcpMessaging
LogPluginManager: Mounting plugin UdpMessaging
LogPluginManager: Mounting plugin ActorSequence
LogPluginManager: Mounting plugin LevelSequenceEditor
LogPluginManager: Mounting plugin MatineeToLevelSequence
LogPluginManager: Mounting plugin OnlineSubsystemGooglePlay
LogPluginManager: Mounting plugin OnlineSubsystemIOS
LogPluginManager: Mounting plugin OnlineSubsystem
LogPluginManager: Mounting plugin OnlineSubsystemNull
LogPluginManager: Mounting plugin OnlineSubsystemUtils
LogPluginManager: Mounting plugin AndroidDeviceProfileSelector
LogPluginManager: Mounting plugin AndroidMoviePlayer
LogPluginManager: Mounting plugin AndroidPermission
LogPluginManager: Mounting plugin AppleARKit
LogPluginManager: Mounting plugin AppleMoviePlayer
LogPluginManager: Mounting plugin ArchVisCharacter
LogPluginManager: Mounting plugin CableComponent
LogPluginManager: Mounting plugin CustomMeshComponent
LogPluginManager: Mounting plugin ExampleDeviceProfileSelector
LogPluginManager: Mounting plugin GoogleCloudMessaging
LogPluginManager: Mounting plugin ImmediatePhysics
LogPluginManager: Mounting plugin IOSDeviceProfileSelector
LogPluginManager: Mounting plugin LinuxDeviceProfileSelector
LogPluginManager: Mounting plugin LocationServicesBPLibrary
LogPluginManager: Mounting plugin MobilePatchingUtils
LogPluginManager: Mounting plugin OculusVR
LogPluginManager: Plugin shader directory ../../../Engine/Plugins/Runtime/Oculus/OculusVR/Shaders found
LogPluginManager: Mapping shader source directory ../../../Engine/Plugins/Runtime/Oculus/OculusVR/Shaders to virtual directory /Plugin/OculusVR
LogPluginManager: Mounting plugin PhysXVehicles
LogPluginManager: Mounting plugin ProceduralMeshComponent
LogPluginManager: Mounting plugin RuntimePhysXCooking
LogPluginManager: Mounting plugin SteamVR
LogPluginManager: Mounting plugin WindowsMoviePlayer
LogModuleManager: Display: Found up-to-date module file ../../../../../../Users/Domenico/Desktop/GGJ2018/GGJ2018/TRANSmission/Binaries/Win64/UE4Editor-TRANSmission.dll (API version 3709383).
LogModuleManager: Display: Found up-to-date module file ../../../Engine/Plugins/2D/Paper2D/Binaries/Win64/UE4Editor-Paper2D.dll (API version 3709383).
LogModuleManager: Display: Found up-to-date module file ../../../Engine/Plugins/2D/Paper2D/Binaries/Win64/UE4Editor-Paper2DEditor.dll (API version 3709383).
LogModuleManager: Display: Found up-to-date module file ../../../Engine/Plugins/2D/Paper2D/Binaries/Win64/UE4Editor-PaperSpriteSheetImporter.dll (API version 3709383).
LogModuleManager: Display: Found up-to-date module file ../../../Engine/Plugins/2D/Paper2D/Binaries/Win64/UE4Editor-PaperTiledImporter.dll (API version 3709383).
LogModuleManager: Display: Found up-to-date module file ../../../Engine/Plugins/2D/Paper2D/Binaries/Win64/UE4Editor-SmartSnapping.dll (API version 3709383).
LogModuleManager: Display: Found up-to-date module file ../../../Engine/Plugins/Blendables/LightPropagationVolume/Binaries/Win64/UE4Editor-LightPropagationVolumeRuntime.dll (API version 3709383).
LogModuleManager: Display: Found up-to-date module file ../../../Engine/Plugins/Blendables/LightPropagationVolume/Binaries/Win64/UE4Editor-LightPropagationVolumeEditor.dll (API version 3709383).
LogModuleManager: Display: Found up-to-date module file ../../../Engine/Plugins/Developer/GitSourceControl/Binaries/Win64/UE4Editor-GitSourceControl.dll (API version 3709383).
LogModuleManager: Display: Found up-to-date module file ../../../Engine/Plugins/Developer/PerforceSourceControl/Binaries/Win64/UE4Editor-PerforceSourceControl.dll (API version 3709383).
LogModuleManager: Display: Found up-to-date module file ../../../Engine/Plugins/Developer/SubversionSourceControl/Binaries/Win64/UE4Editor-SubversionSourceControl.dll (API version 3709383).
LogModuleManager: Display: Found up-to-date module file ../../../Engine/Plugins/Developer/UObjectPlugin/Binaries/Win64/UE4Editor-UObjectPlugin.dll (API version 3709383).
LogModuleManager: Display: Found up-to-date module file ../../../Engine/Plugins/Developer/VisualStudioCodeSourceCodeAccess/Binaries/Win64/UE4Editor-VisualStudioCodeSourceCodeAccess.dll (API version 3709383).
LogModuleManager: Display: Found up-to-date module file ../../../Engine/Plugins/Developer/VisualStudioSourceCodeAccess/Binaries/Win64/UE4Editor-VisualStudioSourceCodeAccess.dll (API version 3709383).
LogModuleManager: Display: Found up-to-date module file ../../../Engine/Plugins/Editor/AssetManagerEditor/Binaries/Win64/UE4Editor-AssetManagerEditor.dll (API version 3709383).
LogModuleManager: Display: Found up-to-date module file ../../../Engine/Plugins/Editor/AudioCapture/Binaries/Win64/UE4Editor-AudioCapture.dll (API version 3709383).
LogModuleManager: Display: Found up-to-date module file ../../../Engine/Plugins/Editor/FacialAnimation/Binaries/Win64/UE4Editor-FacialAnimation.dll (API version 3709383).
LogModuleManager: Display: Found up-to-date module file ../../../Engine/Plugins/Editor/FacialAnimation/Binaries/Win64/UE4Editor-FacialAnimationEditor.dll (API version 3709383).
LogModuleManager: Display: Found up-to-date module file ../../../Engine/Plugins/Editor/GameplayTagsEditor/Binaries/Win64/UE4Editor-GameplayTagsEditor.dll (API version 3709383).
LogModuleManager: Display: Found up-to-date module file ../../../Engine/Plugins/Editor/MobileLauncherProfileWizard/Binaries/Win64/UE4Editor-MobileLauncherProfileWizard.dll (API version 3709383).
LogModuleManager: Display: Found up-to-date module file ../../../Engine/Plugins/Editor/PluginBrowser/Binaries/Win64/UE4Editor-PluginBrowser.dll (API version 3709383).
LogModuleManager: Display: Found up-to-date module file ../../../Engine/Plugins/Editor/SpeedTreeImporter/Binaries/Win64/UE4Editor-SpeedTreeImporter.dll (API version 3709383).
LogModuleManager: Display: Found up-to-date module file ../../../Engine/Plugins/Experimental/AlembicImporter/Binaries/Win64/UE4Editor-AlembicImporter.dll (API version 3709383).
LogModuleManager: Display: Found up-to-date module file ../../../Engine/Plugins/Experimental/AlembicImporter/Binaries/Win64/UE4Editor-AlembicLibrary.dll (API version 3709383).
LogModuleManager: Display: Found up-to-date module file ../../../Engine/Plugins/Experimental/CharacterAI/Binaries/Win64/UE4Editor-CharacterAI.dll (API version 3709383).
LogModuleManager: Display: Found up-to-date module file ../../../Engine/Plugins/Experimental/HTML5Networking/Binaries/Win64/UE4Editor-HTML5Networking.dll (API version 3709383).
LogModuleManager: Display: Found up-to-date module file ../../../Engine/Plugins/Media/AndroidMedia/Binaries/Win64/UE4Editor-AndroidMediaEditor.dll (API version 3709383).
LogModuleManager: Display: Found up-to-date module file ../../../Engine/Plugins/Media/AndroidMedia/Binaries/Win64/UE4Editor-AndroidMediaFactory.dll (API version 3709383).
LogModuleManager: Display: Found up-to-date module file ../../../Engine/Plugins/Media/AvfMedia/Binaries/Win64/UE4Editor-AvfMediaEditor.dll (API version 3709383).
LogModuleManager: Display: Found up-to-date module file ../../../Engine/Plugins/Media/AvfMedia/Binaries/Win64/UE4Editor-AvfMediaFactory.dll (API version 3709383).
LogModuleManager: Display: Found up-to-date module file ../../../Engine/Plugins/Media/AvfMedia/Binaries/Win64/UE4Editor-AvfMediaFactory.dll (API version 3709383).
LogModuleManager: Display: Found up-to-date module file ../../../Engine/Plugins/Media/ImgMedia/Binaries/Win64/UE4Editor-ImgMedia.dll (API version 3709383).
LogModuleManager: Display: Found up-to-date module file ../../../Engine/Plugins/Media/ImgMedia/Binaries/Win64/UE4Editor-ImgMediaEditor.dll (API version 3709383).
LogModuleManager: Display: Found up-to-date module file ../../../Engine/Plugins/Media/ImgMedia/Binaries/Win64/UE4Editor-ImgMediaFactory.dll (API version 3709383).
LogModuleManager: Display: Found up-to-date module file ../../../Engine/Plugins/Media/ImgMedia/Binaries/Win64/UE4Editor-ImgMediaFactory.dll (API version 3709383).
LogModuleManager: Display: Found up-to-date module file ../../../Engine/Plugins/Media/ImgMedia/Binaries/Win64/UE4Editor-OpenExrWrapper.dll (API version 3709383).
LogModuleManager: Display: Found up-to-date module file ../../../Engine/Plugins/Media/MediaCompositing/Binaries/Win64/UE4Editor-MediaCompositing.dll (API version 3709383).
LogModuleManager: Display: Found up-to-date module file ../../../Engine/Plugins/Media/MediaCompositing/Binaries/Win64/UE4Editor-MediaCompositingEditor.dll (API version 3709383).
LogModuleManager: Display: Found up-to-date module file ../../../Engine/Plugins/Media/MediaPlayerEditor/Binaries/Win64/UE4Editor-MediaPlayerEditor.dll (API version 3709383).
LogModuleManager: Display: Found up-to-date module file ../../../Engine/Plugins/Media/WmfMedia/Binaries/Win64/UE4Editor-WmfMedia.dll (API version 3709383).
LogModuleManager: Display: Found up-to-date module file ../../../Engine/Plugins/Media/WmfMedia/Binaries/Win64/UE4Editor-WmfMediaEditor.dll (API version 3709383).
LogModuleManager: Display: Found up-to-date module file ../../../Engine/Plugins/Media/WmfMedia/Binaries/Win64/UE4Editor-WmfMediaFactory.dll (API version 3709383).
LogModuleManager: Display: Found up-to-date module file ../../../Engine/Plugins/Media/WmfMedia/Binaries/Win64/UE4Editor-WmfMediaFactory.dll (API version 3709383).
LogModuleManager: Display: Found up-to-date module file ../../../Engine/Plugins/Messaging/TcpMessaging/Binaries/Win64/UE4Editor-TcpMessaging.dll (API version 3709383).
LogModuleManager: Display: Found up-to-date module file ../../../Engine/Plugins/Messaging/UdpMessaging/Binaries/Win64/UE4Editor-UdpMessaging.dll (API version 3709383).
LogModuleManager: Display: Found up-to-date module file ../../../Engine/Plugins/MovieScene/ActorSequence/Binaries/Win64/UE4Editor-ActorSequence.dll (API version 3709383).
LogModuleManager: Display: Found up-to-date module file ../../../Engine/Plugins/MovieScene/LevelSequenceEditor/Binaries/Win64/UE4Editor-LevelSequenceEditor.dll (API version 3709383).
LogModuleManager: Display: Found up-to-date module file ../../../Engine/Plugins/MovieScene/MatineeToLevelSequence/Binaries/Win64/UE4Editor-MatineeToLevelSequence.dll (API version 3709383).
LogModuleManager: Display: Found up-to-date module file ../../../Engine/Plugins/Online/OnlineSubsystem/Binaries/Win64/UE4Editor-OnlineSubsystem.dll (API version 3709383).
LogModuleManager: Display: Found up-to-date module file ../../../Engine/Plugins/Online/OnlineSubsystemNull/Binaries/Win64/UE4Editor-OnlineSubsystemNull.dll (API version 3709383).
LogModuleManager: Display: Found up-to-date module file ../../../Engine/Plugins/Online/OnlineSubsystemUtils/Binaries/Win64/UE4Editor-OnlineSubsystemUtils.dll (API version 3709383).
LogModuleManager: Display: Found up-to-date module file ../../../Engine/Plugins/Online/OnlineSubsystemUtils/Binaries/Win64/UE4Editor-OnlineBlueprintSupport.dll (API version 3709383).
LogModuleManager: Display: Found up-to-date module file ../../../Engine/Plugins/Runtime/AndroidDeviceProfileSelector/Binaries/Win64/UE4Editor-AndroidDeviceProfileSelector.dll (API version 3709383).
LogModuleManager: Display: Found up-to-date module file ../../../Engine/Plugins/Runtime/AndroidPermission/Binaries/Win64/UE4Editor-AndroidPermission.dll (API version 3709383).
LogModuleManager: Display: Found up-to-date module file ../../../Engine/Plugins/Runtime/AppleARKit/Binaries/Win64/UE4Editor-AppleARKit.dll (API version 3709383).
LogModuleManager: Display: Found up-to-date module file ../../../Engine/Plugins/Runtime/ArchVisCharacter/Binaries/Win64/UE4Editor-ArchVisCharacter.dll (API version 3709383).
LogModuleManager: Display: Found up-to-date module file ../../../Engine/Plugins/Runtime/CableComponent/Binaries/Win64/UE4Editor-CableComponent.dll (API version 3709383).
LogModuleManager: Display: Found up-to-date module file ../../../Engine/Plugins/Runtime/CustomMeshComponent/Binaries/Win64/UE4Editor-CustomMeshComponent.dll (API version 3709383).
LogModuleManager: Display: Found up-to-date module file ../../../Engine/Plugins/Runtime/ExampleDeviceProfileSelector/Binaries/Win64/UE4Editor-ExampleDeviceProfileSelector.dll (API version 3709383).
LogModuleManager: Display: Found up-to-date module file ../../../Engine/Plugins/Runtime/ImmediatePhysics/Binaries/Win64/UE4Editor-ImmediatePhysics.dll (API version 3709383).
LogModuleManager: Display: Found up-to-date module file ../../../Engine/Plugins/Runtime/ImmediatePhysics/Binaries/Win64/UE4Editor-ImmediatePhysicsEditor.dll (API version 3709383).
LogModuleManager: Display: Found up-to-date module file ../../../Engine/Plugins/Runtime/LocationServicesBPLibrary/Binaries/Win64/UE4Editor-LocationServicesBPLibrary.dll (API version 3709383).
LogModuleManager: Display: Found up-to-date module file ../../../Engine/Plugins/Runtime/MobilePatchingUtils/Binaries/Win64/UE4Editor-MobilePatchingUtils.dll (API version 3709383).
LogModuleManager: Display: Found up-to-date module file ../../../Engine/Plugins/Runtime/Oculus/OculusVR/Binaries/Win64/UE4Editor-OculusHMD.dll (API version 3709383).
LogModuleManager: Display: Found up-to-date module file ../../../Engine/Plugins/Runtime/Oculus/OculusVR/Binaries/Win64/UE4Editor-OculusInput.dll (API version 3709383).
LogModuleManager: Display: Found up-to-date module file ../../../Engine/Plugins/Runtime/Oculus/OculusVR/Binaries/Win64/UE4Editor-OculusEditor.dll (API version 3709383).
LogModuleManager: Display: Found up-to-date module file ../../../Engine/Plugins/Runtime/PhysXVehicles/Binaries/Win64/UE4Editor-PhysXVehicles.dll (API version 3709383).
LogModuleManager: Display: Found up-to-date module file ../../../Engine/Plugins/Runtime/PhysXVehicles/Binaries/Win64/UE4Editor-PhysXVehiclesEditor.dll (API version 3709383).
LogModuleManager: Display: Found up-to-date module file ../../../Engine/Plugins/Runtime/ProceduralMeshComponent/Binaries/Win64/UE4Editor-ProceduralMeshComponent.dll (API version 3709383).
LogModuleManager: Display: Found up-to-date module file ../../../Engine/Plugins/Runtime/ProceduralMeshComponent/Binaries/Win64/UE4Editor-ProceduralMeshComponentEditor.dll (API version 3709383).
LogModuleManager: Display: Found up-to-date module file ../../../Engine/Plugins/Runtime/RuntimePhysXCooking/Binaries/Win64/UE4Editor-RuntimePhysXCooking.dll (API version 3709383).
LogModuleManager: Display: Found up-to-date module file ../../../Engine/Plugins/Runtime/Steam/SteamVR/Binaries/Win64/UE4Editor-SteamVR.dll (API version 3709383).
LogModuleManager: Display: Found up-to-date module file ../../../Engine/Plugins/Runtime/Steam/SteamVR/Binaries/Win64/UE4Editor-SteamVRController.dll (API version 3709383).
LogModuleManager: Display: Found up-to-date module file ../../../Engine/Plugins/Runtime/WindowsMoviePlayer/Binaries/Win64/UE4Editor-WindowsMoviePlayer.dll (API version 3709383).
LogInit: Using libcurl 7.47.1
LogInit:  - built for x86_64-pc-win32
LogInit:  - supports SSL with OpenSSL/1.0.2g
LogInit:  - supports HTTP deflate (compression) using libz 1.2.8
LogInit:  - other features:
LogInit:      CURL_VERSION_SSL
LogInit:      CURL_VERSION_LIBZ
LogInit:      CURL_VERSION_IPV6
LogInit:      CURL_VERSION_ASYNCHDNS
LogInit:      CURL_VERSION_LARGEFILE
LogInit:      CURL_VERSION_IDN
LogInit:  CurlRequestOptions (configurable via config and command line):
LogInit:  - bVerifyPeer = false  - Libcurl will NOT verify peer certificate
LogInit:  - bUseHttpProxy = false  - Libcurl will NOT use HTTP proxy
LogInit:  - bDontReuseConnections = false  - Libcurl will reuse connections
LogInit:  - CertBundlePath = nullptr  - Libcurl will use whatever was configured at build time.
LogInit: Build: ++UE4+Release-4.18-CL-3832480
LogInit: Engine Version: 4.18.3-3832480+++UE4+Release-4.18
LogInit: Compatible Engine Version: 4.18.0-3709383+++UE4+Release-4.18
LogInit: Net CL: 3709383
LogDevObjectVersion: Number of dev versions registered: 16
LogDevObjectVersion:   Dev-Blueprints (B0D832E4-1F89-4F0D-ACCF-7EB736FD4AA2): 10
LogDevObjectVersion:   Dev-Build (E1C64328-A22C-4D53-A36C-8E866417BD8C): 0
LogDevObjectVersion:   Dev-Core (375EC13C-06E4-48FB-B500-84F0262A717E): 2
LogDevObjectVersion:   Dev-Editor (E4B068ED-F494-42E9-A231-DA0B2E46BB41): 20
LogDevObjectVersion:   Dev-Framework (CFFC743F-43B0-4480-9391-14DF171D2073): 30
LogDevObjectVersion:   Dev-Mobile (B02B49B5-BB20-44E9-A304-32B752E40360): 0
LogDevObjectVersion:   Dev-Networking (A4E4105C-59A1-49B5-A7C5-40C4547EDFEE): 0
LogDevObjectVersion:   Dev-Online (39C831C9-5AE6-47DC-9A44-9C173E1C8E7C): 0
LogDevObjectVersion:   Dev-Physics (78F01B33-EBEA-4F98-B9B4-84EACCB95AA2): 0
LogDevObjectVersion:   Dev-Platform (6631380F-2D4D-43E0-8009-CF276956A95A): 0
LogDevObjectVersion:   Dev-Rendering (12F88B9F-8875-4AFC-A67C-D90C383ABD29): 20
LogDevObjectVersion:   Dev-Sequencer (7B5AE74C-D270-4C10-A958-57980B212A5A): 4
LogDevObjectVersion:   Dev-VR (D7296918-1DD6-4BDD-9DE2-64A83CC13884): 0
LogDevObjectVersion:   Dev-LoadTimes (C2A15278-BFE7-4AFE-6C17-90FF531DF755): 1
LogDevObjectVersion:   Private-Geometry (6EACA3D4-40EC-4CC1-B786-8BED09428FC5): 1
LogDevObjectVersion:   Dev-AnimPhys (29E575DD-E0A3-4627-9D10-D276232CDCEA): 12
LogInit: Compiled (64-bit): Jan 12 2018 02:04:55
LogInit: Compiled with Visual C++: 19.00.24215.01
LogInit: Build Configuration: Development
LogInit: Branch Name: ++UE4+Release-4.18
LogInit: Command line:  -skipcompile
LogInit: Base directory: C:/Program Files/Epic Games/UE_4.18/Engine/Binaries/Win64/
LogInit: Installed Engine Build: 1
LogInit: Presizing for max 8388607 objects, including 0 objects not considered by GC, pre-allocating 0 bytes for permanent pool.
LogInit: Object subsystem initialized
[2018.01.27-09.45.52:776][  0]LogInit: Selected Device Profile: [Windows]
[2018.01.27-09.45.52:776][  0]LogInit: Applying CVar settings loaded from the selected device profile: [Windows]
[2018.01.27-09.45.52:787][  0]LogInit: Computer: CLARISSA
[2018.01.27-09.45.52:788][  0]LogInit: User: Domenico
[2018.01.27-09.45.52:788][  0]LogInit: CPU Page size=4096, Cores=4
[2018.01.27-09.45.52:788][  0]LogInit: High frequency timer resolution =2.338339 MHz
[2018.01.27-09.45.52:788][  0]LogMemory: Memory total: Physical=7.9GB (8GB approx)
[2018.01.27-09.45.52:788][  0]LogMemory: Platform Memory Stats for Windows
[2018.01.27-09.45.52:788][  0]LogMemory: Process Physical Memory: 276.36 MB used, 276.36 MB peak
[2018.01.27-09.45.52:788][  0]LogMemory: Process Virtual Memory: 269.86 MB used, 269.86 MB peak
[2018.01.27-09.45.52:788][  0]LogMemory: Physical Memory: 5903.56 MB used,  2220.46 MB free, 8124.02 MB total
[2018.01.27-09.45.52:788][  0]LogMemory: Virtual Memory: 678.30 MB used,  2220.46 MB free, 134217728.00 MB total
[2018.01.27-09.45.53:387][  0]LogInit: Using OS detected language (it-IT).
[2018.01.27-09.45.53:387][  0]LogInit: Using OS detected locale (it-IT).
[2018.01.27-09.45.53:391][  0]LogTextLocalizationManager: No localization for 'it-IT' exists, so 'en' will be used for the language.
[2018.01.27-09.45.53:392][  0]LogTextLocalizationManager: No localization for 'it-IT' exists, so 'en' will be used for the locale.
[2018.01.27-09.45.53:897][  0]LogInit: Setting process to per monitor DPI aware
[2018.01.27-09.45.54:476][  0]LogD3D11RHI: D3D11 adapters:
[2018.01.27-09.45.54:791][  0]LogD3D11RHI:    0. 'NVIDIA GeForce GT 740M' (Feature Level 11_0)
[2018.01.27-09.45.54:791][  0]LogD3D11RHI:       2020/0/4062 MB DedicatedVideo/DedicatedSystem/SharedSystem, Outputs:1, VendorId:0x10de
[2018.01.27-09.45.54:898][  0]LogD3D11RHI:    1. 'Intel(R) HD Graphics 4600' (Feature Level 11_0)
[2018.01.27-09.45.54:898][  0]LogD3D11RHI:       112/0/2048 MB DedicatedVideo/DedicatedSystem/SharedSystem, Outputs:0, VendorId:0x8086
[2018.01.27-09.45.54:932][  0]LogD3D11RHI:    2. 'Microsoft Basic Render Driver' (Feature Level 11_0)
[2018.01.27-09.45.54:932][  0]LogD3D11RHI:       0/0/4062 MB DedicatedVideo/DedicatedSystem/SharedSystem, Outputs:0, VendorId:0x1414
[2018.01.27-09.45.54:932][  0]LogD3D11RHI: Chosen D3D11 Adapter: 0
[2018.01.27-09.45.54:939][  0]LogD3D11RHI: Creating new Direct3DDevice
[2018.01.27-09.45.54:939][  0]LogD3D11RHI:     GPU DeviceId: 0x1292 (for the marketing name, search the web for "GPU Device Id")
[2018.01.27-09.45.54:939][  0]LogWindows: EnumDisplayDevices:
[2018.01.27-09.45.54:939][  0]LogWindows:    0. 'Intel(R) HD Graphics 4600' (P:1 D:1)
[2018.01.27-09.45.54:939][  0]LogWindows:    1. 'Intel(R) HD Graphics 4600' (P:0 D:0)
[2018.01.27-09.45.54:940][  0]LogWindows:    2. 'Intel(R) HD Graphics 4600' (P:0 D:0)
[2018.01.27-09.45.54:940][  0]LogWindows: DebugString: GetVideoDriverDetailsInvalid PrimaryIsNotTheChoosenAdapter GetVideoDriverDetailsInvalid PrimaryIsNotTheChoosenAdapter GetVideoDriverDetailsInvalid PrimaryIsNotTheChoosenAdapter FoundDriverCount:0 
[2018.01.27-09.45.54:940][  0]LogD3D11RHI:     Adapter Name: NVIDIA GeForce GT 740M
[2018.01.27-09.45.54:940][  0]LogD3D11RHI:   Driver Version: Unknown (internal:Unknown, unified:Unknown)
[2018.01.27-09.45.54:940][  0]LogD3D11RHI:      Driver Date: Unknown
[2018.01.27-09.45.54:940][  0]LogRHI: Texture pool is 1414 MB (70% of 2020 MB)
[2018.01.27-09.45.54:980][  0]LogD3D11RHI: Async texture creation enabled
[2018.01.27-09.45.54:996][  0]LogD3D11RHI: GPU Timing Frequency: 1000.000000 (Debug: 2 1)
[2018.01.27-09.45.54:997][  0]LogShaderCompilers: Guid format shader working directory is -20 characters bigger than the processId version (../../../../../../Users/Domenico/Desktop/GGJ2018/GGJ2018/TRANSmission/Intermediate/Shaders/WorkingDirectory/2920/).
[2018.01.27-09.45.54:998][  0]LogShaderCompilers: Cleaned the shader compiler working directory 'C:/Users/Domenico/AppData/Local/Temp/UnrealShaderWorkingDir/94DA28414B3B301DCD057A8B9115307D/'.
[2018.01.27-09.45.54:998][  0]LogShaderCompilers: Display: Using Local Shader Compiler.
[2018.01.27-09.45.57:113][  0]LogTemp: Display: Loaded TP AllDesktopTargetPlatform
[2018.01.27-09.45.57:204][  0]LogTemp: Display: Loaded TP MacClientTargetPlatform
[2018.01.27-09.45.57:288][  0]LogTemp: Display: Loaded TP MacNoEditorTargetPlatform
[2018.01.27-09.45.57:363][  0]LogTemp: Display: Loaded TP MacServerTargetPlatform
[2018.01.27-09.45.57:462][  0]LogTemp: Display: Loaded TP MacTargetPlatform
[2018.01.27-09.45.57:560][  0]LogTemp: Display: Loaded TP WindowsClientTargetPlatform
[2018.01.27-09.45.57:637][  0]LogTemp: Display: Loaded TP WindowsNoEditorTargetPlatform
[2018.01.27-09.45.57:706][  0]LogTemp: Display: Loaded TP WindowsServerTargetPlatform
[2018.01.27-09.45.57:785][  0]LogTemp: Display: Loaded TP WindowsTargetPlatform
[2018.01.27-09.45.57:866][  0]LogTemp: Display: Loaded TP Android_ASTCTargetPlatform
[2018.01.27-09.45.57:936][  0]LogTemp: Display: Loaded TP Android_ATCTargetPlatform
[2018.01.27-09.45.58:011][  0]LogTemp: Display: Loaded TP Android_DXTTargetPlatform
[2018.01.27-09.45.58:087][  0]LogTemp: Display: Loaded TP Android_ETC1TargetPlatform
[2018.01.27-09.45.58:170][  0]LogTemp: Display: Loaded TP Android_ETC2TargetPlatform
[2018.01.27-09.45.58:326][  0]LogTemp: Display: Loaded TP Android_MultiTargetPlatform
[2018.01.27-09.45.58:326][  0]LogTemp: Display: Loaded TP Android_PVRTCTargetPlatform
[2018.01.27-09.45.58:444][  0]LogTemp: Display: Loaded TP AndroidTargetPlatform
[2018.01.27-09.45.58:516][  0]LogTemp: Display: Loaded TP HTML5TargetPlatform
[2018.01.27-09.45.58:668][  0]LogTemp: Display: Loaded TP IOSTargetPlatform
[2018.01.27-09.45.58:705][  0]LogTemp: Display: Loaded TP TVOSTargetPlatform
[2018.01.27-09.45.58:780][  0]LogTemp: Display: Loaded TP LinuxClientTargetPlatform
[2018.01.27-09.45.58:847][  0]LogTemp: Display: Loaded TP LinuxNoEditorTargetPlatform
[2018.01.27-09.45.58:919][  0]LogTemp: Display: Loaded TP LinuxServerTargetPlatform
[2018.01.27-09.45.59:012][  0]LogTemp: Display: Loaded TP LinuxTargetPlatform
[2018.01.27-09.45.59:012][  0]LogTargetPlatformManager: Display: Building Assets For Windows
[2018.01.27-09.46.00:269][  0]LogDerivedDataCache: Display: Max Cache Size: 512 MB
[2018.01.27-09.46.01:312][  0]LogDerivedDataCache: Loaded boot cache 1.04s 79MB C:/Users/Domenico/AppData/Local/UnrealEngine/4.18/DerivedDataCache/Boot.ddc.
[2018.01.27-09.46.01:312][  0]LogDerivedDataCache: Display: Loaded Boot cache: C:/Users/Domenico/AppData/Local/UnrealEngine/4.18/DerivedDataCache/Boot.ddc
[2018.01.27-09.46.01:312][  0]LogDerivedDataCache: FDerivedDataBackendGraph:  Pak pak cache file ../../../../../../Users/Domenico/Desktop/GGJ2018/GGJ2018/TRANSmission/DerivedDataCache/DDC.ddp not found, will not use a pak cache.
[2018.01.27-09.46.01:313][  0]LogDerivedDataCache: Unable to find inner node Pak for hierarchical cache Hierarchy.
[2018.01.27-09.46.01:313][  0]LogDerivedDataCache: FDerivedDataBackendGraph:  CompressedPak pak cache file ../../../../../../Users/Domenico/Desktop/GGJ2018/GGJ2018/TRANSmission/DerivedDataCache/Compressed.ddp not found, will not use a pak cache.
[2018.01.27-09.46.01:313][  0]LogDerivedDataCache: Unable to find inner node CompressedPak for hierarchical cache Hierarchy.
[2018.01.27-09.46.01:336][  0]LogDerivedDataCache: Display: Pak cache opened for reading ../../../Engine/DerivedDataCache/Compressed.ddp.
[2018.01.27-09.46.01:351][  0]LogDerivedDataCache: Using Local data cache path C:/Users/Domenico/AppData/Local/UnrealEngine/Common/DerivedDataCache: Writable
[2018.01.27-09.46.01:366][  0]LogMaterial: Verifying Global Shaders for PCD3D_SM5
[2018.01.27-09.46.01:367][  0]LogSlate: Using Freetype 2.6.0
[2018.01.27-09.46.01:383][  0]LogSlate: SlateFontCache - WITH_FREETYPE: 1, WITH_HARFBUZZ: 1
[2018.01.27-09.46.01:383][  0]LogSlate: SlateFontCache - WITH_FREETYPE: 1, WITH_HARFBUZZ: 1
[2018.01.27-09.46.06:614][  0]LogInit: Selected Device Profile: [Windows]
[2018.01.27-09.46.07:246][  0]LogSimplygon: Simplygon DLL not present - disabling.
[2018.01.27-09.46.07:324][  0]LogMeshReduction: Using SimplygonSwarm for distributed automatic mesh merging
[2018.01.27-09.46.07:324][  0]LogMeshReduction: Using QuadricMeshReduction for automatic static mesh reduction
[2018.01.27-09.46.07:324][  0]LogMeshReduction: No automatic skeletal mesh reduction module available
[2018.01.27-09.46.07:324][  0]LogMeshReduction: No automatic mesh merging module available
[2018.01.27-09.46.07:324][  0]LogMeshMerging: No automatic mesh merging module available
[2018.01.27-09.46.07:358][  0]LogNetVersion: TRANSmission , NetCL: 3709383, EngineNetVer: 2, GameNetVer: 0 (Checksum: 2203146703)
[2018.01.27-09.46.07:583][  0]LogAssetRegistry: FAssetRegistry took 0.0300 seconds to start up
[2018.01.27-09.46.08:897][  0]LogPackageLocalizationCache: Processed 7 localized package path(s) for 1 prioritized culture(s) in 0.103077 seconds
[2018.01.27-09.46.08:967][  0]LogUObjectArray: 35870 objects as part of root set at end of initial load.
[2018.01.27-09.46.08:968][  0]LogUObjectAllocator: 7363696 out of 0 bytes used by permanent object pool.
[2018.01.27-09.46.08:968][  0]LogUObjectArray: CloseDisregardForGC: 0/0 objects in disregard for GC pool
[2018.01.27-09.46.09:069][  0]LogInit: WinSock: version 1.1 (2.2), MaxSocks=32767, MaxUdp=65467
[2018.01.27-09.46.50:047][  0]LogTcpMessaging: Initializing TcpMessaging bridge
[2018.01.27-09.46.50:152][  0]LogUdpMessaging: Initializing bridge on interface 0.0.0.0:0 to multicast group 230.0.0.1:6666.
[2018.01.27-09.46.55:078][  0]LogMaterial: Uniform references updated for custom material expression Custom.
[2018.01.27-09.46.56:699][  0]SourceControl: Source control is disabled
[2018.01.27-09.46.56:749][  0]SourceControl: Source control is disabled
[2018.01.27-09.46.56:964][  0]SourceControl: Source control is disabled
[2018.01.27-09.46.57:098][  0]SourceControl: Source control is disabled
[2018.01.27-09.46.59:862][  0]LogAndroidPermission: UAndroidPermissionCallbackProxy::GetInstance
[2018.01.27-09.47.00:354][  0]LogOcInput: OculusInput pre-init called
[2018.01.27-09.47.01:416][  0]LogEngine: Initializing Engine...
[2018.01.27-09.47.01:437][  0]LogHMD: Failed to initialize OpenVR with code 110
[2018.01.27-09.47.03:205][  0]LogStats: UGameplayTagsManager::ConstructGameplayTagTree: Construct from data asset -  0.000 s
[2018.01.27-09.47.03:205][  0]LogStats: UGameplayTagsManager::ConstructGameplayTagTree: GameplayTagTreeChangedEvent.Broadcast -  0.000 s
[2018.01.27-09.47.03:820][  0]LogAIModule: Creating AISystem for world Untitled
[2018.01.27-09.47.04:364][  0]LogInit: XAudio2 using 'Altoparlanti (Dispositivo High Definition Audio)' : 2 channels at 48 kHz using 16 bits per sample (channel mask 0x3)
[2018.01.27-09.47.05:016][  0]LogInit: FAudioDevice initialized.
[2018.01.27-09.47.05:906][  0]LogDerivedDataCache: Saved boot cache 0.85s 79MB C:/Users/Domenico/AppData/Local/UnrealEngine/4.18/DerivedDataCache/Boot.ddc.
[2018.01.27-09.47.05:934][  0]LogInit: Texture streaming: Enabled
[2018.01.27-09.47.06:317][  0]LogEngineSessionManager: EngineSessionManager initialized
[2018.01.27-09.47.06:972][  0]LogInit: Transaction tracking system initialized
[2018.01.27-09.47.07:626][  0]BlueprintLog: New page: Editor Load
[2018.01.27-09.47.10:343][  0]LocalizationService: Localization service is disabled
[2018.01.27-09.47.13:899][  0]LogConsoleResponse: Display: 
[2018.01.27-09.47.18:528][  0]LogFileCache: Scanning file cache for directory 'C:/Users/Domenico/Desktop/GGJ2018/GGJ2018/TRANSmission/Content/' took 0.02s
[2018.01.27-09.47.18:528][  0]LogCook: Display: Max memory allowance for cook 16384mb min free memory 0mb
[2018.01.27-09.47.18:528][  0]LogCook: Display: Mobile HDR setting 1
[2018.01.27-09.47.18:528][  0]LogGameplayTags: Display: UGameplayTagsManager::DoneAddingNativeTags. DelegateIsBound: 0
[2018.01.27-09.47.23:699][  0]SourceControl: Source control is disabled
[2018.01.27-09.47.23:699][  0]Cmd: MAP LOAD FILE="../../../../../../Users/Domenico/Desktop/GGJ2018/GGJ2018/TRANSmission/Content/ThirdPersonCPP/Maps/ThirdPersonExampleMap.umap" TEMPLATE=0 SHOWPROGRESS=1 FEATURELEVEL=3
[2018.01.27-09.47.23:700][  0]LightingResults: New page: Lighting Build
[2018.01.27-09.47.24:056][  0]MapCheck: New page: Map Check
[2018.01.27-09.47.24:057][  0]LightingResults: New page: Lighting Build
[2018.01.27-09.47.27:058][  0]LogAIModule: Creating AISystem for world ThirdPersonExampleMap
[2018.01.27-09.47.28:803][  0]LogEditorServer: Finished looking for orphan Actors (0.000 secs)
[2018.01.27-09.47.28:928][  0]Cmd: MAP CHECKDEP NOCLEARLOG
[2018.01.27-09.47.28:995][  0]MapCheck: Map check complete: 0 Error(s), 0 Warning(s), took 66.951ms to complete.
[2018.01.27-09.47.28:995][  0]LogFileHelpers: Loading map 'ThirdPersonExampleMap' took 5.295
[2018.01.27-09.47.29:878][  0]LogWindowsTextInputMethodSystem: Display: IME system now deactivated.
[2018.01.27-09.47.30:360][  0]LogCollectionManager: Loaded 0 collections in 0.002481 seconds
[2018.01.27-09.47.31:013][  0]LogFileCache: Scanning file cache for directory 'C:/Users/Domenico/Desktop/GGJ2018/GGJ2018/TRANSmission/Saved/Collections/' took 0.01s
[2018.01.27-09.47.31:013][  0]LogFileCache: Scanning file cache for directory 'C:/Users/Domenico/Desktop/GGJ2018/GGJ2018/TRANSmission/Content/Developers/Domenico/Collections/' took 0.01s
[2018.01.27-09.47.31:013][  0]LogFileCache: Scanning file cache for directory 'C:/Users/Domenico/Desktop/GGJ2018/GGJ2018/TRANSmission/Content/Collections/' took 0.01s
[2018.01.27-09.47.31:013][  0]LogCollectionManager: Rebuilt the GUID cache for 0 collections in 0.000000 seconds
[2018.01.27-09.47.31:051][  0]LogContentBrowser: Native class hierarchy populated in 0.0213 seconds. Added 2366 classes and 521 folders.
[2018.01.27-09.47.31:271][  0]LogContentBrowser: Native class hierarchy updated for 'WidgetCarousel' in 0.0009 seconds. Added 0 classes and 0 folders.
[2018.01.27-09.47.33:157][  0]LogContentBrowser: Native class hierarchy updated for 'AddContentDialog' in 0.0007 seconds. Added 0 classes and 0 folders.
[2018.01.27-09.47.33:343][  0]LogContentBrowser: Native class hierarchy updated for 'SceneOutliner' in 0.0016 seconds. Added 1 classes and 2 folders.
[2018.01.27-09.47.33:538][  0]LogSlate: Took 0.015563 seconds to synchronously load lazily loaded font '../../../Engine/Content/Slate/Fonts/Roboto-Regular.ttf' (155K)
[2018.01.27-09.47.33:562][  0]LogSlate: Took 0.021815 seconds to synchronously load lazily loaded font '../../../Engine/Content/Slate/Fonts/Roboto-Bold.ttf' (160K)
[2018.01.27-09.47.33:672][  0]LogSlate: Took 0.031767 seconds to synchronously load lazily loaded font '../../../Engine/Content/Editor/Slate/Fonts/FontAwesome.ttf' (139K)
[2018.01.27-09.47.35:470][  0]LogRenderer: Reallocating scene render targets to support 856x396 Format 10 NumSamples 1 (Frame:1).
[2018.01.27-09.47.37:157][  0]LogContentBrowser: Native class hierarchy updated for 'HierarchicalLODOutliner' in 0.0009 seconds. Added 1 classes and 2 folders.
[2018.01.27-09.47.37:157][  0]LogLoad: (Engine Initialization) Total time: 108.35 seconds
[2018.01.27-09.47.37:157][  0]LogLoad: (Engine Initialization) Total Blueprint compile time: 0.00 seconds
[2018.01.27-09.47.37:157][  0]LogExternalProfiler: Found external profiler: VSPerf
[2018.01.27-09.47.37:157][  0]LogExternalProfiler: Using external profiler: VSPerf
[2018.01.27-09.47.37:693][  0]LogContentStreaming: Texture pool size now 1000 MB
[2018.01.27-09.47.38:228][  2]LogAssetRegistry: Asset discovery search completed in 90.6701 seconds
[2018.01.27-09.47.38:275][  2]LogCollectionManager: Rebuilt the object cache for 0 collections in 0.000000 seconds (found 0 objects)
[2018.01.27-09.47.38:276][  2]LogCollectionManager: Fixed up redirectors for 0 collections in 0.027696 seconds (updated 0 objects)
[2018.01.27-09.47.42:095][289]LogSlate: Took 0.012071 seconds to synchronously load lazily loaded font '../../../Engine/Content/Slate/Fonts/Roboto-Light.ttf' (159K)
[2018.01.27-09.47.44:482][453]LogSlate: Took 0.000225 seconds to synchronously load lazily loaded font '../../../Engine/Content/Slate/Fonts/Roboto-Light.ttf' (159K)
[2018.01.27-09.47.59:982][ 58]Cmd: OBJ SAVEPACKAGE PACKAGE="/Game/Gameplay/Vibration/BP_Vibrator" FILE="../../../../../../Users/Domenico/Desktop/GGJ2018/GGJ2018/TRANSmission/Content/Gameplay/Vibration/BP_Vibrator.uasset" SILENT=true
[2018.01.27-09.48.00:057][ 58]LogSavePackage: Save=68.84ms
[2018.01.27-09.48.00:057][ 58]LogSavePackage: Moving '../../../../../../Users/Domenico/Desktop/GGJ2018/GGJ2018/TRANSmission/Saved/BP_Vibrator1EBD61A247354AA460D57389691DB455.tmp' to '../../../../../../Users/Domenico/Desktop/GGJ2018/GGJ2018/TRANSmission/Content/Gameplay/Vibration/BP_Vibrator.uasset'
[2018.01.27-09.48.00:064][ 58]LogSavePackage: Display: Finished SavePackage ../../../../../../Users/Domenico/Desktop/GGJ2018/GGJ2018/TRANSmission/Content/Gameplay/Vibration/BP_Vibrator.uasset
[2018.01.27-09.48.01:353][ 98]LogSlate: Took 0.000225 seconds to synchronously load lazily loaded font '../../../Engine/Content/Slate/Fonts/Roboto-Regular.ttf' (155K)
[2018.01.27-09.48.01:980][ 98]LogContentBrowser: Native class hierarchy updated for 'BlueprintGraph' in 0.0121 seconds. Added 116 classes and 0 folders.
[2018.01.27-09.48.03:786][ 98]LogMaterial: Missing cached shader map for material GridMaterial, compiling. 
[2018.01.27-09.48.04:817][ 98]LogMaterial: Missing cached shader map for material PersonaFloorMat, compiling. 
[2018.01.27-09.48.21:008][770]LogRenderer: Reallocating scene render targets to support 856x400 Format 10 NumSamples 1 (Frame:168).
[2018.01.27-09.48.21:073][770]LogRenderer: Reallocating scene render targets to support 856x412 Format 10 NumSamples 1 (Frame:169).
[2018.01.27-09.48.21:141][770]LogRenderer: Reallocating scene render targets to support 856x420 Format 10 NumSamples 1 (Frame:170).
[2018.01.27-09.48.21:206][770]LogRenderer: Reallocating scene render targets to support 856x428 Format 10 NumSamples 1 (Frame:171).
[2018.01.27-09.48.21:265][770]LogRenderer: Reallocating scene render targets to support 856x432 Format 10 NumSamples 1 (Frame:172).
[2018.01.27-09.48.43:390][503]LogSlate: Took 0.000316 seconds to synchronously load lazily loaded font '../../../Engine/Content/Slate/Fonts/Roboto-Light.ttf' (159K)
[2018.01.27-09.57.19:263][453]LogTabManager: Warning: Cannot spawn tab because no spawner is registered for 'CompilerResults'
[2018.01.27-09.57.25:095][823]LogVSAccessor: Warning: Couldn't access Visual Studio
[2018.01.27-09.57.25:195][823]Candidate modules for hot reload:
[2018.01.27-09.57.25:195][823]  TRANSmission
[2018.01.27-09.57.25:209][823]Launching UnrealBuildTool... [C:/Program Files/Epic Games/UE_4.18/Engine/Binaries/DotNET/UnrealBuildTool.exe TRANSmission -ModuleWithSuffix TRANSmission 9401 Win64 Development -editorrecompile -canskiplink "C:/Users/Domenico/Desktop/GGJ2018/GGJ2018/TRANSmission/TRANSmission.uproject" ]
[2018.01.27-09.57.25:570][823]Warning: Starting HotReload took  0.7s.
[2018.01.27-09.57.49:626][122]LogFileHelpers: Editor autosave (incl. sublevels) for '/Game/ThirdPersonCPP/Maps/ThirdPersonExampleMap' took 0.045
[2018.01.27-09.57.49:719][122]OBJ SavePackage: Generating thumbnails for [0] asset(s) in package [/Game/Gameplay/Vibration/BP_Vibrator] ([1] browsable assets)...
[2018.01.27-09.57.49:739][122]OBJ SavePackage: Finished generating thumbnails for package [/Game/Gameplay/Vibration/BP_Vibrator]
[2018.01.27-09.57.49:801][122]LogSavePackage: Save=17.16ms
[2018.01.27-09.57.49:802][122]LogSavePackage: Moving '../../../../../../Users/Domenico/Desktop/GGJ2018/GGJ2018/TRANSmission/Saved/BP_Vibrator_Auto16F3FEBDE43475D447E21CDB5A8D04D89.tmp' to '../../../../../../Users/Domenico/Desktop/GGJ2018/GGJ2018/TRANSmission/Saved/Autosaves/Game/Gameplay/Vibration/BP_Vibrator_Auto1.uasset'
[2018.01.27-09.57.49:809][122]LogSavePackage: Display: Finished SavePackage ../../../../../../Users/Domenico/Desktop/GGJ2018/GGJ2018/TRANSmission/Saved/Autosaves/Game/Gameplay/Vibration/BP_Vibrator_Auto1.uasset
[2018.01.27-09.57.49:815][122]OBJ SavePackage: Generating thumbnails for [0] asset(s) in package [/Game/Gameplay/Vibration/DotVibrationCurve] ([1] browsable assets)...
[2018.01.27-09.57.49:815][122]OBJ SavePackage: Finished generating thumbnails for package [/Game/Gameplay/Vibration/DotVibrationCurve]
[2018.01.27-09.57.49:830][122]LogSavePackage: Save=7.46ms
[2018.01.27-09.57.49:830][122]LogSavePackage: Moving '../../../../../../Users/Domenico/Desktop/GGJ2018/GGJ2018/TRANSmission/Saved/DotVibrationCurve_Auto103CB767B4AA3CC0CA451888EE0C4CC63.tmp' to '../../../../../../Users/Domenico/Desktop/GGJ2018/GGJ2018/TRANSmission/Saved/Autosaves/Game/Gameplay/Vibration/DotVibrationCurve_Auto1.uasset'
[2018.01.27-09.57.49:839][122]LogSavePackage: Display: Finished SavePackage ../../../../../../Users/Domenico/Desktop/GGJ2018/GGJ2018/TRANSmission/Saved/Autosaves/Game/Gameplay/Vibration/DotVibrationCurve_Auto1.uasset
[2018.01.27-09.57.49:844][122]OBJ SavePackage: Generating thumbnails for [0] asset(s) in package [/Game/Gameplay/Vibration/DashVibrationCurve] ([1] browsable assets)...
[2018.01.27-09.57.49:844][122]OBJ SavePackage: Finished generating thumbnails for package [/Game/Gameplay/Vibration/DashVibrationCurve]
[2018.01.27-09.57.49:857][122]LogSavePackage: Save=5.19ms
[2018.01.27-09.57.49:857][122]LogSavePackage: Moving '../../../../../../Users/Domenico/Desktop/GGJ2018/GGJ2018/TRANSmission/Saved/DashVibrationCurve_Auto1CE26F1C242B987B66A7BA4BBD3A9DFE7.tmp' to '../../../../../../Users/Domenico/Desktop/GGJ2018/GGJ2018/TRANSmission/Saved/Autosaves/Game/Gameplay/Vibration/DashVibrationCurve_Auto1.uasset'
[2018.01.27-09.57.49:885][122]LogSavePackage: Display: Finished SavePackage ../../../../../../Users/Domenico/Desktop/GGJ2018/GGJ2018/TRANSmission/Saved/Autosaves/Game/Gameplay/Vibration/DashVibrationCurve_Auto1.uasset
[2018.01.27-09.57.49:885][122]LogFileHelpers: Auto-saving content packages took 0.257
[2018.01.27-09.59.00:732][782]CompilerResultsLog: New page: Compilation - Jan 27, 2018, 11:59:00 AM
[2018.01.27-09.59.00:745][782]CompilerResultsLog: Using 'git status' to determine working set for adaptive non-unity build.
[2018.01.27-09.59.00:745][782]CompilerResultsLog: Creating makefile for hot reloading TRANSmission (modules to compile have changed)
[2018.01.27-09.59.00:745][782]CompilerResultsLog: Compiling game modules for hot reload
[2018.01.27-09.59.00:745][782]CompilerResultsLog: Parsing headers for TRANSmissionEditor
[2018.01.27-09.59.00:746][782]CompilerResultsLog:   Running UnrealHeaderTool "C:\Users\Domenico\Desktop\GGJ2018\GGJ2018\TRANSmission\TRANSmission.uproject" "C:\Users\Domenico\Desktop\GGJ2018\GGJ2018\TRANSmission\Intermediate\Build\Win64\TRANSmissionEditor\Development\TRANSmissionEditor.uhtmanifest" -LogCmds="loginit warning, logexit warning, logdatabase error" -Unattended -WarningsAsErrors -installed
[2018.01.27-09.59.00:759][782]LogMainFrame: MainFrame: Module compiling took 95.659 seconds
[2018.01.27-09.59.00:760][782]Warning: HotReload failed, recompile failed
